APPLICATION	CarMaker 14.0.1 - Car_Generic #5 (win64-14.0.1)
COMPILED	jetbrains@05dcd26e64f8 2025-01-28 11:06:46
 
		I/O Configuration: default
SIM_START	day1_scenario1	2025-05-09 12:07:19
TIME	0.000
SIMULATE	day1_scenario1

TIME	29.801
SIM_END		day1_scenario1	29.801s	495.342m
APPLICATION	CarMaker 14.0.1 - Car_Generic #5 (win64-14.0.1)
COMPILED	jetbrains@05dcd26e64f8 2025-01-28 11:06:46
 
		I/O Configuration: default
SIM_START	day1_scenario1	2025-05-09 12:07:45
TIME	0.000
SIMULATE	day1_scenario1

TIME	29.801
SIM_END		day1_scenario1	29.801s	495.342m
APPLICATION	CarMaker 14.0.1 - Car_Generic #5 (win64-14.0.1)
COMPILED	jetbrains@05dcd26e64f8 2025-01-28 11:06:46
 
		I/O Configuration: default
SIM_START	day1_scenario1	2025-05-09 12:09:23
TIME	0.000
SIMULATE	day1_scenario1

TIME	29.801
SIM_END		day1_scenario1	29.801s	495.342m
APPLICATION	CarMaker 14.0.1 - Car_Generic #5 (win64-14.0.1)
COMPILED	jetbrains@05dcd26e64f8 2025-01-28 11:06:46
 
		I/O Configuration: default
SIM_START	day1_scenario1	2025-05-09 12:09:45
TIME	0.000
SIMULATE	day1_scenario1

TIME	29.801
SIM_END		day1_scenario1	29.801s	495.342m
APPLICATION	CarMaker 14.0.1 - Car_Generic #5 (win64-14.0.1)
COMPILED	jetbrains@05dcd26e64f8 2025-01-28 11:06:46
 
		I/O Configuration: default
SIM_START	day1_scenario1	2025-05-09 12:10:27
TIME	0.000
SIMULATE	day1_scenario1

TIME	29.801
SIM_END		day1_scenario1	29.801s	495.342m
APPLICATION	CarMaker 14.0.1 - Car_Generic #5 (win64-14.0.1)
COMPILED	jetbrains@05dcd26e64f8 2025-01-28 11:06:46
 
		I/O Configuration: default
SIM_START	day1_scenario1	2025-05-09 12:13:29
TIME	0.000
SIMULATE	day1_scenario1

TIME	29.801
SIM_END		day1_scenario1	29.801s	495.342m
APPLICATION	CarMaker 14.0.1 - Car_Generic #5 (win64-14.0.1)
COMPILED	jetbrains@05dcd26e64f8 2025-01-28 11:06:46
 
		I/O Configuration: default
SIM_START	day1_scenario1	2025-05-09 15:27:01
TIME	0.000
SIMULATE	day1_scenario1

TIME	29.801
SIM_END		day1_scenario1	29.801s	495.342m
APPLICATION	CarMaker 14.0.1 - Car_Generic #5 (win64-14.0.1)
COMPILED	jetbrains@05dcd26e64f8 2025-01-28 11:06:46
 
		I/O Configuration: default
SIM_START	day1_scenario1	2025-05-09 15:27:37
TIME	0.000
SIMULATE	day1_scenario1

TIME	29.801
SIM_END		day1_scenario1	29.801s	495.342m
APPLICATION	CarMaker 14.0.1 - Car_Generic #5 (win64-14.0.1)
COMPILED	jetbrains@05dcd26e64f8 2025-01-28 11:06:46
 
		I/O Configuration: default
SIM_START	day1_scenario1	2025-05-09 15:29:47
TIME	0.000
SIMULATE	day1_scenario1

TIME	29.801
SIM_END		day1_scenario1	29.801s	495.342m
APPLICATION	CarMaker 14.0.1 - Car_Generic #5 (win64-14.0.1)
COMPILED	jetbrains@05dcd26e64f8 2025-01-28 11:06:46
 
		I/O Configuration: default
SIM_START	day1_scenario1	2025-05-09 15:29:54
TIME	0.000
SIMULATE	day1_scenario1

TIME	29.801
SIM_END		day1_scenario1	29.801s	495.342m
APPLICATION	CarMaker 14.0.1 - Car_Generic #5 (win64-14.0.1)
COMPILED	jetbrains@05dcd26e64f8 2025-01-28 11:06:46
 
		I/O Configuration: default
SIM_START	day1_scenario1	2025-05-09 15:29:59
TIME	0.000
SIMULATE	day1_scenario1

TIME	29.801
SIM_END		day1_scenario1	29.801s	495.342m
APPLICATION	CarMaker 14.0.1 - Car_Generic #5 (win64-14.0.1)
COMPILED	jetbrains@05dcd26e64f8 2025-01-28 11:06:46
 
		I/O Configuration: default
SIM_START	day1_scenario1	2025-05-09 15:30:04
TIME	0.000
SIMULATE	day1_scenario1

TIME	29.801
SIM_END		day1_scenario1	29.801s	495.342m
APPLICATION	CarMaker 14.0.1 - Car_Generic #5 (win64-14.0.1)
COMPILED	jetbrains@05dcd26e64f8 2025-01-28 11:06:46
 
		I/O Configuration: default
SIM_START	day1_scenario1	2025-05-09 15:30:09
TIME	0.000
SIMULATE	day1_scenario1

TIME	29.801
SIM_END		day1_scenario1	29.801s	495.342m
APPLICATION	CarMaker 14.0.1 - Car_Generic #5 (win64-14.0.1)
COMPILED	jetbrains@05dcd26e64f8 2025-01-28 11:06:46
 
		I/O Configuration: default
SIM_START	day1_scenario1	2025-05-09 15:39:26
TIME	0.000
SIMULATE	day1_scenario1

TIME	29.801
SIM_END		day1_scenario1	29.801s	495.342m
APPLICATION	CarMaker 14.0.1 - Car_Generic #5 (win64-14.0.1)
COMPILED	jetbrains@05dcd26e64f8 2025-01-28 11:06:46
 
		I/O Configuration: default
SIM_START	day1_scenario1	2025-05-09 15:40:26
TIME	0.000
SIMULATE	day1_scenario1

TIME	28.174
SIM_END		day1_scenario1	28.174s	495.341m
APPLICATION	CarMaker 14.0.1 - Car_Generic #5 (win64-14.0.1)
COMPILED	jetbrains@05dcd26e64f8 2025-01-28 11:06:46
 
		I/O Configuration: default
SIM_START	day1_scenario1	2025-05-09 15:42:15
TIME	0.000
SIMULATE	day1_scenario1

TIME	28.174
SIM_END		day1_scenario1	28.174s	495.341m
APPLICATION	CarMaker 14.0.1 - Car_Generic #5 (win64-14.0.1)
COMPILED	jetbrains@05dcd26e64f8 2025-01-28 11:06:46
 
		I/O Configuration: default
SIM_START	day1_scenario1	2025-05-09 15:43:48
TIME	0.000
SIMULATE	day1_scenario1

TIME	28.174
SIM_END		day1_scenario1	28.174s	495.341m
APPLICATION	CarMaker 14.0.1 - Car_Generic #5 (win64-14.0.1)
COMPILED	jetbrains@05dcd26e64f8 2025-01-28 11:06:46
 
		I/O Configuration: default
SIM_START	day1_scenario1	2025-05-09 15:44:07
TIME	0.000
SIMULATE	day1_scenario1

TIME	28.174
SIM_END		day1_scenario1	28.174s	495.341m
APPLICATION	CarMaker 14.0.1 - Car_Generic #5 (win64-14.0.1)
COMPILED	jetbrains@05dcd26e64f8 2025-01-28 11:06:46
 
		I/O Configuration: default
SIM_START	day1_scenario1	2025-05-09 15:44:30
TIME	0.000
SIMULATE	day1_scenario1

TIME	28.174
SIM_END		day1_scenario1	28.174s	495.341m
APPLICATION	CarMaker 14.0.1 - Car_Generic #5 (win64-14.0.1)
COMPILED	jetbrains@05dcd26e64f8 2025-01-28 11:06:46
 
		I/O Configuration: default
SIM_START	day1_scenario1	2025-05-09 15:58:57
TIME	0.000
SIMULATE	day1_scenario1

TIME	28.174
SIM_END		day1_scenario1	28.174s	495.341m
APPLICATION	CarMaker 14.0.1 - Car_Generic #5 (win64-14.0.1)
COMPILED	jetbrains@05dcd26e64f8 2025-01-28 11:06:46
 
		I/O Configuration: default
SIM_START	day1_scenario1	2025-05-09 15:59:31
TIME	0.000
SIMULATE	day1_scenario1

TIME	28.174
SIM_END		day1_scenario1	28.174s	495.341m
APPLICATION	CarMaker 14.0.1 - Car_Generic #5 (win64-14.0.1)
COMPILED	jetbrains@05dcd26e64f8 2025-01-28 11:06:46
 
		I/O Configuration: default
SIM_START	day1_scenario1	2025-05-09 16:00:12
TIME	0.000
SIMULATE	day1_scenario1

TIME	28.174
SIM_END		day1_scenario1	28.174s	495.341m
APPLICATION	CarMaker 14.0.1 - Car_Generic #5 (win64-14.0.1)
COMPILED	jetbrains@05dcd26e64f8 2025-01-28 11:06:46
 
		I/O Configuration: default
SIM_START	day1_scenario1	2025-05-09 16:00:57
TIME	0.000
SIMULATE	day1_scenario1

TIME	28.174
SIM_END		day1_scenario1	28.174s	495.341m
APPLICATION	CarMaker 14.0.1 - Car_Generic #5 (win64-14.0.1)
COMPILED	jetbrains@05dcd26e64f8 2025-01-28 11:06:46
 
		I/O Configuration: default
SIM_START	day1_scenario1	2025-05-09 16:01:34
TIME	0.000
SIMULATE	day1_scenario1

TIME	28.174
SIM_END		day1_scenario1	28.174s	495.341m
APPLICATION	CarMaker 14.0.1 - Car_Generic #5 (win64-14.0.1)
COMPILED	jetbrains@05dcd26e64f8 2025-01-28 11:06:46
 
		I/O Configuration: default
SIM_START	day1_scenario1	2025-05-09 16:03:49
TIME	0.000
SIMULATE	day1_scenario1

TIME	28.174
SIM_END		day1_scenario1	28.174s	495.341m
APPLICATION	CarMaker 14.0.1 - Car_Generic #5 (win64-14.0.1)
COMPILED	jetbrains@05dcd26e64f8 2025-01-28 11:06:46
 
		I/O Configuration: default
SIM_START	day1_scenario1	2025-05-09 16:04:00
TIME	0.000
SIMULATE	day1_scenario1

TIME	28.174
SIM_END		day1_scenario1	28.174s	495.341m
APPLICATION	CarMaker 14.0.1 - Car_Generic #5 (win64-14.0.1)
COMPILED	jetbrains@05dcd26e64f8 2025-01-28 11:06:46
 
		I/O Configuration: default
SIM_START	day1_scenario1	2025-05-09 16:04:10
TIME	0.000
SIMULATE	day1_scenario1

TIME	28.174
SIM_END		day1_scenario1	28.174s	495.341m
APPLICATION	CarMaker 14.0.1 - Car_Generic #5 (win64-14.0.1)
COMPILED	jetbrains@05dcd26e64f8 2025-01-28 11:06:46
 
		I/O Configuration: default
SIM_START	day1_scenario1	2025-05-09 16:08:24
TIME	0.000
SIMULATE	day1_scenario1

TIME	28.174
SIM_END		day1_scenario1	28.174s	495.341m
APPLICATION	CarMaker 14.0.1 - Car_Generic #5 (win64-14.0.1)
COMPILED	jetbrains@05dcd26e64f8 2025-01-28 11:06:46
 
		I/O Configuration: default
SIM_START	day1_scenario1	2025-05-09 16:08:35
TIME	0.000
SIMULATE	day1_scenario1

TIME	28.174
SIM_END		day1_scenario1	28.174s	495.341m
APPLICATION	CarMaker 14.0.1 - Car_Generic #5 (win64-14.0.1)
COMPILED	jetbrains@05dcd26e64f8 2025-01-28 11:06:46
 
		I/O Configuration: default
SIM_START	day1_scenario1	2025-05-09 16:08:49
TIME	0.000
SIMULATE	day1_scenario1

TIME	28.174
SIM_END		day1_scenario1	28.174s	495.341m
APPLICATION	CarMaker 14.0.1 - Car_Generic #5 (win64-14.0.1)
COMPILED	jetbrains@05dcd26e64f8 2025-01-28 11:06:46
 
		I/O Configuration: default
SIM_START	day1_scenario1	2025-05-09 16:08:58
TIME	0.000
SIMULATE	day1_scenario1

TIME	28.174
SIM_END		day1_scenario1	28.174s	495.341m
APPLICATION	CarMaker 14.0.1 - Car_Generic #5 (win64-14.0.1)
COMPILED	jetbrains@05dcd26e64f8 2025-01-28 11:06:46
 
		I/O Configuration: default
SIM_START	day1_scenario1	2025-05-09 16:09:43
TIME	0.000
SIMULATE	day1_scenario1

TIME	28.174
SIM_END		day1_scenario1	28.174s	495.341m
APPLICATION	CarMaker 14.0.1 - Car_Generic #5 (win64-14.0.1)
COMPILED	jetbrains@05dcd26e64f8 2025-01-28 11:06:46
 
		I/O Configuration: default
SIM_START	day1_scenario1	2025-05-09 16:10:27
TIME	0.000
SIMULATE	day1_scenario1

TIME	28.174
SIM_END		day1_scenario1	28.174s	495.341m
APPLICATION	CarMaker 14.0.1 - Car_Generic #5 (win64-14.0.1)
COMPILED	jetbrains@05dcd26e64f8 2025-01-28 11:06:46
 
		I/O Configuration: default
SIM_START	day1_scenario1	2025-05-09 16:10:51
TIME	0.000
SIMULATE	day1_scenario1

TIME	28.174
SIM_END		day1_scenario1	28.174s	495.341m
APPLICATION	CarMaker 14.0.1 - Car_Generic #5 (win64-14.0.1)
COMPILED	jetbrains@05dcd26e64f8 2025-01-28 11:06:46
 
		I/O Configuration: default
SIM_START	day1_scenario1	2025-05-09 16:11:01
TIME	0.000
SIMULATE	day1_scenario1

TIME	28.174
SIM_END		day1_scenario1	28.174s	495.341m
APPLICATION	CarMaker 14.0.1 - Car_Generic #5 (win64-14.0.1)
COMPILED	jetbrains@05dcd26e64f8 2025-01-28 11:06:46
 
		I/O Configuration: default
SIM_START	day1_scenario1	2025-05-09 16:11:14
TIME	0.000
SIMULATE	day1_scenario1

TIME	28.174
SIM_END		day1_scenario1	28.174s	495.341m
APPLICATION	CarMaker 14.0.1 - Car_Generic #5 (win64-14.0.1)
COMPILED	jetbrains@05dcd26e64f8 2025-01-28 11:06:46
 
		I/O Configuration: default
SIM_START	day1_scenario1	2025-05-09 16:11:38
TIME	0.000
SIMULATE	day1_scenario1

TIME	28.174
SIM_END		day1_scenario1	28.174s	495.341m
APPLICATION	CarMaker 14.0.1 - Car_Generic #5 (win64-14.0.1)
COMPILED	jetbrains@05dcd26e64f8 2025-01-28 11:06:46
 
		I/O Configuration: default
SIM_START	day1_scenario1	2025-05-09 16:11:48
TIME	0.000
SIMULATE	day1_scenario1

TIME	28.174
SIM_END		day1_scenario1	28.174s	495.341m
APPLICATION	CarMaker 14.0.1 - Car_Generic #5 (win64-14.0.1)
COMPILED	jetbrains@05dcd26e64f8 2025-01-28 11:06:46
 
		I/O Configuration: default
SIM_START	day1_scenario1	2025-05-09 16:12:15
TIME	0.000
SIMULATE	day1_scenario1

TIME	28.174
SIM_END		day1_scenario1	28.174s	495.341m
APPLICATION	CarMaker 14.0.1 - Car_Generic #5 (win64-14.0.1)
COMPILED	jetbrains@05dcd26e64f8 2025-01-28 11:06:46
 
		I/O Configuration: default
SIM_START	day1_scenario1	2025-05-09 16:12:47
TIME	0.000
SIMULATE	day1_scenario1

TIME	28.174
SIM_END		day1_scenario1	28.174s	495.341m
APPLICATION	CarMaker 14.0.1 - Car_Generic #5 (win64-14.0.1)
COMPILED	jetbrains@05dcd26e64f8 2025-01-28 11:06:46
 
		I/O Configuration: default
SIM_START	day1_scenario1	2025-05-09 16:12:59
TIME	0.000
SIMULATE	day1_scenario1

TIME	28.174
SIM_END		day1_scenario1	28.174s	495.341m
APPLICATION	CarMaker 14.0.1 - Car_Generic #5 (win64-14.0.1)
COMPILED	jetbrains@05dcd26e64f8 2025-01-28 11:06:46
 
		I/O Configuration: default
SIM_START	day1_scenario1	2025-05-09 16:13:10
TIME	0.000
SIMULATE	day1_scenario1

TIME	28.174
SIM_END		day1_scenario1	28.174s	495.341m
APPLICATION	CarMaker 14.0.1 - Car_Generic #5 (win64-14.0.1)
COMPILED	jetbrains@05dcd26e64f8 2025-01-28 11:06:46
 
		I/O Configuration: default
SIM_START	day1_scenario1	2025-05-09 16:13:57
TIME	0.000
SIMULATE	day1_scenario1

TIME	29.801
SIM_END		day1_scenario1	29.801s	495.342m
APPLICATION	CarMaker 14.0.1 - Car_Generic #5 (win64-14.0.1)
COMPILED	jetbrains@05dcd26e64f8 2025-01-28 11:06:46
 
		I/O Configuration: default
SIM_START	day1_scenario1	2025-05-09 16:19:48
TIME	0.000
SIMULATE	day1_scenario1

TIME	16.223
ERROR		Vehicle leaves road at about x=186.741, y=4.4333 TireNo=0
SIM_ABORT	day1_scenario1	16.226s	183.903m
APPLICATION	CarMaker 14.0.1 - Car_Generic #5 (win64-14.0.1)
COMPILED	jetbrains@05dcd26e64f8 2025-01-28 11:06:46
 
		I/O Configuration: default
SIM_START	day1_scenario1	2025-05-09 16:20:05
TIME	0.000
SIMULATE	day1_scenario1

TIME	16.223
ERROR		Vehicle leaves road at about x=186.741, y=4.4333 TireNo=0
SIM_ABORT	day1_scenario1	16.226s	183.903m
APPLICATION	CarMaker 14.0.1 - Car_Generic #5 (win64-14.0.1)
COMPILED	jetbrains@05dcd26e64f8 2025-01-28 11:06:46
 
		I/O Configuration: default
SIM_START	day1_scenario3	2025-05-09 16:21:51
TIME	0.000
SIMULATE	day1_scenario3

TIME	1130.036
SIM_END		day1_scenario3	1130.03s	31.7082m
APPLICATION	CarMaker 14.0.1 - Car_Generic #5 (win64-14.0.1)
COMPILED	jetbrains@05dcd26e64f8 2025-01-28 11:06:46
 
		I/O Configuration: default
SIM_START	day1_scenario3	2025-05-09 16:22:33
TIME	0.000
SIMULATE	day1_scenario3

TIME	444.405
SIM_END		day1_scenario3	444.402s	31.6872m
APPLICATION	CarMaker 14.0.1 - Car_Generic #5 (win64-14.0.1)
COMPILED	jetbrains@05dcd26e64f8 2025-01-28 11:06:46
 
		I/O Configuration: default
SIM_START	day1_scenario3	2025-05-09 16:24:04
TIME	0.000
SIMULATE	day1_scenario3

TIME	575.000
SIM_END		day1_scenario3	574.997s	34.7946m
APPLICATION	CarMaker 14.0.1 - Car_Generic #5 (win64-14.0.1)
COMPILED	jetbrains@05dcd26e64f8 2025-01-28 11:06:46
 
		I/O Configuration: default
SIM_START	day1_scenario3	2025-05-09 16:25:22
TIME	0.000
SIMULATE	day1_scenario3

TIME	97.263
SIM_END		day1_scenario3	97.26s	27.0636m
APPLICATION	CarMaker 14.0.1 - Car_Generic #5 (win64-14.0.1)
COMPILED	jetbrains@05dcd26e64f8 2025-01-28 11:06:46
 
		I/O Configuration: default
SIM_START	day1_scenario3	2025-05-09 16:26:06
TIME	0.000
SIMULATE	day1_scenario3

TIME	257.669
SIM_END		day1_scenario3	257.666s	78.9173m
APPLICATION	CarMaker 14.0.1 - Car_Generic #5 (win64-14.0.1)
COMPILED	jetbrains@05dcd26e64f8 2025-01-28 11:06:46
 
		I/O Configuration: default
SIM_START	day1_scenario3	2025-05-09 16:26:45
TIME	0.000
SIMULATE	day1_scenario3

TIME	47.837
SIM_END		day1_scenario3	47.837s	301.33m
APPLICATION	CarMaker 14.0.1 - Car_Generic #5 (win64-14.0.1)
COMPILED	jetbrains@05dcd26e64f8 2025-01-28 11:06:46
 
		I/O Configuration: default
SIM_START	day1_scenario3	2025-05-09 16:26:53
TIME	0.000
SIMULATE	day1_scenario3

TIME	47.837
SIM_END		day1_scenario3	47.837s	301.33m
APPLICATION	CarMaker 14.0.1 - Car_Generic #5 (win64-14.0.1)
COMPILED	jetbrains@05dcd26e64f8 2025-01-28 11:06:46
 
		I/O Configuration: default
SIM_START	day1_scenario3	2025-05-09 16:28:23
TIME	0.000
SIMULATE	day1_scenario3

TIME	47.837
SIM_END		day1_scenario3	47.837s	301.33m
APPLICATION	CarMaker 14.0.1 - Car_Generic #5 (win64-14.0.1)
COMPILED	jetbrains@05dcd26e64f8 2025-01-28 11:06:46
 
		I/O Configuration: default
SIM_START	day1_scenario3	2025-05-09 16:28:51
TIME	0.000
SIMULATE	day1_scenario3

TIME	660.019
SIM_END		day1_scenario3	660.016s	72.1271m
APPLICATION	CarMaker 14.0.1 - Car_Generic #5 (win64-14.0.1)
COMPILED	jetbrains@05dcd26e64f8 2025-01-28 11:06:46
 
		I/O Configuration: default
SIM_START	day1_scenario3	2025-05-09 16:29:15
TIME	0.000
SIMULATE	day1_scenario3

TIME	352.966
SIM_END		day1_scenario3	352.963s	72.0914m
APPLICATION	CarMaker 14.0.1 - Car_Generic #5 (win64-14.0.1)
COMPILED	jetbrains@05dcd26e64f8 2025-01-28 11:06:46
 
		I/O Configuration: default
SIM_START	day1_scenario3	2025-05-09 16:29:36
TIME	0.000
SIMULATE	day1_scenario3

TIME	415.844
SIM_END		day1_scenario3	415.841s	72.1013m
APPLICATION	CarMaker 14.0.1 - Car_Generic #5 (win64-14.0.1)
COMPILED	jetbrains@05dcd26e64f8 2025-01-28 11:06:46
 
		I/O Configuration: default
SIM_START	day1_scenario3	2025-05-09 16:30:05
TIME	0.000
SIMULATE	day1_scenario3

TIME	267.342
SIM_END		day1_scenario3	267.339s	216.641m
APPLICATION	CarMaker 14.0.1 - Car_Generic #5 (win64-14.0.1)
COMPILED	jetbrains@05dcd26e64f8 2025-01-28 11:06:46
 
		I/O Configuration: default
SIM_START	day1_scenario3	2025-05-09 16:30:24
TIME	0.000
SIMULATE	day1_scenario3

TIME	47.060
SIM_END		day1_scenario3	47.06s	300.83m
APPLICATION	CarMaker 14.0.1 - Car_Generic #5 (win64-14.0.1)
COMPILED	jetbrains@05dcd26e64f8 2025-01-28 11:06:46
 
		I/O Configuration: default
SIM_START	day1_scenario3	2025-05-09 16:30:39
TIME	0.000
SIMULATE	day1_scenario3

TIME	47.060
SIM_END		day1_scenario3	47.06s	300.83m
APPLICATION	CarMaker 14.0.1 - Car_Generic #5 (win64-14.0.1)
COMPILED	jetbrains@05dcd26e64f8 2025-01-28 11:06:46
 
		I/O Configuration: default
SIM_START	day1_scenario3	2025-05-09 16:32:10
TIME	0.000
SIMULATE	day1_scenario3

TIME	53.850
SIM_END		day1_scenario3	53.85s	303.775m
APPLICATION	CarMaker 14.0.1 - Car_Generic #5 (win64-14.0.1)
COMPILED	jetbrains@05dcd26e64f8 2025-01-28 11:06:46
 
		I/O Configuration: default
SIM_START	day1_scenario3	2025-05-09 16:32:29
TIME	0.000
SIMULATE	day1_scenario3

TIME	56.469
SIM_END		day1_scenario3	56.469s	307.663m
APPLICATION	CarMaker 14.0.1 - Car_Generic #5 (win64-14.0.1)
COMPILED	jetbrains@05dcd26e64f8 2025-01-28 11:06:46
 
		I/O Configuration: default
SIM_START	day1_scenario3	2025-05-09 16:32:47
TIME	0.000
SIMULATE	day1_scenario3

TIME	66.155
SIM_END		day1_scenario3	66.155s	323.046m
APPLICATION	CarMaker 14.0.1 - Car_Generic #5 (win64-14.0.1)
COMPILED	jetbrains@05dcd26e64f8 2025-01-28 11:06:46
 
		I/O Configuration: default
SIM_START	day1_scenario3	2025-05-09 16:33:12
TIME	0.000
SIMULATE	day1_scenario3

TIME	61.971
SIM_END		day1_scenario3	61.971s	300.244m
APPLICATION	CarMaker 14.0.1 - Car_Generic #5 (win64-14.0.1)
COMPILED	jetbrains@05dcd26e64f8 2025-01-28 11:06:46
 
		I/O Configuration: default
SIM_START	day1_scenario3	2025-05-09 16:33:46
TIME	0.000
SIMULATE	day1_scenario3

TIME	61.971
SIM_END		day1_scenario3	61.971s	300.244m
APPLICATION	CarMaker 14.0.1 - Car_Generic #5 (win64-14.0.1)
COMPILED	jetbrains@05dcd26e64f8 2025-01-28 11:06:46
 
		I/O Configuration: default
SIM_START	day1_scenario3	2025-05-09 16:33:58
TIME	0.000
SIMULATE	day1_scenario3

TIME	61.971
SIM_END		day1_scenario3	61.971s	300.244m
APPLICATION	CarMaker 14.0.1 - Car_Generic #5 (win64-14.0.1)
COMPILED	jetbrains@05dcd26e64f8 2025-01-28 11:06:46
 
		I/O Configuration: default
SIM_START	day1_scenario3	2025-05-09 16:34:26
TIME	0.000
SIMULATE	day1_scenario3

TIME	47.804
SIM_END		day1_scenario3	47.804s	312.965m
APPLICATION	CarMaker 14.0.1 - Car_Generic #5 (win64-14.0.1)
COMPILED	jetbrains@05dcd26e64f8 2025-01-28 11:06:46
 
		I/O Configuration: default
SIM_START	day1_scenario3	2025-05-09 16:34:39
TIME	0.000
SIMULATE	day1_scenario3

TIME	46.390
SIM_END		day1_scenario3	46.39s	301.147m
APPLICATION	CarMaker 14.0.1 - Car_Generic #5 (win64-14.0.1)
COMPILED	jetbrains@05dcd26e64f8 2025-01-28 11:06:46
 
		I/O Configuration: default
SIM_START	day1_scenario3	2025-05-09 16:34:50
TIME	0.000
SIMULATE	day1_scenario3

TIME	44.436
SIM_END		day1_scenario3	44.436s	301.433m
APPLICATION	CarMaker 14.0.1 - Car_Generic #5 (win64-14.0.1)
COMPILED	jetbrains@05dcd26e64f8 2025-01-28 11:06:46
 
		I/O Configuration: default
SIM_START	day1_scenario3	2025-05-09 16:35:15
TIME	0.000
SIMULATE	day1_scenario3

TIME	48.263
SIM_END		day1_scenario3	48.263s	299.963m
APPLICATION	CarMaker 14.0.1 - Car_Generic #5 (win64-14.0.1)
COMPILED	jetbrains@05dcd26e64f8 2025-01-28 11:06:46
 
		I/O Configuration: default
SIM_START	day1_scenario3	2025-05-09 16:35:50
TIME	0.000
SIMULATE	day1_scenario3

TIME	49.164
SIM_END		day1_scenario3	49.164s	299.681m
APPLICATION	CarMaker 14.0.1 - Car_Generic #5 (win64-14.0.1)
COMPILED	jetbrains@05dcd26e64f8 2025-01-28 11:06:46
 
		I/O Configuration: default
SIM_START	day1_scenario3	2025-05-09 16:36:02
TIME	0.000
SIMULATE	day1_scenario3

TIME	51.453
SIM_END		day1_scenario3	51.453s	299.035m
APPLICATION	CarMaker 14.0.1 - Car_Generic #5 (win64-14.0.1)
COMPILED	jetbrains@05dcd26e64f8 2025-01-28 11:06:46
 
		I/O Configuration: default
SIM_START	day1_scenario3	2025-05-09 16:36:13
TIME	0.000
SIMULATE	day1_scenario3

TIME	53.736
SIM_END		day1_scenario3	53.736s	298.604m
APPLICATION	CarMaker 14.0.1 - Car_Generic #5 (win64-14.0.1)
COMPILED	jetbrains@05dcd26e64f8 2025-01-28 11:06:46
 
		I/O Configuration: default
SIM_START	day1_scenario3	2025-05-09 16:36:27
TIME	0.000
SIMULATE	day1_scenario3

TIME	54.852
SIM_END		day1_scenario3	54.852s	298.19m
APPLICATION	CarMaker 14.0.1 - Car_Generic #5 (win64-14.0.1)
COMPILED	jetbrains@05dcd26e64f8 2025-01-28 11:06:46
 
		I/O Configuration: default
SIM_START	day1_scenario3	2025-05-09 16:36:39
TIME	0.000
SIMULATE	day1_scenario3

TIME	53.943
SIM_END		day1_scenario3	53.943s	298.25m
APPLICATION	CarMaker 14.0.1 - Car_Generic #5 (win64-14.0.1)
COMPILED	jetbrains@05dcd26e64f8 2025-01-28 11:06:46
 
		I/O Configuration: default
SIM_START	day1_scenario3	2025-05-09 16:36:49
TIME	0.000
SIMULATE	day1_scenario3

TIME	55.871
SIM_END		day1_scenario3	55.871s	297.924m
APPLICATION	CarMaker 14.0.1 - Car_Generic #5 (win64-14.0.1)
COMPILED	jetbrains@05dcd26e64f8 2025-01-28 11:06:46
 
		I/O Configuration: default
SIM_START	day1_scenario3	2025-05-09 16:37:01
TIME	0.000
SIMULATE	day1_scenario3

TIME	50.822
SIM_END		day1_scenario3	50.822s	298.559m
APPLICATION	CarMaker 14.0.1 - Car_Generic #5 (win64-14.0.1)
COMPILED	jetbrains@05dcd26e64f8 2025-01-28 11:06:46
 
		I/O Configuration: default
SIM_START	day1_scenario3	2025-05-09 16:37:11
TIME	0.000
SIMULATE	day1_scenario3

TIME	58.235
SIM_END		day1_scenario3	58.235s	297.777m
APPLICATION	CarMaker 14.0.1 - Car_Generic #5 (win64-14.0.1)
COMPILED	jetbrains@05dcd26e64f8 2025-01-28 11:06:46
 
		I/O Configuration: default
SIM_START	day1_scenario3	2025-05-09 16:37:29
TIME	0.000
SIMULATE	day1_scenario3

TIME	60.134
SIM_END		day1_scenario3	60.134s	297.606m
APPLICATION	CarMaker 14.0.1 - Car_Generic #5 (win64-14.0.1)
COMPILED	jetbrains@05dcd26e64f8 2025-01-28 11:06:46
 
		I/O Configuration: default
SIM_START	day1_scenario3	2025-05-09 16:37:42
TIME	0.000
SIMULATE	day1_scenario3

TIME	272.792
SIM_END		day1_scenario3	272.789s	128.633m
APPLICATION	CarMaker 14.0.1 - Car_Generic #5 (win64-14.0.1)
COMPILED	jetbrains@05dcd26e64f8 2025-01-28 11:06:46
 
		I/O Configuration: default
SIM_START	day1_scenario3	2025-05-09 16:37:59
TIME	0.000
SIMULATE	day1_scenario3

TIME	205.321
SIM_END		day1_scenario3	205.318s	175.15m
APPLICATION	CarMaker 14.0.1 - Car_Generic #5 (win64-14.0.1)
COMPILED	jetbrains@05dcd26e64f8 2025-01-28 11:06:46
 
		I/O Configuration: default
SIM_START	day1_scenario3	2025-05-09 16:38:13
TIME	0.000
SIMULATE	day1_scenario3

TIME	1066.970
SIM_END		day1_scenario3	1066.97s	274.121m
APPLICATION	CarMaker 14.0.1 - Car_Generic #5 (win64-14.0.1)
COMPILED	jetbrains@05dcd26e64f8 2025-01-28 11:06:46
 
		I/O Configuration: default
SIM_START	day1_scenario3	2025-05-09 16:38:53
TIME	0.000
SIMULATE	day1_scenario3

TIME	60.134
SIM_END		day1_scenario3	60.134s	297.606m
APPLICATION	CarMaker 14.0.1 - Car_Generic #5 (win64-14.0.1)
COMPILED	jetbrains@05dcd26e64f8 2025-01-28 11:06:46
 
		I/O Configuration: default
SIM_START	day1_scenario3	2025-05-09 16:39:06
TIME	0.000
SIMULATE	day1_scenario3

TIME	171.412
SIM_END		day1_scenario3	171.409s	274.074m
APPLICATION	CarMaker 14.0.1 - Car_Generic #5 (win64-14.0.1)
COMPILED	jetbrains@05dcd26e64f8 2025-01-28 11:06:46
 
		I/O Configuration: default
SIM_START	day1_scenario3	2025-05-09 16:39:22
TIME	0.000
SIMULATE	day1_scenario3

TIME	178.347
SIM_END		day1_scenario3	178.344s	268.92m
APPLICATION	CarMaker 14.0.1 - Car_Generic #5 (win64-14.0.1)
COMPILED	jetbrains@05dcd26e64f8 2025-01-28 11:06:46
 
		I/O Configuration: default
SIM_START	day1_scenario3	2025-05-09 16:39:35
TIME	0.000
SIMULATE	day1_scenario3

TIME	57.221
SIM_END		day1_scenario3	57.221s	297.609m
