APPLICATION	CarMaker 14.0.1 - Car_Generic #5 (win64-14.0.1)
COMPILED	jetbrains@05dcd26e64f8 2025-01-28 11:06:46
 
		I/O Configuration: default
SIM_START	day4_5_scenario1	2025-05-21 09:38:43
TIME	0.000
SIMULATE	day4_5_scenario1

TIME	46.033
SIM_END		day4_5_scenario1	46.03s	2.89515e-05m
APPLICATION	CarMaker 14.0.1 - Car_Generic #5 (win64-14.0.1)
COMPILED	jetbrains@05dcd26e64f8 2025-01-28 11:06:46
 
		I/O Configuration: default
SIM_START	day4_5_scenario1	2025-05-21 09:40:28
TIME	0.000
SIMULATE	day4_5_scenario1

TIME	29.562
ERROR		Vehicle leaves road at about x=85.4831, y=2.50388 TireNo=0
SIM_ABORT	day4_5_scenario1	29.565s	161.763m
APPLICATION	CarMaker 14.0.1 - Car_Generic #5 (win64-14.0.1)
COMPILED	jetbrains@05dcd26e64f8 2025-01-28 11:06:46
 
		I/O Configuration: default
SIM_START	day4_5_scenario1	2025-05-21 09:42:02
TIME	0.000
SIMULATE	day4_5_scenario1

TIME	19.144
SIM_END		day4_5_scenario1	19.141s	69.3656m
APPLICATION	CarMaker 14.0.1 - Car_Generic #5 (win64-14.0.1)
COMPILED	jetbrains@05dcd26e64f8 2025-01-28 11:06:46
 
		I/O Configuration: default
SIM_START	day4_5_scenario1	2025-05-21 09:42:47
TIME	0.000
SIMULATE	day4_5_scenario1

TIME	29.562
ERROR		Vehicle leaves road at about x=85.4831, y=2.50388 TireNo=0
SIM_ABORT	day4_5_scenario1	29.565s	161.763m
APPLICATION	CarMaker 14.0.1 - Car_Generic #5 (win64-14.0.1)
COMPILED	jetbrains@05dcd26e64f8 2025-01-28 11:06:46
 
		I/O Configuration: default
SIM_START	day4_5_scenario1	2025-05-21 09:44:13
TIME	0.000
SIMULATE	day4_5_scenario1

TIME	29.562
ERROR		Vehicle leaves road at about x=85.4831, y=2.50388 TireNo=0
SIM_ABORT	day4_5_scenario1	29.565s	161.763m
APPLICATION	CarMaker 14.0.1 - Car_Generic #5 (win64-14.0.1)
COMPILED	jetbrains@05dcd26e64f8 2025-01-28 11:06:46
 
		I/O Configuration: default
SIM_START	day4_5_scenario1	2025-05-21 09:45:57
TIME	0.000
SIMULATE	day4_5_scenario1

TIME	16.571
SIM_END		day4_5_scenario1	16.568s	54.4772m
APPLICATION	CarMaker 14.0.1 - Car_Generic #5 (win64-14.0.1)
COMPILED	jetbrains@05dcd26e64f8 2025-01-28 11:06:46
 
		I/O Configuration: default
SIM_START	day4_5_scenario1	2025-05-21 09:49:42
TIME	0.000
SIMULATE	day4_5_scenario1

TIME	4.016
SIM_END		day4_5_scenario1	4.013s	10.9638m
APPLICATION	CarMaker 14.0.1 - Car_Generic #5 (win64-14.0.1)
COMPILED	jetbrains@05dcd26e64f8 2025-01-28 11:06:46
 
		I/O Configuration: default
SIM_START	day4_5_scenario1	2025-05-21 09:50:28
TIME	0.000
SIMULATE	day4_5_scenario1

SIM_END		day4_5_scenario1	1.649s	4.46908m
APPLICATION	CarMaker 14.0.1 - Car_Generic #5 (win64-14.0.1)
COMPILED	jetbrains@05dcd26e64f8 2025-01-28 11:06:46
 
		I/O Configuration: default
SIM_START	day4_5_scenario1	2025-05-21 09:50:57
TIME	0.000
SIMULATE	day4_5_scenario1

TIME	6.568
SIM_END		day4_5_scenario1	6.565s	18.1977m
APPLICATION	CarMaker 14.0.1 - Car_Generic #5 (win64-14.0.1)
COMPILED	jetbrains@05dcd26e64f8 2025-01-28 11:06:46
 
		I/O Configuration: default
SIM_START	day4_5_scenario1	2025-05-21 09:53:28
TIME	0.000
SIMULATE	day4_5_scenario1

TIME	29.562
ERROR		Vehicle leaves road at about x=85.4831, y=2.50388 TireNo=0
SIM_ABORT	day4_5_scenario1	29.565s	161.763m
APPLICATION	CarMaker 14.0.1 - Car_Generic #5 (win64-14.0.1)
COMPILED	jetbrains@05dcd26e64f8 2025-01-28 11:06:46
 
		I/O Configuration: default
SIM_START	day4_5_scenario1	2025-05-21 09:57:04
TIME	0.000
SIMULATE	day4_5_scenario1

TIME	25.122
SIM_END		day4_5_scenario1	25.119s	116.168m
APPLICATION	CarMaker 14.0.1 - Car_Generic #5 (win64-14.0.1)
COMPILED	jetbrains@05dcd26e64f8 2025-01-28 11:06:46
 
		I/O Configuration: default
SIM_START	day4_5_scenario1	2025-05-21 10:02:43
TIME	0.000
SIMULATE	day4_5_scenario1

TIME	29.562
ERROR		Vehicle leaves road at about x=85.4831, y=2.50388 TireNo=0
SIM_ABORT	day4_5_scenario1	29.565s	161.763m
APPLICATION	CarMaker 14.0.1 - Car_Generic #5 (win64-14.0.1)
COMPILED	jetbrains@05dcd26e64f8 2025-01-28 11:06:46
 
		I/O Configuration: default
SIM_START	day4_5_scenario1	2025-05-21 10:04:32
TIME	0.000
SIMULATE	day4_5_scenario1

TIME	28.971
SIM_END		day4_5_scenario1	28.968s	135.617m
APPLICATION	CarMaker 14.0.1 - Car_Generic #5 (win64-14.0.1)
COMPILED	jetbrains@05dcd26e64f8 2025-01-28 11:06:46
 
		I/O Configuration: default
SIM_START	day4_5_scenario1	2025-05-21 10:07:18
TIME	0.000
SIMULATE	day4_5_scenario1

TIME	28.120
SIM_END		day4_5_scenario1	28.117s	140.344m
APPLICATION	CarMaker 14.0.1 - Car_Generic #5 (win64-14.0.1)
COMPILED	jetbrains@05dcd26e64f8 2025-01-28 11:06:46
 
		I/O Configuration: default
SIM_START	day4_5_scenario1	2025-05-21 10:09:49
TIME	0.000
SIMULATE	day4_5_scenario1

TIME	9.856
SIM_END		day4_5_scenario1	9.853s	117.24m
APPLICATION	CarMaker 14.0.1 - Car_Generic #5 (win64-14.0.1)
COMPILED	jetbrains@05dcd26e64f8 2025-01-28 11:06:46
 
		I/O Configuration: default
SIM_START	day4_5_scenario1	2025-05-21 10:11:07
TIME	0.000
SIMULATE	day4_5_scenario1

TIME	4.912
SIM_END		day4_5_scenario1	4.909s	14.29m
APPLICATION	CarMaker 14.0.1 - Car_Generic #5 (win64-14.0.1)
COMPILED	jetbrains@05dcd26e64f8 2025-01-28 11:06:46
 
		I/O Configuration: default
SIM_START	day4_5_scenario1	2025-05-21 10:11:34
TIME	0.000
SIMULATE	day4_5_scenario1

TIME	2.170
SIM_END		day4_5_scenario1	2.167s	5.90357m
APPLICATION	CarMaker 14.0.1 - Car_Generic #5 (win64-14.0.1)
COMPILED	jetbrains@05dcd26e64f8 2025-01-28 11:06:46
 
		I/O Configuration: default
SIM_START	day4_5_scenario1	2025-05-21 10:11:44
TIME	0.000
SIMULATE	day4_5_scenario1

TIME	22.723
ERROR		Vehicle leaves road at about x=79.7194, y=2.50332 TireNo=1
SIM_ABORT	day4_5_scenario1	22.726s	157.091m
APPLICATION	CarMaker 14.0.1 - Car_Generic #5 (win64-14.0.1)
COMPILED	jetbrains@05dcd26e64f8 2025-01-28 11:06:46
 
		I/O Configuration: default
SIM_START	day4_5_scenario1	2025-05-21 10:20:31
TIME	0.000
SIMULATE	day4_5_scenario1

TIME	22.848
ERROR		Vehicle leaves road at about x=90.9725, y=2.50452 TireNo=0
SIM_ABORT	day4_5_scenario1	22.851s	158.77m
APPLICATION	CarMaker 14.0.1 - Car_Generic #5 (win64-14.0.1)
COMPILED	jetbrains@05dcd26e64f8 2025-01-28 11:06:46
 
		I/O Configuration: default
SIM_START	day4_5_scenario1	2025-05-21 10:36:16
TIME	0.000
SIMULATE	day4_5_scenario1

TIME	33.169
SIM_END		day4_5_scenario1	33.166s	159.469m
APPLICATION	CarMaker 14.0.1 - Car_Generic #5 (win64-14.0.1)
COMPILED	jetbrains@05dcd26e64f8 2025-01-28 11:06:46
 
		I/O Configuration: default
SIM_START	day4_5_scenario1	2025-05-21 10:38:03
TIME	0.000
SIMULATE	day4_5_scenario1

TIME	32.749
ERROR		Vehicle leaves road at about x=89.6867, y=2.50071 TireNo=1
SIM_ABORT	day4_5_scenario1	32.752s	162.105m
APPLICATION	CarMaker 14.0.1 - Car_Generic #5 (win64-14.0.1)
COMPILED	jetbrains@05dcd26e64f8 2025-01-28 11:06:46
 
		I/O Configuration: default
SIM_START	day4_5_scenario1	2025-05-21 10:40:25
TIME	0.000
SIMULATE	day4_5_scenario1

TIME	39.915
SIM_END		day4_5_scenario1	39.912s	173.604m
APPLICATION	CarMaker 14.0.1 - Car_Generic #5 (win64-14.0.1)
COMPILED	jetbrains@05dcd26e64f8 2025-01-28 11:06:46
 
		I/O Configuration: default
SIM_START	day4_5_scenario1	2025-05-21 10:43:01
TIME	0.000
SIMULATE	day4_5_scenario1

TIME	3.479
ERROR		Vehicle leaves road at about x=-0.00587956, y=-9.40723 TireNo=0
SIM_ABORT	day4_5_scenario1	3.482s	16.3875m
APPLICATION	CarMaker 14.0.1 - Car_Generic #5 (win64-14.0.1)
COMPILED	jetbrains@05dcd26e64f8 2025-01-28 11:06:46
 
		I/O Configuration: default
SIM_START	day4_5_scenario1	2025-05-21 10:43:47
TIME	0.000
SIMULATE	day4_5_scenario1

TIME	37.955
ERROR		Vehicle leaves road at about x=95.3229, y=2.50137 TireNo=0
SIM_ABORT	day4_5_scenario1	37.958s	166.786m
APPLICATION	CarMaker 14.0.1 - Car_Generic #5 (win64-14.0.1)
COMPILED	jetbrains@05dcd26e64f8 2025-01-28 11:06:46
 
		I/O Configuration: default
SIM_START	day4_5_scenario1	2025-05-21 10:44:57
TIME	0.000
SIMULATE	day4_5_scenario1

TIME	3.479
ERROR		Vehicle leaves road at about x=-0.00587956, y=-9.40723 TireNo=0
SIM_ABORT	day4_5_scenario1	3.482s	16.3875m
APPLICATION	CarMaker 14.0.1 - Car_Generic #5 (win64-14.0.1)
COMPILED	jetbrains@05dcd26e64f8 2025-01-28 11:06:46
 
		I/O Configuration: default
SIM_START	day4_5_scenario1	2025-05-21 10:50:00
TIME	0.000
SIMULATE	day4_5_scenario1

TIME	3.582
ERROR		Vehicle leaves road at about x=-0.00404407, y=-8.32289 TireNo=0
SIM_ABORT	day4_5_scenario1	3.585s	18.5893m
APPLICATION	CarMaker 14.0.1 - Car_Generic #5 (win64-14.0.1)
COMPILED	jetbrains@05dcd26e64f8 2025-01-28 11:06:46
 
		I/O Configuration: default
SIM_START	day4_5_scenario1	2025-05-21 10:51:12
TIME	0.000
SIMULATE	day4_5_scenario1

TIME	36.844
SIM_END		day4_5_scenario1	36.841s	173.741m
APPLICATION	CarMaker 14.0.1 - Car_Generic #5 (win64-14.0.1)
COMPILED	jetbrains@05dcd26e64f8 2025-01-28 11:06:46
 
		I/O Configuration: default
SIM_START	day4_5_scenario1	2025-05-21 10:59:52
TIME	0.000
SIMULATE	day4_5_scenario1

TIME	33.174
ERROR		Vehicle leaves road at about x=90.4907, y=2.50108 TireNo=1
SIM_ABORT	day4_5_scenario1	33.177s	168.349m
APPLICATION	CarMaker 14.0.1 - Car_Generic #5 (win64-14.0.1)
COMPILED	jetbrains@05dcd26e64f8 2025-01-28 11:06:46
 
		I/O Configuration: default
SIM_START	day4_5_scenario1	2025-05-21 11:01:41
TIME	0.000
SIMULATE	day4_5_scenario1

TIME	3.582
ERROR		Vehicle leaves road at about x=-0.00404407, y=-8.32289 TireNo=0
SIM_ABORT	day4_5_scenario1	3.585s	18.5893m
APPLICATION	CarMaker 14.0.1 - Car_Generic #5 (win64-14.0.1)
COMPILED	jetbrains@05dcd26e64f8 2025-01-28 11:06:46
 
		I/O Configuration: default
SIM_START	day4_5_scenario1	2025-05-21 11:19:41
TIME	0.000
SIMULATE	day4_5_scenario1

SIM_END		day4_5_scenario1	0.828s	2.26741m
APPLICATION	CarMaker 14.0.1 - Car_Generic #5 (win64-14.0.1)
COMPILED	jetbrains@05dcd26e64f8 2025-01-28 11:06:46
 
		I/O Configuration: default
SIM_START	day4_5_scenario1	2025-05-21 12:24:52
TIME	0.000
SIMULATE	day4_5_scenario1

SIM_END		day4_5_scenario1	0.573s	1.56071m
