APPLICATION	CarMaker 14.0.1 - Car_Generic #5 (win64-14.0.1)
COMPILED	jetbrains@05dcd26e64f8 2025-01-28 11:06:46
 
		I/O Configuration: default
SIM_START	day4_5_scenario1	2025-05-17 10:36:19
TIME	0.000
SIMULATE	day4_5_scenario1

TIME	34.384
SIM_END		day4_5_scenario1	34.381s	1.95117e-05m
APPLICATION	CarMaker 14.0.1 - Car_Generic #5 (win64-14.0.1)
COMPILED	jetbrains@05dcd26e64f8 2025-01-28 11:06:46
 
		I/O Configuration: default
SIM_START	day4_5_scenario1	2025-05-17 10:51:35
TIME	0.000
SIMULATE	day4_5_scenario1

TIME	5.847
SIM_END		day4_5_scenario1	5.844s	5.54233e-06m
APPLICATION	CarMaker 14.0.1 - Car_Generic #5 (win64-14.0.1)
COMPILED	jetbrains@05dcd26e64f8 2025-01-28 11:06:46
 
		I/O Configuration: default
SIM_START	day4_5_scenario1	2025-05-17 10:55:20
TIME	0.000
SIMULATE	day4_5_scenario1

TIME	131.795
SIM_END		day4_5_scenario1	131.792s	0.000148082m
APPLICATION	CarMaker 14.0.1 - Car_Generic #5 (win64-14.0.1)
COMPILED	jetbrains@05dcd26e64f8 2025-01-28 11:06:46
 
		I/O Configuration: default
SIM_START	day4_5_scenario1	2025-05-17 11:02:45
TIME	0.000
SIMULATE	day4_5_scenario1

TIME	4.662
SIM_END		day4_5_scenario1	4.659s	5.24241e-06m
APPLICATION	CarMaker 14.0.1 - Car_Generic #5 (win64-14.0.1)
COMPILED	jetbrains@05dcd26e64f8 2025-01-28 11:06:46
 
		I/O Configuration: default
SIM_START	day4_5_scenario1	2025-05-17 11:05:41
TIME	0.000
SIMULATE	day4_5_scenario1

TIME	16.724
SIM_END		day4_5_scenario1	16.721s	9.35635e-06m
APPLICATION	CarMaker 14.0.1 - Car_Generic #5 (win64-14.0.1)
COMPILED	jetbrains@05dcd26e64f8 2025-01-28 11:06:46
 
		I/O Configuration: default
SIM_START	day4_5_scenario1	2025-05-17 11:20:08
TIME	0.000
SIMULATE	day4_5_scenario1

TIME	13.005
SIM_END		day4_5_scenario1	13.002s	7.83835e-06m
APPLICATION	CarMaker 14.0.1 - Car_Generic #5 (win64-14.0.1)
COMPILED	jetbrains@05dcd26e64f8 2025-01-28 11:06:46
 
		I/O Configuration: default
SIM_START	day4_5_scenario1	2025-05-17 11:22:38
TIME	0.000
SIMULATE	day4_5_scenario1

TIME	2.857
SIM_END		day4_5_scenario1	2.854s	4.82961e-06m
