APPLICATION	CarMaker 14.0.1 - Car_Generic #5 (win64-14.0.1)
COMPILED	jetbrains@05dcd26e64f8 2025-01-28 11:06:46
 
		I/O Configuration: default
SIM_START	day4_5_scenario1	2025-05-20 10:23:53
TIME	0.000
SIMULATE	day4_5_scenario1

TIME	53.135
SIM_END		day4_5_scenario1	53.132s	3.52119e-05m
APPLICATION	CarMaker 14.0.1 - Car_Generic #5 (win64-14.0.1)
COMPILED	jetbrains@05dcd26e64f8 2025-01-28 11:06:46
 
		I/O Configuration: default
SIM_START	day4_5_scenario1	2025-05-20 10:24:56
TIME	0.000
SIMULATE	day4_5_scenario1

TIME	57.869
SIM_END		day4_5_scenario1	57.866s	240.145m
APPLICATION	CarMaker 14.0.1 - Car_Generic #5 (win64-14.0.1)
COMPILED	jetbrains@05dcd26e64f8 2025-01-28 11:06:46
 
		I/O Configuration: default
SIM_START	day4_5_scenario1	2025-05-20 10:29:37
TIME	0.000
SIMULATE	day4_5_scenario1

TIME	27.685
SIM_END		day4_5_scenario1	27.682s	114.816m
APPLICATION	CarMaker 14.0.1 - Car_Generic #5 (win64-14.0.1)
COMPILED	jetbrains@05dcd26e64f8 2025-01-28 11:06:46
 
		I/O Configuration: default
SIM_START	day4_5_scenario1	2025-05-20 10:47:34
TIME	0.000
SIMULATE	day4_5_scenario1

SIM_END		day4_5_scenario1	0.55s	2.26408m
APPLICATION	CarMaker 14.0.1 - Car_Generic #5 (win64-14.0.1)
COMPILED	jetbrains@05dcd26e64f8 2025-01-28 11:06:46
 
		I/O Configuration: default
SIM_START	day4_5_scenario1	2025-05-20 10:47:58
TIME	0.000
SIMULATE	day4_5_scenario1

SIM_END		day4_5_scenario1	0.55s	2.26408m
APPLICATION	CarMaker 14.0.1 - Car_Generic #5 (win64-14.0.1)
COMPILED	jetbrains@05dcd26e64f8 2025-01-28 11:06:46
 
		I/O Configuration: default
SIM_START	day4_5_scenario1	2025-05-20 10:50:02
TIME	0.000
SIMULATE	day4_5_scenario1

SIM_END		day4_5_scenario1	0.55s	2.26408m
APPLICATION	CarMaker 14.0.1 - Car_Generic #5 (win64-14.0.1)
COMPILED	jetbrains@05dcd26e64f8 2025-01-28 11:06:46
 
		I/O Configuration: default
SIM_START	day4_5_scenario1	2025-05-20 10:52:04
TIME	0.000
SIMULATE	day4_5_scenario1

SIM_END		day4_5_scenario1	0.55s	2.26408m
APPLICATION	CarMaker 14.0.1 - Car_Generic #5 (win64-14.0.1)
COMPILED	jetbrains@05dcd26e64f8 2025-01-28 11:06:46
 
		I/O Configuration: default
SIM_START	day4_5_scenario1	2025-05-20 10:53:19
TIME	0.000
SIMULATE	day4_5_scenario1

TIME	2.587
SIM_END		day4_5_scenario1	2.584s	4.77245e-06m
APPLICATION	CarMaker 14.0.1 - Car_Generic #5 (win64-14.0.1)
COMPILED	jetbrains@05dcd26e64f8 2025-01-28 11:06:46
 
		I/O Configuration: default
SIM_START	day4_5_scenario1	2025-05-20 10:56:15
TIME	0.000
SIMULATE	day4_5_scenario1

TIME	3.597
SIM_END		day4_5_scenario1	3.594s	4.99242e-06m
APPLICATION	CarMaker 14.0.1 - Car_Generic #5 (win64-14.0.1)
COMPILED	jetbrains@05dcd26e64f8 2025-01-28 11:06:46
 
		I/O Configuration: default
SIM_START	day4_5_scenario1	2025-05-20 11:09:51
TIME	0.000
SIMULATE	day4_5_scenario1

TIME	8.358
SIM_END		day4_5_scenario1	8.355s	6.25337e-06m
APPLICATION	CarMaker 14.0.1 - Car_Generic #5 (win64-14.0.1)
COMPILED	jetbrains@05dcd26e64f8 2025-01-28 11:06:46
 
		I/O Configuration: default
SIM_START	day4_5_scenario1	2025-05-20 11:10:15
TIME	0.000
SIMULATE	day4_5_scenario1

TIME	49.747
SIM_END		day4_5_scenario1	49.744s	3.21194e-05m
APPLICATION	CarMaker 14.0.1 - Car_Generic #5 (win64-14.0.1)
COMPILED	jetbrains@05dcd26e64f8 2025-01-28 11:06:46
 
		I/O Configuration: default
SIM_START	day4_5_scenario1	2025-05-20 11:11:34
TIME	0.000
SIMULATE	day4_5_scenario1

TIME	10.407
SIM_END		day4_5_scenario1	10.404s	43.2085m
APPLICATION	CarMaker 14.0.1 - Car_Generic #5 (win64-14.0.1)
COMPILED	jetbrains@05dcd26e64f8 2025-01-28 11:06:46
 
		I/O Configuration: default
SIM_START	day4_5_scenario1	2025-05-20 11:13:58
TIME	0.000
SIMULATE	day4_5_scenario1

TIME	9.900
SIM_END		day4_5_scenario1	9.897s	41.096m
APPLICATION	CarMaker 14.0.1 - Car_Generic #5 (win64-14.0.1)
COMPILED	jetbrains@05dcd26e64f8 2025-01-28 11:06:46
 
		I/O Configuration: default
SIM_START	day4_5_scenario1	2025-05-20 11:20:27
TIME	0.000
SIMULATE	day4_5_scenario1

TIME	5.274
ERROR		Vehicle leaves road at about x=-0.00401348, y=-9.1886 TireNo=0
SIM_ABORT	day4_5_scenario1	5.277s	21.3702m
APPLICATION	CarMaker 14.0.1 - Car_Generic #5 (win64-14.0.1)
COMPILED	jetbrains@05dcd26e64f8 2025-01-28 11:06:46
 
		I/O Configuration: default
SIM_START	day4_5_scenario1	2025-05-20 11:23:03
TIME	0.000
SIMULATE	day4_5_scenario1

TIME	3.987
SIM_END		day4_5_scenario1	3.984s	15.6244m
APPLICATION	CarMaker 14.0.1 - Car_Generic #5 (win64-14.0.1)
COMPILED	jetbrains@05dcd26e64f8 2025-01-28 11:06:46
 
		I/O Configuration: default
SIM_START	day4_5_scenario1	2025-05-20 11:23:58
TIME	0.000
SIMULATE	day4_5_scenario1

TIME	4.010
ERROR		Vehicle leaves road at about x=-0.00325716, y=-13.6182 TireNo=0
SIM_ABORT	day4_5_scenario1	4.013s	15.7403m
APPLICATION	CarMaker 14.0.1 - Car_Generic #5 (win64-14.0.1)
COMPILED	jetbrains@05dcd26e64f8 2025-01-28 11:06:46
 
		I/O Configuration: default
SIM_START	day4_5_scenario1	2025-05-20 11:32:16
TIME	0.000
SIMULATE	day4_5_scenario1

SIM_END		day4_5_scenario1	0.5s	2.0601m
APPLICATION	CarMaker 14.0.1 - Car_Generic #5 (win64-14.0.1)
COMPILED	jetbrains@05dcd26e64f8 2025-01-28 11:06:46
 
		I/O Configuration: default
SIM_START	day4_5_scenario1	2025-05-20 11:32:44
TIME	0.000
SIMULATE	day4_5_scenario1

TIME	4.010
ERROR		Vehicle leaves road at about x=-0.00325716, y=-13.6182 TireNo=0
SIM_ABORT	day4_5_scenario1	4.013s	15.7403m
APPLICATION	CarMaker 14.0.1 - Car_Generic #5 (win64-14.0.1)
COMPILED	jetbrains@05dcd26e64f8 2025-01-28 11:06:46
 
		I/O Configuration: default
SIM_START	day4_5_scenario1	2025-05-20 11:32:59
TIME	0.000
SIMULATE	day4_5_scenario1

TIME	3.238
SIM_END		day4_5_scenario1	3.235s	12.3674m
APPLICATION	CarMaker 14.0.1 - Car_Generic #5 (win64-14.0.1)
COMPILED	jetbrains@05dcd26e64f8 2025-01-28 11:06:46
 
		I/O Configuration: default
SIM_START	day4_5_scenario1	2025-05-20 11:37:44
TIME	0.000
SIMULATE	day4_5_scenario1

TIME	5.299
ERROR		Vehicle leaves road at about x=-0.00418404, y=-31.3977 TireNo=0
SIM_ABORT	day4_5_scenario1	5.302s	21.3854m
APPLICATION	CarMaker 14.0.1 - Car_Generic #5 (win64-14.0.1)
COMPILED	jetbrains@05dcd26e64f8 2025-01-28 11:06:46
 
		I/O Configuration: default
SIM_START	day4_5_scenario1	2025-05-20 11:38:06
TIME	0.000
SIMULATE	day4_5_scenario1

TIME	5.299
ERROR		Vehicle leaves road at about x=-0.00418404, y=-31.3977 TireNo=0
SIM_ABORT	day4_5_scenario1	5.302s	21.3854m
APPLICATION	CarMaker 14.0.1 - Car_Generic #5 (win64-14.0.1)
COMPILED	jetbrains@05dcd26e64f8 2025-01-28 11:06:46
 
		I/O Configuration: default
SIM_START	day4_5_scenario1	2025-05-20 11:48:49
TIME	0.000
SIMULATE	day4_5_scenario1

TIME	5.274
ERROR		Vehicle leaves road at about x=-0.00401348, y=-9.1886 TireNo=0
SIM_ABORT	day4_5_scenario1	5.277s	21.3702m
APPLICATION	CarMaker 14.0.1 - Car_Generic #5 (win64-14.0.1)
COMPILED	jetbrains@05dcd26e64f8 2025-01-28 11:06:46
 
		I/O Configuration: default
SIM_START	day4_5_scenario1	2025-05-20 11:50:05
TIME	0.000
SIMULATE	day4_5_scenario1

TIME	5.274
ERROR		Vehicle leaves road at about x=-0.00401348, y=-9.1886 TireNo=0
SIM_ABORT	day4_5_scenario1	5.277s	21.3702m
APPLICATION	CarMaker 14.0.1 - Car_Generic #5 (win64-14.0.1)
COMPILED	jetbrains@05dcd26e64f8 2025-01-28 11:06:46
 
		I/O Configuration: default
SIM_START	day4_5_scenario1	2025-05-20 12:00:53
TIME	0.000
SIMULATE	day4_5_scenario1

TIME	41.973
SIM_END		day4_5_scenario1	41.97s	170.252m
APPLICATION	CarMaker 14.0.1 - Car_Generic #5 (win64-14.0.1)
COMPILED	jetbrains@05dcd26e64f8 2025-01-28 11:06:46
 
		I/O Configuration: default
SIM_START	day4_5_scenario1	2025-05-20 12:07:51
TIME	0.000
SIMULATE	day4_5_scenario1

TIME	37.411
SIM_END		day4_5_scenario1	37.408s	150.783m
APPLICATION	CarMaker 14.0.1 - Car_Generic #5 (win64-14.0.1)
COMPILED	jetbrains@05dcd26e64f8 2025-01-28 11:06:46
 
		I/O Configuration: default
SIM_START	day4_5_scenario1	2025-05-20 12:09:06
TIME	0.000
SIMULATE	day4_5_scenario1

TIME	45.617
SIM_END		day4_5_scenario1	45.614s	185.192m
APPLICATION	CarMaker 14.0.1 - Car_Generic #5 (win64-14.0.1)
COMPILED	jetbrains@05dcd26e64f8 2025-01-28 11:06:46
 
		I/O Configuration: default
SIM_START	day4_5_scenario1	2025-05-20 12:11:33
TIME	0.000
SIMULATE	day4_5_scenario1

TIME	37.446
SIM_END		day4_5_scenario1	37.443s	151.393m
APPLICATION	CarMaker 14.0.1 - Car_Generic #5 (win64-14.0.1)
COMPILED	jetbrains@05dcd26e64f8 2025-01-28 11:06:46
 
		I/O Configuration: default
SIM_START	day4_5_scenario1	2025-05-20 12:15:33
TIME	0.000
SIMULATE	day4_5_scenario1

TIME	18.349
ERROR		Vehicle leaves road at about x=70.3969, y=2.50365 TireNo=0
SIM_ABORT	day4_5_scenario1	18.352s	76.0854m
APPLICATION	CarMaker 14.0.1 - Car_Generic #5 (win64-14.0.1)
COMPILED	jetbrains@05dcd26e64f8 2025-01-28 11:06:46
 
		I/O Configuration: default
SIM_START	day4_5_scenario1	2025-05-20 12:16:26
TIME	0.000
SIMULATE	day4_5_scenario1

TIME	18.349
ERROR		Vehicle leaves road at about x=70.3969, y=2.50365 TireNo=0
SIM_ABORT	day4_5_scenario1	18.352s	76.0854m
APPLICATION	CarMaker 14.0.1 - Car_Generic #5 (win64-14.0.1)
COMPILED	jetbrains@05dcd26e64f8 2025-01-28 11:06:46
 
		I/O Configuration: default
SIM_START	day4_5_scenario1	2025-05-20 12:19:03
TIME	0.000
SIMULATE	day4_5_scenario1

TIME	13.124
SIM_END		day4_5_scenario1	13.121s	54.2997m
APPLICATION	CarMaker 14.0.1 - Car_Generic #5 (win64-14.0.1)
COMPILED	jetbrains@05dcd26e64f8 2025-01-28 11:06:46
 
		I/O Configuration: default
SIM_START	day4_5_scenario1	2025-05-20 12:19:59
TIME	0.000
SIMULATE	day4_5_scenario1

TIME	10.861
SIM_END		day4_5_scenario1	10.858s	44.8658m
APPLICATION	CarMaker 14.0.1 - Car_Generic #5 (win64-14.0.1)
COMPILED	jetbrains@05dcd26e64f8 2025-01-28 11:06:46
 
		I/O Configuration: default
SIM_START	day4_5_scenario1	2025-05-20 12:23:21
TIME	0.000
SIMULATE	day4_5_scenario1

TIME	4.080
ERROR		Vehicle leaves road at about x=-0.000669122, y=-13.8018 TireNo=1
SIM_ABORT	day4_5_scenario1	4.083s	15.831m
APPLICATION	CarMaker 14.0.1 - Car_Generic #5 (win64-14.0.1)
COMPILED	jetbrains@05dcd26e64f8 2025-01-28 11:06:46
 
		I/O Configuration: default
SIM_START	day4_5_scenario1	2025-05-20 12:23:58
TIME	0.000
SIMULATE	day4_5_scenario1

TIME	3.996
SIM_END		day4_5_scenario1	3.993s	15.4719m
APPLICATION	CarMaker 14.0.1 - Car_Generic #5 (win64-14.0.1)
COMPILED	jetbrains@05dcd26e64f8 2025-01-28 11:06:46
 
		I/O Configuration: default
SIM_START	day4_5_scenario1	2025-05-20 12:24:57
TIME	0.000
SIMULATE	day4_5_scenario1

TIME	4.408
SIM_END		day4_5_scenario1	4.405s	17.9922m
APPLICATION	CarMaker 14.0.1 - Car_Generic #5 (win64-14.0.1)
COMPILED	jetbrains@05dcd26e64f8 2025-01-28 11:06:46
 
		I/O Configuration: default
SIM_START	day4_5_scenario1	2025-05-20 12:26:58
TIME	0.000
SIMULATE	day4_5_scenario1

TIME	6.695
SIM_END		day4_5_scenario1	6.692s	27.5101m
APPLICATION	CarMaker 14.0.1 - Car_Generic #5 (win64-14.0.1)
COMPILED	jetbrains@05dcd26e64f8 2025-01-28 11:06:46
 
		I/O Configuration: default
SIM_START	day4_5_scenario1	2025-05-20 12:27:56
TIME	0.000
SIMULATE	day4_5_scenario1

SIM_END		day4_5_scenario1	0.971s	3.94692m
APPLICATION	CarMaker 14.0.1 - Car_Generic #5 (win64-14.0.1)
COMPILED	jetbrains@05dcd26e64f8 2025-01-28 11:06:46
 
		I/O Configuration: default
SIM_START	day4_5_scenario1	2025-05-20 12:29:51
TIME	0.000
SIMULATE	day4_5_scenario1

TIME	10.138
SIM_END		day4_5_scenario1	10.135s	41.8562m
APPLICATION	CarMaker 14.0.1 - Car_Generic #5 (win64-14.0.1)
COMPILED	jetbrains@05dcd26e64f8 2025-01-28 11:06:46
 
		I/O Configuration: default
SIM_START	day4_5_scenario1	2025-05-20 14:02:35
TIME	0.000
SIMULATE	day4_5_scenario1

SIM_END		day4_5_scenario1	0.693s	2.83799m
APPLICATION	CarMaker 14.0.1 - Car_Generic #5 (win64-14.0.1)
COMPILED	jetbrains@05dcd26e64f8 2025-01-28 11:06:46
 
		I/O Configuration: default
SIM_START	day4_5_scenario1	2025-05-20 14:02:51
TIME	0.000
SIMULATE	day4_5_scenario1

TIME	17.415
SIM_END		day4_5_scenario1	17.412s	72.181m
APPLICATION	CarMaker 14.0.1 - Car_Generic #5 (win64-14.0.1)
COMPILED	jetbrains@05dcd26e64f8 2025-01-28 11:06:46
 
		I/O Configuration: default
SIM_START	day4_5_scenario1	2025-05-20 14:03:54
TIME	0.000
SIMULATE	day4_5_scenario1

TIME	14.794
SIM_END		day4_5_scenario1	14.791s	61.2591m
APPLICATION	CarMaker 14.0.1 - Car_Generic #5 (win64-14.0.1)
COMPILED	jetbrains@05dcd26e64f8 2025-01-28 11:06:46
 
		I/O Configuration: default
SIM_START	day4_5_scenario1	2025-05-20 14:04:23
TIME	0.000
SIMULATE	day4_5_scenario1

TIME	8.991
SIM_END		day4_5_scenario1	8.988s	37.0767m
APPLICATION	CarMaker 14.0.1 - Car_Generic #5 (win64-14.0.1)
COMPILED	jetbrains@05dcd26e64f8 2025-01-28 11:06:46
 
		I/O Configuration: default
SIM_START	day4_5_scenario1	2025-05-20 14:04:52
TIME	0.000
SIMULATE	day4_5_scenario1

TIME	6.898
SIM_END		day4_5_scenario1	6.895s	28.3558m
APPLICATION	CarMaker 14.0.1 - Car_Generic #5 (win64-14.0.1)
COMPILED	jetbrains@05dcd26e64f8 2025-01-28 11:06:46
 
		I/O Configuration: default
SIM_START	day4_5_scenario1	2025-05-20 14:05:56
TIME	0.000
SIMULATE	day4_5_scenario1

TIME	10.308
SIM_END		day4_5_scenario1	10.305s	42.5646m
APPLICATION	CarMaker 14.0.1 - Car_Generic #5 (win64-14.0.1)
COMPILED	jetbrains@05dcd26e64f8 2025-01-28 11:06:46
 
		I/O Configuration: default
SIM_START	day4_5_scenario1	2025-05-20 14:22:55
TIME	0.000
SIMULATE	day4_5_scenario1

TIME	14.838
SIM_END		day4_5_scenario1	14.835s	61.4425m
APPLICATION	CarMaker 14.0.1 - Car_Generic #5 (win64-14.0.1)
COMPILED	jetbrains@05dcd26e64f8 2025-01-28 11:06:46
 
		I/O Configuration: default
SIM_START	day4_5_scenario1	2025-05-20 14:23:47
TIME	0.000
SIMULATE	day4_5_scenario1

SIM_END		day4_5_scenario1	0.402s	1.65988m
APPLICATION	CarMaker 14.0.1 - Car_Generic #5 (win64-14.0.1)
COMPILED	jetbrains@05dcd26e64f8 2025-01-28 11:06:46
 
		I/O Configuration: default
SIM_START	day4_5_scenario1	2025-05-20 14:24:33
TIME	0.000
SIMULATE	day4_5_scenario1

SIM_END		day4_5_scenario1	0.698s	2.85789m
APPLICATION	CarMaker 14.0.1 - Car_Generic #5 (win64-14.0.1)
COMPILED	jetbrains@05dcd26e64f8 2025-01-28 11:06:46
 
		I/O Configuration: default
SIM_START	day4_5_scenario1	2025-05-20 14:35:20
TIME	0.000
SIMULATE	day4_5_scenario1

TIME	9.799
SIM_END		day4_5_scenario1	9.796s	40.4436m
APPLICATION	CarMaker 14.0.1 - Car_Generic #5 (win64-14.0.1)
COMPILED	jetbrains@05dcd26e64f8 2025-01-28 11:06:46
 
		I/O Configuration: default
SIM_START	day4_5_scenario1	2025-05-20 14:45:20
TIME	0.000
SIMULATE	day4_5_scenario1

TIME	16.039
SIM_END		day4_5_scenario1	16.036s	15.0192m
APPLICATION	CarMaker 14.0.1 - Car_Generic #5 (win64-14.0.1)
COMPILED	jetbrains@05dcd26e64f8 2025-01-28 11:06:46
 
		I/O Configuration: default
SIM_START	day4_5_scenario1	2025-05-20 14:47:44
TIME	0.000
SIMULATE	day4_5_scenario1

TIME	18.411
SIM_END		day4_5_scenario1	18.408s	15.0208m
APPLICATION	CarMaker 14.0.1 - Car_Generic #5 (win64-14.0.1)
COMPILED	jetbrains@05dcd26e64f8 2025-01-28 11:06:46
 
		I/O Configuration: default
SIM_START	day4_5_scenario1	2025-05-20 14:48:21
TIME	0.000
SIMULATE	day4_5_scenario1

TIME	21.922
SIM_END		day4_5_scenario1	21.919s	15.0229m
APPLICATION	CarMaker 14.0.1 - Car_Generic #5 (win64-14.0.1)
COMPILED	jetbrains@05dcd26e64f8 2025-01-28 11:06:46
 
		I/O Configuration: default
SIM_START	day4_5_scenario1	2025-05-20 14:48:57
TIME	0.000
SIMULATE	day4_5_scenario1

TIME	9.845
SIM_END		day4_5_scenario1	9.845s	120.487m
APPLICATION	CarMaker 14.0.1 - Car_Generic #5 (win64-14.0.1)
COMPILED	jetbrains@05dcd26e64f8 2025-01-28 11:06:46
 
		I/O Configuration: default
SIM_START	day4_5_scenario1	2025-05-20 14:49:27
TIME	0.000
SIMULATE	day4_5_scenario1

TIME	17.047
ERROR		Vehicle leaves road at about x=68.0357, y=2.50509 TireNo=1
SIM_ABORT	day4_5_scenario1	17.05s	166.373m
APPLICATION	CarMaker 14.0.1 - Car_Generic #5 (win64-14.0.1)
COMPILED	jetbrains@05dcd26e64f8 2025-01-28 11:06:46
 
		I/O Configuration: default
SIM_START	day4_5_scenario1	2025-05-20 14:50:25
TIME	0.000
SIMULATE	day4_5_scenario1

TIME	18.773
ERROR		Vehicle leaves road at about x=78.9009, y=2.50356 TireNo=1
SIM_ABORT	day4_5_scenario1	18.776s	142.318m
APPLICATION	CarMaker 14.0.1 - Car_Generic #5 (win64-14.0.1)
COMPILED	jetbrains@05dcd26e64f8 2025-01-28 11:06:46
 
		I/O Configuration: default
SIM_START	day4_5_scenario1	2025-05-20 14:51:10
TIME	0.000
SIMULATE	day4_5_scenario1

TIME	3.975
SIM_END		day4_5_scenario1	3.972s	17.9864m
APPLICATION	CarMaker 14.0.1 - Car_Generic #5 (win64-14.0.1)
COMPILED	jetbrains@05dcd26e64f8 2025-01-28 11:06:46
 
		I/O Configuration: default
SIM_START	day4_5_scenario1	2025-05-20 14:51:25
TIME	0.000
SIMULATE	day4_5_scenario1

TIME	20.264
ERROR		Vehicle leaves road at about x=79.2411, y=2.50967 TireNo=1
SIM_ABORT	day4_5_scenario1	20.267s	141.06m
APPLICATION	CarMaker 14.0.1 - Car_Generic #5 (win64-14.0.1)
COMPILED	jetbrains@05dcd26e64f8 2025-01-28 11:06:46
 
		I/O Configuration: default
SIM_START	day4_5_scenario1	2025-05-20 14:52:37
TIME	0.000
SIMULATE	day4_5_scenario1

TIME	20.264
ERROR		Vehicle leaves road at about x=79.2411, y=2.50967 TireNo=1
SIM_ABORT	day4_5_scenario1	20.267s	141.06m
APPLICATION	CarMaker 14.0.1 - Car_Generic #5 (win64-14.0.1)
COMPILED	jetbrains@05dcd26e64f8 2025-01-28 11:06:46
 
		I/O Configuration: default
SIM_START	day4_5_scenario1	2025-05-20 14:53:23
TIME	0.000
SIMULATE	day4_5_scenario1

TIME	20.260
ERROR		Vehicle leaves road at about x=79.422, y=2.50792 TireNo=1
SIM_ABORT	day4_5_scenario1	20.263s	141.045m
APPLICATION	CarMaker 14.0.1 - Car_Generic #5 (win64-14.0.1)
COMPILED	jetbrains@05dcd26e64f8 2025-01-28 11:06:46
 
		I/O Configuration: default
SIM_START	day4_5_scenario1	2025-05-20 14:56:36
TIME	0.000
SIMULATE	day4_5_scenario1

TIME	20.276
ERROR		Vehicle leaves road at about x=79.4197, y=2.50149 TireNo=1
SIM_ABORT	day4_5_scenario1	20.279s	141.044m
APPLICATION	CarMaker 14.0.1 - Car_Generic #5 (win64-14.0.1)
COMPILED	jetbrains@05dcd26e64f8 2025-01-28 11:06:46
 
		I/O Configuration: default
SIM_START	day4_5_scenario1	2025-05-20 14:59:52
TIME	0.000
SIMULATE	day4_5_scenario1

TIME	21.520
ERROR		Vehicle leaves road at about x=79.0277, y=2.50537 TireNo=1
SIM_ABORT	day4_5_scenario1	21.523s	140.259m
APPLICATION	CarMaker 14.0.1 - Car_Generic #5 (win64-14.0.1)
COMPILED	jetbrains@05dcd26e64f8 2025-01-28 11:06:46
 
		I/O Configuration: default
SIM_START	day4_5_scenario1	2025-05-20 15:00:36
TIME	0.000
SIMULATE	day4_5_scenario1

TIME	21.981
ERROR		Vehicle leaves road at about x=76.1454, y=2.50128 TireNo=1
SIM_ABORT	day4_5_scenario1	21.984s	141.269m
APPLICATION	CarMaker 14.0.1 - Car_Generic #5 (win64-14.0.1)
COMPILED	jetbrains@05dcd26e64f8 2025-01-28 11:06:46
 
		I/O Configuration: default
SIM_START	day4_5_scenario1	2025-05-20 15:01:20
TIME	0.000
SIMULATE	day4_5_scenario1

TIME	33.512
SIM_END		day4_5_scenario1	33.509s	133.758m
APPLICATION	CarMaker 14.0.1 - Car_Generic #5 (win64-14.0.1)
COMPILED	jetbrains@05dcd26e64f8 2025-01-28 11:06:46
 
		I/O Configuration: default
SIM_START	day4_5_scenario1	2025-05-20 15:02:09
TIME	0.000
SIMULATE	day4_5_scenario1

TIME	29.086
SIM_END		day4_5_scenario1	29.083s	136.778m
APPLICATION	CarMaker 14.0.1 - Car_Generic #5 (win64-14.0.1)
COMPILED	jetbrains@05dcd26e64f8 2025-01-28 11:06:46
 
		I/O Configuration: default
SIM_START	day4_5_scenario1	2025-05-20 15:04:31
TIME	0.000
SIMULATE	day4_5_scenario1

TIME	44.217
SIM_END		day4_5_scenario1	44.214s	135.357m
APPLICATION	CarMaker 14.0.1 - Car_Generic #5 (win64-14.0.1)
COMPILED	jetbrains@05dcd26e64f8 2025-01-28 11:06:46
 
		I/O Configuration: default
SIM_START	day4_5_scenario1	2025-05-20 15:15:27
TIME	0.000
SIMULATE	day4_5_scenario1

TIME	6.562
SIM_END		day4_5_scenario1	6.559s	7.19748m
APPLICATION	CarMaker 14.0.1 - Car_Generic #5 (win64-14.0.1)
COMPILED	jetbrains@05dcd26e64f8 2025-01-28 11:06:46
 
		I/O Configuration: default
SIM_START	day4_5_scenario1	2025-05-20 16:00:39
TIME	0.000
SIMULATE	day4_5_scenario1

TIME	33.307
SIM_END		day4_5_scenario1	33.304s	136.605m
APPLICATION	CarMaker 14.0.1 - Car_Generic #5 (win64-14.0.1)
COMPILED	jetbrains@05dcd26e64f8 2025-01-28 11:06:46
 
		I/O Configuration: default
SIM_START	day4_5_scenario1	2025-05-20 16:03:15
TIME	0.000
SIMULATE	day4_5_scenario1

TIME	28.783
SIM_END		day4_5_scenario1	28.78s	140.272m
APPLICATION	CarMaker 14.0.1 - Car_Generic #5 (win64-14.0.1)
COMPILED	jetbrains@05dcd26e64f8 2025-01-28 11:06:46
 
		I/O Configuration: default
SIM_START	day4_5_scenario1	2025-05-20 16:04:42
TIME	0.000
SIMULATE	day4_5_scenario1

TIME	26.659
SIM_END		day4_5_scenario1	26.656s	140.271m
APPLICATION	CarMaker 14.0.1 - Car_Generic #5 (win64-14.0.1)
COMPILED	jetbrains@05dcd26e64f8 2025-01-28 11:06:46
 
		I/O Configuration: default
SIM_START	day4_5_scenario1	2025-05-20 16:07:51
TIME	0.000
SIMULATE	day4_5_scenario1

TIME	25.356
SIM_END		day4_5_scenario1	25.353s	133.588m
APPLICATION	CarMaker 14.0.1 - Car_Generic #5 (win64-14.0.1)
COMPILED	jetbrains@05dcd26e64f8 2025-01-28 11:06:46
 
		I/O Configuration: default
SIM_START	day4_5_scenario1	2025-05-20 16:08:39
TIME	0.000
SIMULATE	day4_5_scenario1

TIME	29.842
SIM_END		day4_5_scenario1	29.839s	142.424m
APPLICATION	CarMaker 14.0.1 - Car_Generic #5 (win64-14.0.1)
COMPILED	jetbrains@05dcd26e64f8 2025-01-28 11:06:46
 
		I/O Configuration: default
SIM_START	day4_5_scenario1	2025-05-20 16:21:15
TIME	0.000
SIMULATE	day4_5_scenario1

TIME	28.691
SIM_END		day4_5_scenario1	28.688s	142.424m
APPLICATION	CarMaker 14.0.1 - Car_Generic #5 (win64-14.0.1)
COMPILED	jetbrains@05dcd26e64f8 2025-01-28 11:06:46
 
		I/O Configuration: default
SIM_START	day4_5_scenario1	2025-05-20 16:32:24
TIME	0.000
SIMULATE	day4_5_scenario1

TIME	27.333
SIM_END		day4_5_scenario1	27.33s	142.423m
APPLICATION	CarMaker 14.0.1 - Car_Generic #5 (win64-14.0.1)
COMPILED	jetbrains@05dcd26e64f8 2025-01-28 11:06:46
 
		I/O Configuration: default
SIM_START	day4_5_scenario1	2025-05-20 16:36:43
TIME	0.000
SIMULATE	day4_5_scenario1

SIM_END		day4_5_scenario1	0.611s	2.51048m
APPLICATION	CarMaker 14.0.1 - Car_Generic #5 (win64-14.0.1)
COMPILED	jetbrains@05dcd26e64f8 2025-01-28 11:06:46
 
		I/O Configuration: default
SIM_START	day4_5_scenario1	2025-05-20 16:39:57
TIME	0.000
SIMULATE	day4_5_scenario1

TIME	22.326
ERROR		Vehicle leaves road at about x=79.0522, y=2.50322 TireNo=1
SIM_ABORT	day4_5_scenario1	22.329s	140.27m
APPLICATION	CarMaker 14.0.1 - Car_Generic #5 (win64-14.0.1)
COMPILED	jetbrains@05dcd26e64f8 2025-01-28 11:06:46
 
		I/O Configuration: default
SIM_START	day4_5_scenario1	2025-05-20 16:41:15
TIME	0.000
SIMULATE	day4_5_scenario1

TIME	22.326
ERROR		Vehicle leaves road at about x=79.0522, y=2.50322 TireNo=1
SIM_ABORT	day4_5_scenario1	22.329s	140.27m
APPLICATION	CarMaker 14.0.1 - Car_Generic #5 (win64-14.0.1)
COMPILED	jetbrains@05dcd26e64f8 2025-01-28 11:06:46
 
		I/O Configuration: default
SIM_START	day4_5_scenario1	2025-05-20 16:42:13
TIME	0.000
SIMULATE	day4_5_scenario1

TIME	23.088
ERROR		Vehicle leaves road at about x=75.9236, y=2.50391 TireNo=1
SIM_ABORT	day4_5_scenario1	23.091s	141.23m
APPLICATION	CarMaker 14.0.1 - Car_Generic #5 (win64-14.0.1)
COMPILED	jetbrains@05dcd26e64f8 2025-01-28 11:06:46
 
		I/O Configuration: default
SIM_START	day4_5_scenario1	2025-05-20 16:43:39
TIME	0.000
SIMULATE	day4_5_scenario1

TIME	28.773
SIM_END		day4_5_scenario1	28.77s	138.061m
APPLICATION	CarMaker 14.0.1 - Car_Generic #5 (win64-14.0.1)
COMPILED	jetbrains@05dcd26e64f8 2025-01-28 11:06:46
 
		I/O Configuration: default
SIM_START	day4_5_scenario1	2025-05-20 16:45:03
TIME	0.000
SIMULATE	day4_5_scenario1

TIME	29.911
SIM_END		day4_5_scenario1	29.908s	136.655m
APPLICATION	CarMaker 14.0.1 - Car_Generic #5 (win64-14.0.1)
COMPILED	jetbrains@05dcd26e64f8 2025-01-28 11:06:46
 
		I/O Configuration: default
SIM_START	day4_5_scenario1	2025-05-20 16:46:03
TIME	0.000
SIMULATE	day4_5_scenario1

TIME	30.370
SIM_END		day4_5_scenario1	30.367s	136.665m
APPLICATION	CarMaker 14.0.1 - Car_Generic #5 (win64-14.0.1)
COMPILED	jetbrains@05dcd26e64f8 2025-01-28 11:06:46
 
		I/O Configuration: default
SIM_START	day4_5_scenario1	2025-05-20 16:52:20
TIME	0.000
SIMULATE	day4_5_scenario1

TIME	52.312
SIM_END		day4_5_scenario1	52.309s	280.648m
APPLICATION	CarMaker 14.0.1 - Car_Generic #5 (win64-14.0.1)
COMPILED	jetbrains@05dcd26e64f8 2025-01-28 11:06:46
 
		I/O Configuration: default
SIM_START	day4_5_scenario1	2025-05-20 16:54:20
TIME	0.000
SIMULATE	day4_5_scenario1

TIME	30.996
SIM_END		day4_5_scenario1	30.993s	159.593m
APPLICATION	CarMaker 14.0.1 - Car_Generic #5 (win64-14.0.1)
COMPILED	jetbrains@05dcd26e64f8 2025-01-28 11:06:46
 
		I/O Configuration: default
SIM_START	day4_5_scenario1	2025-05-20 17:00:39
TIME	0.000
SIMULATE	day4_5_scenario1

TIME	30.778
SIM_END		day4_5_scenario1	30.775s	158.341m
APPLICATION	CarMaker 14.0.1 - Car_Generic #5 (win64-14.0.1)
COMPILED	jetbrains@05dcd26e64f8 2025-01-28 11:06:46
 
		I/O Configuration: default
SIM_START	day4_5_scenario1	2025-05-20 17:01:45
TIME	0.000
SIMULATE	day4_5_scenario1

TIME	29.711
SIM_END		day4_5_scenario1	29.708s	152.267m
APPLICATION	CarMaker 14.0.1 - Car_Generic #5 (win64-14.0.1)
COMPILED	jetbrains@05dcd26e64f8 2025-01-28 11:06:46
 
		I/O Configuration: default
SIM_START	day4_5_scenario1	2025-05-20 17:19:12
TIME	0.000
SIMULATE	day4_5_scenario1

TIME	37.477
SIM_END		day4_5_scenario1	37.474s	196.496m
APPLICATION	CarMaker 14.0.1 - Car_Generic #5 (win64-14.0.1)
COMPILED	jetbrains@05dcd26e64f8 2025-01-28 11:06:46
 
		I/O Configuration: default
SIM_START	day4_5_scenario1	2025-05-20 17:36:38
TIME	0.000
SIMULATE	day4_5_scenario1

SIM_END		day4_5_scenario1	1.596s	7.06334m
APPLICATION	CarMaker 14.0.1 - Car_Generic #5 (win64-14.0.1)
COMPILED	jetbrains@05dcd26e64f8 2025-01-28 11:06:46
 
		I/O Configuration: default
SIM_START	day4_5_scenario1	2025-05-20 17:39:39
TIME	0.000
SIMULATE	day4_5_scenario1

TIME	4.233
ERROR		Vehicle leaves road at about x=-0.00128917, y=-8.75124 TireNo=1
SIM_ABORT	day4_5_scenario1	4.236s	21.9255m
APPLICATION	CarMaker 14.0.1 - Car_Generic #5 (win64-14.0.1)
COMPILED	jetbrains@05dcd26e64f8 2025-01-28 11:06:46
 
		I/O Configuration: default
SIM_START	day4_5_scenario1	2025-05-20 17:41:44
TIME	0.000
SIMULATE	day4_5_scenario1

TIME	29.108
SIM_END		day4_5_scenario1	29.105s	148.835m
APPLICATION	CarMaker 14.0.1 - Car_Generic #5 (win64-14.0.1)
COMPILED	jetbrains@05dcd26e64f8 2025-01-28 11:06:46
 
		I/O Configuration: default
SIM_START	day4_5_scenario1	2025-05-20 17:53:13
TIME	0.000
SIMULATE	day4_5_scenario1

TIME	35.159
SIM_END		day4_5_scenario1	35.156s	183.27m
APPLICATION	CarMaker 14.0.1 - Car_Generic #5 (win64-14.0.1)
COMPILED	jetbrains@05dcd26e64f8 2025-01-28 11:06:46
 
		I/O Configuration: default
SIM_START	day4_5_scenario1	2025-05-20 17:57:44
TIME	0.000
SIMULATE	day4_5_scenario1

TIME	29.553
SIM_END		day4_5_scenario1	29.55s	154.819m
APPLICATION	CarMaker 14.0.1 - Car_Generic #5 (win64-14.0.1)
COMPILED	jetbrains@05dcd26e64f8 2025-01-28 11:06:46
 
		I/O Configuration: default
SIM_START	day4_5_scenario1	2025-05-20 17:58:43
TIME	0.000
SIMULATE	day4_5_scenario1

TIME	29.553
SIM_END		day4_5_scenario1	29.55s	154.819m
APPLICATION	CarMaker 14.0.1 - Car_Generic #5 (win64-14.0.1)
COMPILED	jetbrains@05dcd26e64f8 2025-01-28 11:06:46
 
		I/O Configuration: default
SIM_START	day4_5_scenario1	2025-05-20 18:01:59
TIME	0.000
SIMULATE	day4_5_scenario1

TIME	30.743
ERROR		Vehicle leaves road at about x=77.5532, y=2.50251 TireNo=1
SIM_ABORT	day4_5_scenario1	30.746s	161.523m
APPLICATION	CarMaker 14.0.1 - Car_Generic #5 (win64-14.0.1)
COMPILED	jetbrains@05dcd26e64f8 2025-01-28 11:06:46
 
		I/O Configuration: default
SIM_START	day4_5_scenario1	2025-05-20 18:05:19
TIME	0.000
SIMULATE	day4_5_scenario1

TIME	35.273
SIM_END		day4_5_scenario1	35.27s	186.346m
APPLICATION	CarMaker 14.0.1 - Car_Generic #5 (win64-14.0.1)
COMPILED	jetbrains@05dcd26e64f8 2025-01-28 11:06:46
 
		I/O Configuration: default
SIM_START	day4_5_scenario1	2025-05-20 18:07:13
TIME	0.000
SIMULATE	day4_5_scenario1

TIME	29.603
SIM_END		day4_5_scenario1	29.6s	156.669m
APPLICATION	CarMaker 14.0.1 - Car_Generic #5 (win64-14.0.1)
COMPILED	jetbrains@05dcd26e64f8 2025-01-28 11:06:46
 
		I/O Configuration: default
SIM_START	day4_5_scenario1	2025-05-20 18:11:38
TIME	0.000
SIMULATE	day4_5_scenario1

TIME	29.403
SIM_END		day4_5_scenario1	29.4s	154.956m
APPLICATION	CarMaker 14.0.1 - Car_Generic #5 (win64-14.0.1)
COMPILED	jetbrains@05dcd26e64f8 2025-01-28 11:06:46
 
		I/O Configuration: default
SIM_START	day4_5_scenario1	2025-05-20 18:13:32
TIME	0.000
SIMULATE	day4_5_scenario1

TIME	29.653
SIM_END		day4_5_scenario1	29.65s	155.266m
APPLICATION	CarMaker 14.0.1 - Car_Generic #5 (win64-14.0.1)
COMPILED	jetbrains@05dcd26e64f8 2025-01-28 11:06:46
 
		I/O Configuration: default
SIM_START	day4_5_scenario1	2025-05-20 18:14:17
TIME	0.000
SIMULATE	day4_5_scenario1

TIME	29.653
SIM_END		day4_5_scenario1	29.65s	155.481m
APPLICATION	CarMaker 14.0.1 - Car_Generic #5 (win64-14.0.1)
COMPILED	jetbrains@05dcd26e64f8 2025-01-28 11:06:46
 
		I/O Configuration: default
SIM_START	day4_5_scenario1	2025-05-20 18:15:51
TIME	0.000
SIMULATE	day4_5_scenario1

TIME	29.553
SIM_END		day4_5_scenario1	29.55s	154.994m
APPLICATION	CarMaker 14.0.1 - Car_Generic #5 (win64-14.0.1)
COMPILED	jetbrains@05dcd26e64f8 2025-01-28 11:06:46
 
		I/O Configuration: default
SIM_START	day4_5_scenario1	2025-05-20 18:17:41
TIME	0.000
SIMULATE	day4_5_scenario1

TIME	29.403
SIM_END		day4_5_scenario1	29.4s	154.164m
APPLICATION	CarMaker 14.0.1 - Car_Generic #5 (win64-14.0.1)
COMPILED	jetbrains@05dcd26e64f8 2025-01-28 11:06:46
 
		I/O Configuration: default
SIM_START	day4_5_scenario1	2025-05-20 18:19:17
TIME	0.000
SIMULATE	day4_5_scenario1

TIME	29.503
SIM_END		day4_5_scenario1	29.5s	155.536m
APPLICATION	CarMaker 14.0.1 - Car_Generic #5 (win64-14.0.1)
COMPILED	jetbrains@05dcd26e64f8 2025-01-28 11:06:46
 
		I/O Configuration: default
SIM_START	day4_5_scenario1	2025-05-20 18:21:01
TIME	0.000
SIMULATE	day4_5_scenario1

TIME	29.353
SIM_END		day4_5_scenario1	29.35s	156.727m
APPLICATION	CarMaker 14.0.1 - Car_Generic #5 (win64-14.0.1)
COMPILED	jetbrains@05dcd26e64f8 2025-01-28 11:06:46
 
		I/O Configuration: default
SIM_START	day4_5_scenario1	2025-05-20 18:22:08
TIME	0.000
SIMULATE	day4_5_scenario1

TIME	6.344
SIM_END		day4_5_scenario1	6.341s	33.0012m
APPLICATION	CarMaker 14.0.1 - Car_Generic #5 (win64-14.0.1)
COMPILED	jetbrains@05dcd26e64f8 2025-01-28 11:06:46
 
		I/O Configuration: default
SIM_START	day4_5_scenario1	2025-05-20 18:23:05
TIME	0.000
SIMULATE	day4_5_scenario1

TIME	30.220
SIM_END		day4_5_scenario1	30.217s	155.708m
APPLICATION	CarMaker 14.0.1 - Car_Generic #5 (win64-14.0.1)
COMPILED	jetbrains@05dcd26e64f8 2025-01-28 11:06:46
 
		I/O Configuration: default
SIM_START	day4_5_scenario1	2025-05-20 18:25:57
TIME	0.000
SIMULATE	day4_5_scenario1

TIME	32.799
SIM_END		day4_5_scenario1	32.796s	170.646m
APPLICATION	CarMaker 14.0.1 - Car_Generic #5 (win64-14.0.1)
COMPILED	jetbrains@05dcd26e64f8 2025-01-28 11:06:46
 
		I/O Configuration: default
SIM_START	day4_5_scenario1	2025-05-20 19:12:46
TIME	0.000
SIMULATE	day4_5_scenario1

TIME	12.872
SIM_END		day4_5_scenario1	12.869s	69.0048m
APPLICATION	CarMaker 14.0.1 - Car_Generic #5 (win64-14.0.1)
COMPILED	jetbrains@05dcd26e64f8 2025-01-28 11:06:46
 
		I/O Configuration: default
SIM_START	day4_5_scenario1	2025-05-20 19:13:14
TIME	0.000
SIMULATE	day4_5_scenario1

TIME	18.399
SIM_END		day4_5_scenario1	18.396s	98.4129m
APPLICATION	CarMaker 14.0.1 - Car_Generic #5 (win64-14.0.1)
COMPILED	jetbrains@05dcd26e64f8 2025-01-28 11:06:46
 
		I/O Configuration: default
SIM_START	day4_5_scenario1	2025-05-20 19:20:20
TIME	0.000
SIMULATE	day4_5_scenario1

TIME	40.491
SIM_END		day4_5_scenario1	40.488s	211.352m
APPLICATION	CarMaker 14.0.1 - Car_Generic #5 (win64-14.0.1)
COMPILED	jetbrains@05dcd26e64f8 2025-01-28 11:06:46
 
		I/O Configuration: default
SIM_START	day4_5_scenario1	2025-05-20 19:30:55
TIME	0.000
SIMULATE	day4_5_scenario1

TIME	41.198
SIM_END		day4_5_scenario1	41.195s	215.164m
APPLICATION	CarMaker 14.0.1 - Car_Generic #5 (win64-14.0.1)
COMPILED	jetbrains@05dcd26e64f8 2025-01-28 11:06:46
 
		I/O Configuration: default
SIM_START	day4_5_scenario1	2025-05-20 19:38:58
TIME	0.000
SIMULATE	day4_5_scenario1

TIME	31.134
SIM_END		day4_5_scenario1	31.131s	161.131m
APPLICATION	CarMaker 14.0.1 - Car_Generic #5 (win64-14.0.1)
COMPILED	jetbrains@05dcd26e64f8 2025-01-28 11:06:46
 
		I/O Configuration: default
SIM_START	day4_5_scenario1	2025-05-20 19:44:46
TIME	0.000
SIMULATE	day4_5_scenario1

TIME	29.925
SIM_END		day4_5_scenario1	29.922s	154.23m
APPLICATION	CarMaker 14.0.1 - Car_Generic #5 (win64-14.0.1)
COMPILED	jetbrains@05dcd26e64f8 2025-01-28 11:06:46
 
		I/O Configuration: default
SIM_START	day4_5_scenario1	2025-05-20 19:52:47
TIME	0.000
SIMULATE	day4_5_scenario1

TIME	29.553
SIM_END		day4_5_scenario1	29.55s	155.508m
APPLICATION	CarMaker 14.0.1 - Car_Generic #5 (win64-14.0.1)
COMPILED	jetbrains@05dcd26e64f8 2025-01-28 11:06:46
 
		I/O Configuration: default
SIM_START	day4_5_scenario1	2025-05-20 19:54:20
TIME	0.000
SIMULATE	day4_5_scenario1

TIME	28.803
SIM_END		day4_5_scenario1	28.8s	151.835m
APPLICATION	CarMaker 14.0.1 - Car_Generic #5 (win64-14.0.1)
COMPILED	jetbrains@05dcd26e64f8 2025-01-28 11:06:46
 
		I/O Configuration: default
SIM_START	day4_5_scenario1	2025-05-20 19:59:39
TIME	0.000
SIMULATE	day4_5_scenario1

TIME	51.451
SIM_END		day4_5_scenario1	51.448s	279.158m
APPLICATION	CarMaker 14.0.1 - Car_Generic #5 (win64-14.0.1)
COMPILED	jetbrains@05dcd26e64f8 2025-01-28 11:06:46
 
		I/O Configuration: default
SIM_START	day4_5_scenario1	2025-05-20 20:01:42
TIME	0.000
SIMULATE	day4_5_scenario1

TIME	2.132
SIM_END		day4_5_scenario1	2.129s	9.69758m
APPLICATION	CarMaker 14.0.1 - Car_Generic #5 (win64-14.0.1)
COMPILED	jetbrains@05dcd26e64f8 2025-01-28 11:06:46
 
		I/O Configuration: default
SIM_START	day4_5_scenario1	2025-05-20 20:17:41
TIME	0.000
SIMULATE	day4_5_scenario1

SIM_END		day4_5_scenario1	0.5s	2.0601m
APPLICATION	CarMaker 14.0.1 - Car_Generic #5 (win64-14.0.1)
COMPILED	jetbrains@05dcd26e64f8 2025-01-28 11:06:46
 
		I/O Configuration: default
SIM_START	day4_5_scenario1	2025-05-20 20:18:37
TIME	0.000
SIMULATE	day4_5_scenario1

TIME	31.631
SIM_END		day4_5_scenario1	31.628s	169.287m
APPLICATION	CarMaker 14.0.1 - Car_Generic #5 (win64-14.0.1)
COMPILED	jetbrains@05dcd26e64f8 2025-01-28 11:06:46
 
		I/O Configuration: default
SIM_START	day4_5_scenario1	2025-05-20 21:03:12
TIME	0.000
SIMULATE	day4_5_scenario1

TIME	38.101
SIM_END		day4_5_scenario1	38.098s	212.714m
APPLICATION	CarMaker 14.0.1 - Car_Generic #5 (win64-14.0.1)
COMPILED	jetbrains@05dcd26e64f8 2025-01-28 11:06:46
 
		I/O Configuration: default
SIM_START	day4_5_scenario1	2025-05-20 21:10:32
TIME	0.000
SIMULATE	day4_5_scenario1

TIME	28.426
SIM_END		day4_5_scenario1	28.423s	153.875m
APPLICATION	CarMaker 14.0.1 - Car_Generic #5 (win64-14.0.1)
COMPILED	jetbrains@05dcd26e64f8 2025-01-28 11:06:46
 
		I/O Configuration: default
SIM_START	day4_5_scenario1	2025-05-20 21:12:19
TIME	0.000
SIMULATE	day4_5_scenario1

TIME	30.793
SIM_END		day4_5_scenario1	30.79s	167.922m
APPLICATION	CarMaker 14.0.1 - Car_Generic #5 (win64-14.0.1)
COMPILED	jetbrains@05dcd26e64f8 2025-01-28 11:06:46
 
		I/O Configuration: default
SIM_START	day4_5_scenario1	2025-05-20 21:13:48
TIME	0.000
SIMULATE	day4_5_scenario1

TIME	29.814
SIM_END		day4_5_scenario1	29.811s	162.063m
APPLICATION	CarMaker 14.0.1 - Car_Generic #5 (win64-14.0.1)
COMPILED	jetbrains@05dcd26e64f8 2025-01-28 11:06:46
 
		I/O Configuration: default
SIM_START	day4_5_scenario1	2025-05-20 21:18:12
TIME	0.000
SIMULATE	day4_5_scenario1

TIME	18.962
SIM_END		day4_5_scenario1	18.959s	101.019m
APPLICATION	CarMaker 14.0.1 - Car_Generic #5 (win64-14.0.1)
COMPILED	jetbrains@05dcd26e64f8 2025-01-28 11:06:46
 
		I/O Configuration: default
SIM_START	day4_5_scenario1	2025-05-20 21:19:05
TIME	0.000
SIMULATE	day4_5_scenario1

TIME	32.646
SIM_END		day4_5_scenario1	32.643s	179.844m
APPLICATION	CarMaker 14.0.1 - Car_Generic #5 (win64-14.0.1)
COMPILED	jetbrains@05dcd26e64f8 2025-01-28 11:06:46
 
		I/O Configuration: default
SIM_START	day4_5_scenario1	2025-05-20 21:21:18
TIME	0.000
SIMULATE	day4_5_scenario1

TIME	26.115
SIM_END		day4_5_scenario1	26.112s	139.839m
APPLICATION	CarMaker 14.0.1 - Car_Generic #5 (win64-14.0.1)
COMPILED	jetbrains@05dcd26e64f8 2025-01-28 11:06:46
 
		I/O Configuration: default
SIM_START	day4_5_scenario1	2025-05-20 21:28:19
TIME	0.000
SIMULATE	day4_5_scenario1

TIME	36.079
SIM_END		day4_5_scenario1	36.076s	195.066m
