APPLICATION	CarMaker 14.0.1 - Car_Generic #5 (win64-14.0.1)
COMPILED	jetbrains@05dcd26e64f8 2025-01-28 11:06:46
 
		I/O Configuration: default
SIM_START	day2_scenario1	2025-05-12 12:10:21
TIME	0.000
SIMULATE	day2_scenario1

TIME	24.537
SIM_END		day2_scenario1	24.537s	495.333m
APPLICATION	CarMaker 14.0.1 - Car_Generic #5 (win64-14.0.1)
COMPILED	jetbrains@05dcd26e64f8 2025-01-28 11:06:46
 
		I/O Configuration: default
SIM_START	day2_scenario1	2025-05-12 12:10:39
TIME	0.000
SIMULATE	day2_scenario1

TIME	24.538
SIM_END		day2_scenario1	24.538s	495.342m
APPLICATION	CarMaker 14.0.1 - Car_Generic #5 (win64-14.0.1)
COMPILED	jetbrains@05dcd26e64f8 2025-01-28 11:06:46
 
		I/O Configuration: default
SIM_START	day2_scenario1	2025-05-12 12:10:59
TIME	0.000
SIMULATE	day2_scenario1

TIME	24.544
SIM_END		day2_scenario1	24.544s	495.332m
APPLICATION	CarMaker 14.0.1 - Car_Generic #5 (win64-14.0.1)
COMPILED	jetbrains@05dcd26e64f8 2025-01-28 11:06:46
 
		I/O Configuration: default
SIM_START	day2_scenario1	2025-05-12 12:11:11
TIME	0.000
SIMULATE	day2_scenario1

TIME	24.537
SIM_END		day2_scenario1	24.537s	495.335m
APPLICATION	CarMaker 14.0.1 - Car_Generic #5 (win64-14.0.1)
COMPILED	jetbrains@05dcd26e64f8 2025-01-28 11:06:46
 
		I/O Configuration: default
SIM_START	day2_scenario1	2025-05-12 12:11:25
TIME	0.000
SIMULATE	day2_scenario1

TIME	24.538
SIM_END		day2_scenario1	24.538s	495.331m
APPLICATION	CarMaker 14.0.1 - Car_Generic #5 (win64-14.0.1)
COMPILED	jetbrains@05dcd26e64f8 2025-01-28 11:06:46
 
		I/O Configuration: default
SIM_START	day2_scenario1	2025-05-12 12:11:36
TIME	0.000
SIMULATE	day2_scenario1

TIME	24.551
SIM_END		day2_scenario1	24.551s	495.334m
APPLICATION	CarMaker 14.0.1 - Car_Generic #5 (win64-14.0.1)
COMPILED	jetbrains@05dcd26e64f8 2025-01-28 11:06:46
 
		I/O Configuration: default
SIM_START	day2_scenario1	2025-05-12 12:11:46
TIME	0.000
SIMULATE	day2_scenario1

TIME	24.551
SIM_END		day2_scenario1	24.551s	495.334m
APPLICATION	CarMaker 14.0.1 - Car_Generic #5 (win64-14.0.1)
COMPILED	jetbrains@05dcd26e64f8 2025-01-28 11:06:46
 
		I/O Configuration: default
SIM_START	day2_scenario1	2025-05-12 12:11:57
TIME	0.000
SIMULATE	day2_scenario1

TIME	24.572
SIM_END		day2_scenario1	24.572s	495.341m
APPLICATION	CarMaker 14.0.1 - Car_Generic #5 (win64-14.0.1)
COMPILED	jetbrains@05dcd26e64f8 2025-01-28 11:06:46
 
		I/O Configuration: default
SIM_START	day2_scenario1	2025-05-12 12:12:21
TIME	0.000
SIMULATE	day2_scenario1

TIME	24.553
SIM_END		day2_scenario1	24.553s	495.341m
APPLICATION	CarMaker 14.0.1 - Car_Generic #5 (win64-14.0.1)
COMPILED	jetbrains@05dcd26e64f8 2025-01-28 11:06:46
 
		I/O Configuration: default
SIM_START	day2_scenario1	2025-05-12 12:12:38
TIME	0.000
SIMULATE	day2_scenario1

TIME	24.553
SIM_END		day2_scenario1	24.553s	495.321m
APPLICATION	CarMaker 14.0.1 - Car_Generic #5 (win64-14.0.1)
COMPILED	jetbrains@05dcd26e64f8 2025-01-28 11:06:46
 
		I/O Configuration: default
SIM_START	day2_scenario1	2025-05-12 12:12:53
TIME	0.000
SIMULATE	day2_scenario1

TIME	24.562
SIM_END		day2_scenario1	24.562s	495.335m
APPLICATION	CarMaker 14.0.1 - Car_Generic #5 (win64-14.0.1)
COMPILED	jetbrains@05dcd26e64f8 2025-01-28 11:06:46
 
		I/O Configuration: default
SIM_START	day2_scenario1	2025-05-12 12:13:24
TIME	0.000
SIMULATE	day2_scenario1

TIME	24.562
SIM_END		day2_scenario1	24.562s	495.335m
APPLICATION	CarMaker 14.0.1 - Car_Generic #5 (win64-14.0.1)
COMPILED	jetbrains@05dcd26e64f8 2025-01-28 11:06:46
 
		I/O Configuration: default
SIM_START	day2_scenario1	2025-05-12 12:14:09
TIME	0.000
SIMULATE	day2_scenario1

TIME	24.537
SIM_END		day2_scenario1	24.537s	495.335m
APPLICATION	CarMaker 14.0.1 - Car_Generic #5 (win64-14.0.1)
COMPILED	jetbrains@05dcd26e64f8 2025-01-28 11:06:46
 
		I/O Configuration: default
SIM_START	day2_scenario1	2025-05-12 12:15:52
TIME	0.000
SIMULATE	day2_scenario1

TIME	24.537
SIM_END		day2_scenario1	24.537s	495.333m
APPLICATION	CarMaker 14.0.1 - Car_Generic #5 (win64-14.0.1)
COMPILED	jetbrains@05dcd26e64f8 2025-01-28 11:06:46
 
		I/O Configuration: default
SIM_START	day2_scenario1	2025-05-12 12:16:12
TIME	0.000
SIMULATE	day2_scenario1

TIME	24.510
SIM_END		day2_scenario1	24.51s	495.324m
APPLICATION	CarMaker 14.0.1 - Car_Generic #5 (win64-14.0.1)
COMPILED	jetbrains@05dcd26e64f8 2025-01-28 11:06:46
 
		I/O Configuration: default
SIM_START	day2_scenario1	2025-05-12 12:28:19
TIME	0.000
SIMULATE	day2_scenario1

TIME	3320.367
SIM_END		day2_scenario1	3320.36s	57.0693m
APPLICATION	CarMaker 14.0.1 - Car_Generic #5 (win64-14.0.1)
COMPILED	jetbrains@05dcd26e64f8 2025-01-28 11:06:46
 
		I/O Configuration: default
SIM_START	day2_scenario1	2025-05-12 12:30:23
TIME	0.000
SIMULATE	day2_scenario1

TIME	193.027
SIM_END		day2_scenario1	193.024s	57.0693m
APPLICATION	CarMaker 14.0.1 - Car_Generic #5 (win64-14.0.1)
COMPILED	jetbrains@05dcd26e64f8 2025-01-28 11:06:46
 
		I/O Configuration: default
SIM_START	day2_scenario1	2025-05-12 12:30:42
TIME	0.000
SIMULATE	day2_scenario1

TIME	322.578
SIM_END		day2_scenario1	322.575s	40.5989m
APPLICATION	CarMaker 14.0.1 - Car_Generic #5 (win64-14.0.1)
COMPILED	jetbrains@05dcd26e64f8 2025-01-28 11:06:46
 
		I/O Configuration: default
SIM_START	day2_scenario1	2025-05-12 12:31:03
TIME	0.000
SIMULATE	day2_scenario1

TIME	574.411
SIM_END		day2_scenario1	574.408s	39.1301m
APPLICATION	CarMaker 14.0.1 - Car_Generic #5 (win64-14.0.1)
COMPILED	jetbrains@05dcd26e64f8 2025-01-28 11:06:46
 
		I/O Configuration: default
SIM_START	day2_scenario1	2025-05-12 12:31:28
TIME	0.000
SIMULATE	day2_scenario1

TIME	362.260
SIM_END		day2_scenario1	362.257s	39.2229m
APPLICATION	CarMaker 14.0.1 - Car_Generic #5 (win64-14.0.1)
COMPILED	jetbrains@05dcd26e64f8 2025-01-28 11:06:46
 
		I/O Configuration: default
SIM_START	day2_scenario1	2025-05-12 12:32:03
TIME	0.000
SIMULATE	day2_scenario1

TIME	332.292
SIM_END		day2_scenario1	332.289s	39.2229m
APPLICATION	CarMaker 14.0.1 - Car_Generic #5 (win64-14.0.1)
COMPILED	jetbrains@05dcd26e64f8 2025-01-28 11:06:46
 
		I/O Configuration: default
SIM_START	day2_scenario1	2025-05-12 14:05:09
TIME	0.000
SIMULATE	day2_scenario1

TIME	228.371
SIM_END		day2_scenario1	228.368s	39.1175m
APPLICATION	CarMaker 14.0.1 - Car_Generic #5 (win64-14.0.1)
COMPILED	jetbrains@05dcd26e64f8 2025-01-28 11:06:46
 
		I/O Configuration: default
SIM_START	day2_scenario1	2025-05-12 14:06:12
TIME	0.000
SIMULATE	day2_scenario1

TIME	242.635
SIM_END		day2_scenario1	242.632s	40.1578m
APPLICATION	CarMaker 14.0.1 - Car_Generic #5 (win64-14.0.1)
COMPILED	jetbrains@05dcd26e64f8 2025-01-28 11:06:46
 
		I/O Configuration: default
SIM_START	day2_scenario1	2025-05-12 14:07:15
TIME	0.000
SIMULATE	day2_scenario1

TIME	192.019
SIM_END		day2_scenario1	192.016s	40.9519m
APPLICATION	CarMaker 14.0.1 - Car_Generic #5 (win64-14.0.1)
COMPILED	jetbrains@05dcd26e64f8 2025-01-28 11:06:46
 
		I/O Configuration: default
SIM_START	day2_scenario2	2025-05-12 14:09:35
TIME	0.001
		Current random seed value = 1747026575
TIME	0.000
SIMULATE	day2_scenario2

TIME	85.962
SIM_END		day2_scenario2	85.959s	4.59682e-06m
APPLICATION	CarMaker 14.0.1 - Car_Generic #5 (win64-14.0.1)
COMPILED	jetbrains@05dcd26e64f8 2025-01-28 11:06:46
 
		I/O Configuration: default
SIM_START	day2_scenario2	2025-05-12 14:10:04
TIME	0.001
		Current random seed value = 1747026604
TIME	0.000
SIMULATE	day2_scenario2

TIME	55.441
SIM_END		day2_scenario2	55.438s	4.56366e-06m
APPLICATION	CarMaker 14.0.1 - Car_Generic #5 (win64-14.0.1)
COMPILED	jetbrains@05dcd26e64f8 2025-01-28 11:06:46
 
		I/O Configuration: default
SIM_START	day2_scenario2	2025-05-12 14:10:23
TIME	0.001
		Current random seed value = 1747026623
TIME	0.000
SIMULATE	day2_scenario2

TIME	96.428
SIM_END		day2_scenario2	96.425s	4.6081e-06m
APPLICATION	CarMaker 14.0.1 - Car_Generic #5 (win64-14.0.1)
COMPILED	jetbrains@05dcd26e64f8 2025-01-28 11:06:46
 
		I/O Configuration: default
SIM_START	day2_scenario2	2025-05-12 14:10:50
TIME	0.001
		Current random seed value = 1747026650
TIME	0.000
SIMULATE	day2_scenario2

TIME	89.324
SIM_END		day2_scenario2	89.321s	4.60176e-06m
APPLICATION	CarMaker 14.0.1 - Car_Generic #5 (win64-14.0.1)
COMPILED	jetbrains@05dcd26e64f8 2025-01-28 11:06:46
 
		I/O Configuration: default
SIM_START	day2_scenario2	2025-05-12 14:12:06
TIME	0.001
		Current random seed value = 1747026726
TIME	0.000
SIMULATE	day2_scenario2

TIME	21.754
SIM_END		day2_scenario2	21.751s	4.50203e-06m
APPLICATION	CarMaker 14.0.1 - Car_Generic #5 (win64-14.0.1)
COMPILED	jetbrains@05dcd26e64f8 2025-01-28 11:06:46
 
		I/O Configuration: default
SIM_START	day2_scenario2	2025-05-12 14:12:42
TIME	0.001
		Current random seed value = 1747026762
TIME	0.000
SIMULATE	day2_scenario2

TIME	16.585
SIM_END		day2_scenario2	16.582s	4.48049e-06m
APPLICATION	CarMaker 14.0.1 - Car_Generic #5 (win64-14.0.1)
COMPILED	jetbrains@05dcd26e64f8 2025-01-28 11:06:46
 
		I/O Configuration: default
SIM_START	day2_scenario2	2025-05-12 14:13:01
TIME	0.001
		Current random seed value = 1747026781
TIME	0.000
SIMULATE	day2_scenario2

TIME	16.419
SIM_END		day2_scenario2	16.416s	4.47969e-06m
APPLICATION	CarMaker 14.0.1 - Car_Generic #5 (win64-14.0.1)
COMPILED	jetbrains@05dcd26e64f8 2025-01-28 11:06:46
 
		I/O Configuration: default
SIM_START	day2_scenario2	2025-05-12 14:13:27
TIME	0.001
		Current random seed value = 1747026807
TIME	0.000
SIMULATE	day2_scenario2

TIME	39.609
SIM_END		day2_scenario2	39.606s	4.54399e-06m
APPLICATION	CarMaker 14.0.1 - Car_Generic #5 (win64-14.0.1)
COMPILED	jetbrains@05dcd26e64f8 2025-01-28 11:06:46
 
		I/O Configuration: default
SIM_START	day2_scenario3	2025-05-12 14:14:52
TIME	0.001
		Current random seed value = 1747026892
TIME	0.000
SIMULATE	day2_scenario3

TIME	33.443
SIM_END		day2_scenario3	33.44s	4.53341e-06m
APPLICATION	CarMaker 14.0.1 - Car_Generic #5 (win64-14.0.1)
COMPILED	jetbrains@05dcd26e64f8 2025-01-28 11:06:46
 
		I/O Configuration: default
SIM_START	day2_scenario3	2025-05-12 14:16:00
TIME	0.001
		Current random seed value = 1747026960
TIME	0.000
SIMULATE	day2_scenario3

TIME	235.207
SIM_END		day2_scenario3	235.204s	4.7632e-06m
APPLICATION	CarMaker 14.0.1 - Car_Generic #5 (win64-14.0.1)
COMPILED	jetbrains@05dcd26e64f8 2025-01-28 11:06:46
 
		I/O Configuration: default
SIM_START	day2_scenario2	2025-05-12 14:17:15
TIME	0.001
		Current random seed value = 1747027035
TIME	0.000
SIMULATE	day2_scenario2

TIME	85.026
SIM_END		day2_scenario2	85.023s	4.59701e-06m
APPLICATION	CarMaker 14.0.1 - Car_Generic #5 (win64-14.0.1)
COMPILED	jetbrains@05dcd26e64f8 2025-01-28 11:06:46
 
		I/O Configuration: default
SIM_START	day2_scenario2	2025-05-12 14:17:48
TIME	0.001
		Current random seed value = 1747027068
TIME	0.000
SIMULATE	day2_scenario2

TIME	17.669
SIM_END		day2_scenario2	17.666s	4.48553e-06m
APPLICATION	CarMaker 14.0.1 - Car_Generic #5 (win64-14.0.1)
COMPILED	jetbrains@05dcd26e64f8 2025-01-28 11:06:46
 
		I/O Configuration: default
SIM_START	day2_scenario2	2025-05-12 14:45:01
TIME	0.001
		Current random seed value = 1747028701
TIME	0.000
SIMULATE	day2_scenario2

TIME	83.678
SIM_END		day2_scenario2	83.675s	4.59553e-06m
APPLICATION	CarMaker 14.0.1 - Car_Generic #5 (win64-14.0.1)
COMPILED	jetbrains@05dcd26e64f8 2025-01-28 11:06:46
 
		I/O Configuration: default
SIM_START	day2_scenario2	2025-05-12 14:45:44
TIME	0.001
		Current random seed value = 1747028744
TIME	0.000
SIMULATE	day2_scenario2

TIME	95.766
SIM_END		day2_scenario2	95.763s	4.60887e-06m
APPLICATION	CarMaker 14.0.1 - Car_Generic #5 (win64-14.0.1)
COMPILED	jetbrains@05dcd26e64f8 2025-01-28 11:06:46
 
		I/O Configuration: default
SIM_START	day2_scenario2	2025-05-12 14:46:06
TIME	0.001
		Current random seed value = 1747028766
TIME	0.000
SIMULATE	day2_scenario2

TIME	184.048
SIM_END		day2_scenario2	184.045s	4.70656e-06m
APPLICATION	CarMaker 14.0.1 - Car_Generic #5 (win64-14.0.1)
COMPILED	jetbrains@05dcd26e64f8 2025-01-28 11:06:46
 
		I/O Configuration: default
SIM_START	day2_scenario2	2025-05-12 14:47:05
TIME	0.001
		Current random seed value = 1747028825
TIME	0.000
SIMULATE	day2_scenario2

TIME	208.953
SIM_END		day2_scenario2	208.95s	4.73413e-06m
APPLICATION	CarMaker 14.0.1 - Car_Generic #5 (win64-14.0.1)
COMPILED	jetbrains@05dcd26e64f8 2025-01-28 11:06:46
 
		I/O Configuration: default
SIM_START	day2_scenario2	2025-05-12 14:47:58
TIME	0.001
		Current random seed value = 1747028878
TIME	0.000
SIMULATE	day2_scenario2

TIME	118.953
SIM_END		day2_scenario2	118.95s	4.63451e-06m
APPLICATION	CarMaker 14.0.1 - Car_Generic #5 (win64-14.0.1)
COMPILED	jetbrains@05dcd26e64f8 2025-01-28 11:06:46
 
		I/O Configuration: default
SIM_START	day2_scenario2	2025-05-12 14:48:16
TIME	0.001
		Current random seed value = 1747028896
TIME	0.000
SIMULATE	day2_scenario2

TIME	74.118
SIM_END		day2_scenario2	74.115s	4.58497e-06m
APPLICATION	CarMaker 14.0.1 - Car_Generic #5 (win64-14.0.1)
COMPILED	jetbrains@05dcd26e64f8 2025-01-28 11:06:46
 
		I/O Configuration: default
SIM_START	day2_scenario2	2025-05-12 14:48:42
TIME	0.001
		Current random seed value = 1747028922
TIME	0.000
SIMULATE	day2_scenario2

TIME	36.153
SIM_END		day2_scenario2	36.15s	4.5384e-06m
APPLICATION	CarMaker 14.0.1 - Car_Generic #5 (win64-14.0.1)
COMPILED	jetbrains@05dcd26e64f8 2025-01-28 11:06:46
 
		I/O Configuration: default
SIM_START	day2_scenario2	2025-05-12 14:48:56
TIME	0.001
		Current random seed value = 1747028936
TIME	0.000
SIMULATE	day2_scenario2

TIME	41.299
SIM_END		day2_scenario2	41.296s	4.54647e-06m
APPLICATION	CarMaker 14.0.1 - Car_Generic #5 (win64-14.0.1)
COMPILED	jetbrains@05dcd26e64f8 2025-01-28 11:06:46
 
		I/O Configuration: default
SIM_START	day2_scenario2	2025-05-12 14:49:53
TIME	0.001
		Current random seed value = 1747028993
TIME	0.000
SIMULATE	day2_scenario2

TIME	91.365
SIM_END		day2_scenario2	91.362s	4.60401e-06m
APPLICATION	CarMaker 14.0.1 - Car_Generic #5 (win64-14.0.1)
COMPILED	jetbrains@05dcd26e64f8 2025-01-28 11:06:46
 
		I/O Configuration: default
SIM_START	day2_scenario2	2025-05-12 14:50:25
TIME	0.001
		Current random seed value = 1747029025
TIME	0.000
SIMULATE	day2_scenario2

TIME	111.506
SIM_END		day2_scenario2	111.503s	4.62627e-06m
APPLICATION	CarMaker 14.0.1 - Car_Generic #5 (win64-14.0.1)
COMPILED	jetbrains@05dcd26e64f8 2025-01-28 11:06:46
 
		I/O Configuration: default
SIM_START	day2_scenario2	2025-05-12 14:56:31
TIME	0.001
		Current random seed value = 1747029391
TIME	0.000
SIMULATE	day2_scenario2

TIME	207.641
SIM_END		day2_scenario2	207.638s	4.73556e-06m
APPLICATION	CarMaker 14.0.1 - Car_Generic #5 (win64-14.0.1)
COMPILED	jetbrains@05dcd26e64f8 2025-01-28 11:06:46
 
		I/O Configuration: default
SIM_START	day2_scenario2	2025-05-12 14:57:21
TIME	0.001
		Current random seed value = 1747029441
TIME	0.000
SIMULATE	day2_scenario2

TIME	81.497
SIM_END		day2_scenario2	81.494s	4.5958e-06m
APPLICATION	CarMaker 14.0.1 - Car_Generic #5 (win64-14.0.1)
COMPILED	jetbrains@05dcd26e64f8 2025-01-28 11:06:46
 
		I/O Configuration: default
SIM_START	day2_scenario2	2025-05-12 15:00:22
TIME	0.001
		Current random seed value = 1747029622
TIME	0.000
SIMULATE	day2_scenario2

TIME	166.950
SIM_END		day2_scenario2	166.947s	4.68763e-06m
APPLICATION	CarMaker 14.0.1 - Car_Generic #5 (win64-14.0.1)
COMPILED	jetbrains@05dcd26e64f8 2025-01-28 11:06:46
 
		I/O Configuration: default
SIM_START	day2_scenario2	2025-05-12 15:10:50
TIME	0.001
		Current random seed value = 1747030250
TIME	0.000
SIMULATE	day2_scenario2

TIME	43.539
SIM_END		day2_scenario2	43.536s	4.54958e-06m
APPLICATION	CarMaker 14.0.1 - Car_Generic #5 (win64-14.0.1)
COMPILED	jetbrains@05dcd26e64f8 2025-01-28 11:06:46
 
		I/O Configuration: default
SIM_START	day2_scenario2	2025-05-12 16:11:53
TIME	0.001
		Current random seed value = 1747033913
TIME	0.000
SIMULATE	day2_scenario2

TIME	155.505
SIM_END		day2_scenario2	155.502s	4.67496e-06m
APPLICATION	CarMaker 14.0.1 - Car_Generic #5 (win64-14.0.1)
COMPILED	jetbrains@05dcd26e64f8 2025-01-28 11:06:46
 
		I/O Configuration: default
SIM_START	day2_scenario2	2025-05-12 16:12:31
TIME	0.001
		Current random seed value = 1747033951
TIME	0.000
SIMULATE	day2_scenario2

TIME	357.803
SIM_END		day2_scenario2	357.8s	4.89893e-06m
APPLICATION	CarMaker 14.0.1 - Car_Generic #5 (win64-14.0.1)
COMPILED	jetbrains@05dcd26e64f8 2025-01-28 11:06:46
 
		I/O Configuration: default
SIM_START	day2_scenario2	2025-05-12 16:12:54
TIME	0.001
		Current random seed value = 1747033974
TIME	0.000
SIMULATE	day2_scenario2

TIME	174.058
SIM_END		day2_scenario2	174.055s	4.6955e-06m
APPLICATION	CarMaker 14.0.1 - Car_Generic #5 (win64-14.0.1)
COMPILED	jetbrains@05dcd26e64f8 2025-01-28 11:06:46
 
		I/O Configuration: default
SIM_START	day2_scenario2	2025-05-12 16:14:10
TIME	0.001
		Current random seed value = 1747034050
TIME	0.000
SIMULATE	day2_scenario2

TIME	89.220
SIM_END		day2_scenario2	89.217s	4.60708e-06m
APPLICATION	CarMaker 14.0.1 - Car_Generic #5 (win64-14.0.1)
COMPILED	jetbrains@05dcd26e64f8 2025-01-28 11:06:46
 
		I/O Configuration: default
SIM_START	day2_scenario2	2025-05-12 16:15:30
TIME	0.001
		Current random seed value = 1747034130
TIME	0.000
SIMULATE	day2_scenario2

TIME	54.280
SIM_END		day2_scenario2	54.277s	4.56277e-06m
APPLICATION	CarMaker 14.0.1 - Car_Generic #5 (win64-14.0.1)
COMPILED	jetbrains@05dcd26e64f8 2025-01-28 11:06:46
 
		I/O Configuration: default
SIM_START	day2_scenario2	2025-05-12 16:42:13
TIME	0.001
		Current random seed value = 1747035733
TIME	0.000
SIMULATE	day2_scenario2

TIME	372.584
SIM_END		day2_scenario2	372.581s	485.15m
APPLICATION	CarMaker 14.0.1 - Car_Generic #5 (win64-14.0.1)
COMPILED	jetbrains@05dcd26e64f8 2025-01-28 11:06:46
 
		I/O Configuration: default
SIM_START	day2_scenario2	2025-05-12 16:46:38
TIME	0.001
		Current random seed value = 1747035998
TIME	0.000
SIMULATE	day2_scenario2

TIME	56.163
SIM_END		day2_scenario2	56.163s	495.326m
APPLICATION	CarMaker 14.0.1 - Car_Generic #5 (win64-14.0.1)
COMPILED	jetbrains@05dcd26e64f8 2025-01-28 11:06:46
 
		I/O Configuration: default
SIM_START	day2_scenario2	2025-05-12 16:47:35
TIME	0.001
		Current random seed value = 1747036055
TIME	0.000
SIMULATE	day2_scenario2

TIME	91.073
SIM_END		day2_scenario2	91.07s	8.14598e-05m
APPLICATION	CarMaker 14.0.1 - Car_Generic #5 (win64-14.0.1)
COMPILED	jetbrains@05dcd26e64f8 2025-01-28 11:06:46
 
		I/O Configuration: default
SIM_START	day2_scenario2	2025-05-12 16:47:49
TIME	0.001
		Current random seed value = 1747036069
TIME	0.000
SIMULATE	day2_scenario2

TIME	116.654
SIM_END		day2_scenario2	116.651s	487.164m
APPLICATION	CarMaker 14.0.1 - Car_Generic #5 (win64-14.0.1)
COMPILED	jetbrains@05dcd26e64f8 2025-01-28 11:06:46
 
		I/O Configuration: default
SIM_START	day2_scenario2	2025-05-12 16:48:26
TIME	0.001
		Current random seed value = 1747036106
TIME	0.000
SIMULATE	day2_scenario2

TIME	482.523
SIM_END		day2_scenario2	482.52s	479.616m
APPLICATION	CarMaker 14.0.1 - Car_Generic #5 (win64-14.0.1)
COMPILED	jetbrains@05dcd26e64f8 2025-01-28 11:06:46
 
		I/O Configuration: default
SIM_START	day2_scenario2	2025-05-12 16:49:11
TIME	0.001
		Current random seed value = 1747036151
TIME	0.000
SIMULATE	day2_scenario2

TIME	117.899
SIM_END		day2_scenario2	117.896s	479.542m
APPLICATION	CarMaker 14.0.1 - Car_Generic #5 (win64-14.0.1)
COMPILED	jetbrains@05dcd26e64f8 2025-01-28 11:06:46
 
		I/O Configuration: default
SIM_START	day2_scenario2	2025-05-12 16:49:35
TIME	0.001
		Current random seed value = 1747036175
TIME	0.000
SIMULATE	day2_scenario2

TIME	56.602
SIM_END		day2_scenario2	56.602s	495.384m
APPLICATION	CarMaker 14.0.1 - Car_Generic #5 (win64-14.0.1)
COMPILED	jetbrains@05dcd26e64f8 2025-01-28 11:06:46
 
		I/O Configuration: default
SIM_START	day2_scenario2	2025-05-12 16:49:58
TIME	0.001
		Current random seed value = 1747036198
TIME	0.000
SIMULATE	day2_scenario2

TIME	27.946
SIM_END		day2_scenario2	27.946s	495.34m
APPLICATION	CarMaker 14.0.1 - Car_Generic #5 (win64-14.0.1)
COMPILED	jetbrains@05dcd26e64f8 2025-01-28 11:06:46
 
		I/O Configuration: default
SIM_START	day2_scenario2	2025-05-12 16:50:28
TIME	0.001
		Current random seed value = 1747036228
TIME	0.000
SIMULATE	day2_scenario2

TIME	737.185
SIM_END		day2_scenario2	737.182s	138.954m
APPLICATION	CarMaker 14.0.1 - Car_Generic #5 (win64-14.0.1)
COMPILED	jetbrains@05dcd26e64f8 2025-01-28 11:06:46
 
		I/O Configuration: default
SIM_START	day2_scenario2	2025-05-12 16:51:23
TIME	0.001
		Current random seed value = 1747036283
TIME	0.000
SIMULATE	day2_scenario2

TIME	47.497
SIM_END		day2_scenario2	47.494s	408.785m
APPLICATION	CarMaker 14.0.1 - Car_Generic #5 (win64-14.0.1)
COMPILED	jetbrains@05dcd26e64f8 2025-01-28 11:06:46
 
		I/O Configuration: default
SIM_START	day2_scenario2	2025-05-12 16:51:41
TIME	0.001
		Current random seed value = 1747036301
TIME	0.000
SIMULATE	day2_scenario2

TIME	88.790
SIM_END		day2_scenario2	88.787s	119.54m
APPLICATION	CarMaker 14.0.1 - Car_Generic #5 (win64-14.0.1)
COMPILED	jetbrains@05dcd26e64f8 2025-01-28 11:06:46
 
		I/O Configuration: default
SIM_START	day2_scenario2	2025-05-12 16:52:02
TIME	0.001
		Current random seed value = 1747036322
TIME	0.000
SIMULATE	day2_scenario2

TIME	59.620
SIM_END		day2_scenario2	59.62s	495.379m
APPLICATION	CarMaker 14.0.1 - Car_Generic #5 (win64-14.0.1)
COMPILED	jetbrains@05dcd26e64f8 2025-01-28 11:06:46
 
		I/O Configuration: default
SIM_START	day2_scenario2	2025-05-12 16:52:21
TIME	0.001
		Current random seed value = 1747036341
TIME	0.000
SIMULATE	day2_scenario2

TIME	214.295
SIM_END		day2_scenario2	214.292s	115.41m
APPLICATION	CarMaker 14.0.1 - Car_Generic #5 (win64-14.0.1)
COMPILED	jetbrains@05dcd26e64f8 2025-01-28 11:06:46
 
		I/O Configuration: default
SIM_START	day2_scenario2	2025-05-12 16:52:53
TIME	0.001
		Current random seed value = 1747036373
TIME	0.000
SIMULATE	day2_scenario2

TIME	227.158
SIM_END		day2_scenario2	227.155s	116.005m
APPLICATION	CarMaker 14.0.1 - Car_Generic #5 (win64-14.0.1)
COMPILED	jetbrains@05dcd26e64f8 2025-01-28 11:06:46
 
		I/O Configuration: default
SIM_START	day2_scenario2	2025-05-12 16:53:20
TIME	0.001
		Current random seed value = 1747036400
TIME	0.000
SIMULATE	day2_scenario2

TIME	75.116
SIM_END		day2_scenario2	75.113s	114.904m
APPLICATION	CarMaker 14.0.1 - Car_Generic #5 (win64-14.0.1)
COMPILED	jetbrains@05dcd26e64f8 2025-01-28 11:06:46
 
		I/O Configuration: default
SIM_START	day2_scenario2	2025-05-12 16:53:40
TIME	0.001
		Current random seed value = 1747036420
TIME	0.000
SIMULATE	day2_scenario2

TIME	143.758
SIM_END		day2_scenario2	143.755s	164.456m
APPLICATION	CarMaker 14.0.1 - Car_Generic #5 (win64-14.0.1)
COMPILED	jetbrains@05dcd26e64f8 2025-01-28 11:06:46
 
		I/O Configuration: default
SIM_START	day2_scenario2	2025-05-12 16:53:58
TIME	0.001
		Current random seed value = 1747036438
TIME	0.000
SIMULATE	day2_scenario2

TIME	129.327
SIM_END		day2_scenario2	129.324s	159.459m
APPLICATION	CarMaker 14.0.1 - Car_Generic #5 (win64-14.0.1)
COMPILED	jetbrains@05dcd26e64f8 2025-01-28 11:06:46
 
		I/O Configuration: default
SIM_START	day2_scenario2	2025-05-12 16:54:50
TIME	0.001
		Current random seed value = 1747036490
TIME	0.000
SIMULATE	day2_scenario2

TIME	381.806
SIM_END		day2_scenario2	381.803s	161.525m
APPLICATION	CarMaker 14.0.1 - Car_Generic #5 (win64-14.0.1)
COMPILED	jetbrains@05dcd26e64f8 2025-01-28 11:06:46
 
		I/O Configuration: default
SIM_START	day2_scenario2	2025-05-12 16:55:25
TIME	0.001
		Current random seed value = 1747036525
TIME	0.000
SIMULATE	day2_scenario2

TIME	27.922
SIM_END		day2_scenario2	27.922s	495.353m
APPLICATION	CarMaker 14.0.1 - Car_Generic #5 (win64-14.0.1)
COMPILED	jetbrains@05dcd26e64f8 2025-01-28 11:06:46
 
		I/O Configuration: default
SIM_START	day2_scenario2	2025-05-12 16:55:44
TIME	0.001
		Current random seed value = 1747036544
TIME	0.000
SIMULATE	day2_scenario2

TIME	25.520
SIM_END		day2_scenario2	25.52s	495.33m
