APPLICATION	CarMaker 14.0.1 - Car_Generic #5 (win64-14.0.1)
COMPILED	jetbrains@05dcd26e64f8 2025-01-28 11:06:46
 
		I/O Configuration: default
SIM_START	day4_5_scenario1	2025-05-19 11:26:08
TIME	0.000
SIMULATE	day4_5_scenario1

TIME	11.003
SIM_END		day4_5_scenario1	11s	1.14141e-05m
APPLICATION	CarMaker 14.0.1 - Car_Generic #5 (win64-14.0.1)
COMPILED	jetbrains@05dcd26e64f8 2025-01-28 11:06:46
 
		I/O Configuration: default
SIM_START	day4_5_scenario1	2025-05-19 11:27:13
TIME	0.000
SIMULATE	day4_5_scenario1

TIME	61.203
SIM_END		day4_5_scenario1	61.2s	6.20638e-05m
APPLICATION	CarMaker 14.0.1 - Car_Generic #5 (win64-14.0.1)
COMPILED	jetbrains@05dcd26e64f8 2025-01-28 11:06:46
 
		I/O Configuration: default
SIM_START	day4_5_scenario1	2025-05-19 11:31:02
TIME	0.000
SIMULATE	day4_5_scenario1

TIME	8.403
SIM_END		day4_5_scenario1	8.4s	46.4894m
APPLICATION	CarMaker 14.0.1 - Car_Generic #5 (win64-14.0.1)
COMPILED	jetbrains@05dcd26e64f8 2025-01-28 11:06:46
 
		I/O Configuration: default
SIM_START	day4_5_scenario1	2025-05-19 11:38:13
TIME	0.000
SIMULATE	day4_5_scenario1

TIME	8.652
SIM_END		day4_5_scenario1	8.649s	47.8684m
APPLICATION	CarMaker 14.0.1 - Car_Generic #5 (win64-14.0.1)
COMPILED	jetbrains@05dcd26e64f8 2025-01-28 11:06:46
 
		I/O Configuration: default
SIM_START	day4_5_scenario1	2025-05-19 11:39:24
TIME	0.000
SIMULATE	day4_5_scenario1

TIME	2.853
SIM_END		day4_5_scenario1	2.85s	15.6763m
APPLICATION	CarMaker 14.0.1 - Car_Generic #5 (win64-14.0.1)
COMPILED	jetbrains@05dcd26e64f8 2025-01-28 11:06:46
 
		I/O Configuration: default
SIM_START	day4_5_scenario1	2025-05-19 11:41:24
TIME	0.000
SIMULATE	day4_5_scenario1

SIM_END		day4_5_scenario1	0.549s	3.02183m
APPLICATION	CarMaker 14.0.1 - Car_Generic #5 (win64-14.0.1)
COMPILED	jetbrains@05dcd26e64f8 2025-01-28 11:06:46
 
		I/O Configuration: default
SIM_START	day4_5_scenario1	2025-05-19 11:42:14
TIME	0.000
SIMULATE	day4_5_scenario1

SIM_END		day4_5_scenario1	1.899s	10.4219m
APPLICATION	CarMaker 14.0.1 - Car_Generic #5 (win64-14.0.1)
COMPILED	jetbrains@05dcd26e64f8 2025-01-28 11:06:46
 
		I/O Configuration: default
SIM_START	day4_5_scenario1	2025-05-19 12:11:42
TIME	0.000
SIMULATE	day4_5_scenario1

SIM_END		day4_5_scenario1	0.037s	0.210888m
APPLICATION	CarMaker 14.0.1 - Car_Generic #5 (win64-14.0.1)
COMPILED	jetbrains@05dcd26e64f8 2025-01-28 11:06:46
 
		I/O Configuration: default
SIM_START	day4_5_scenario1	2025-05-19 12:28:30
TIME	0.000
SIMULATE	day4_5_scenario1

SIM_END		day4_5_scenario1	0.092s	0.50634m
APPLICATION	CarMaker 14.0.1 - Car_Generic #5 (win64-14.0.1)
COMPILED	jetbrains@05dcd26e64f8 2025-01-28 11:06:46
 
		I/O Configuration: default
SIM_START	day4_5_scenario1	2025-05-19 12:31:33
TIME	0.000
SIMULATE	day4_5_scenario1

SIM_END		day4_5_scenario1	0.029s	0.166526m
APPLICATION	CarMaker 14.0.1 - Car_Generic #5 (win64-14.0.1)
COMPILED	jetbrains@05dcd26e64f8 2025-01-28 11:06:46
 
		I/O Configuration: default
SIM_START	day4_5_scenario1	2025-05-19 12:33:16
TIME	0.000
SIMULATE	day4_5_scenario1

SIM_END		day4_5_scenario1	0.049s	0.277365m
