APPLICATION	CarMaker 14.0.1 - Car_Generic #5 (win64-14.0.1)
COMPILED	jetbrains@05dcd26e64f8 2025-01-28 11:06:46
 
		I/O Configuration: default
SIM_START	day4_5_scenario1	2025-05-19 14:36:10
TIME	0.000
SIMULATE	day4_5_scenario1

SIM_END		day4_5_scenario1	0.327s	8.03674e-06m
APPLICATION	CarMaker 14.0.1 - Car_Generic #5 (win64-14.0.1)
COMPILED	jetbrains@05dcd26e64f8 2025-01-28 11:06:46
 
		I/O Configuration: default
SIM_START	day4_5_scenario1	2025-05-19 14:36:55
TIME	0.000
SIMULATE	day4_5_scenario1

SIM_END		day4_5_scenario1	0.278s	1.53883m
APPLICATION	CarMaker 14.0.1 - Car_Generic #5 (win64-14.0.1)
COMPILED	jetbrains@05dcd26e64f8 2025-01-28 11:06:46
 
		I/O Configuration: default
SIM_START	day4_5_scenario1	2025-05-19 14:38:19
TIME	0.000
SIMULATE	day4_5_scenario1

SIM_END		day4_5_scenario1	0.571s	3.14211m
APPLICATION	CarMaker 14.0.1 - Car_Generic #5 (win64-14.0.1)
COMPILED	jetbrains@05dcd26e64f8 2025-01-28 11:06:46
 
		I/O Configuration: default
SIM_START	day4_5_scenario1	2025-05-19 14:43:56
TIME	0.000
SIMULATE	day4_5_scenario1

SIM_END		day4_5_scenario1	0.144s	0.802052m
APPLICATION	CarMaker 14.0.1 - Car_Generic #5 (win64-14.0.1)
COMPILED	jetbrains@05dcd26e64f8 2025-01-28 11:06:46
 
		I/O Configuration: default
SIM_START	day4_5_scenario1	2025-05-19 14:46:51
TIME	0.000
SIMULATE	day4_5_scenario1

TIME	4.903
SIM_END		day4_5_scenario1	4.9s	27.0562m
APPLICATION	CarMaker 14.0.1 - Car_Generic #5 (win64-14.0.1)
COMPILED	jetbrains@05dcd26e64f8 2025-01-28 11:06:46
 
		I/O Configuration: default
SIM_START	day4_5_scenario1	2025-05-19 14:51:22
TIME	0.000
SIMULATE	day4_5_scenario1

SIM_END		day4_5_scenario1	0.12s	0.669707m
APPLICATION	CarMaker 14.0.1 - Car_Generic #5 (win64-14.0.1)
COMPILED	jetbrains@05dcd26e64f8 2025-01-28 11:06:46
 
		I/O Configuration: default
SIM_START	day4_5_scenario1	2025-05-19 15:01:11
TIME	0.000
SIMULATE	day4_5_scenario1

TIME	21.464
SIM_END		day4_5_scenario1	21.464s	118.878m
APPLICATION	CarMaker 14.0.1 - Car_Generic #5 (win64-14.0.1)
COMPILED	jetbrains@05dcd26e64f8 2025-01-28 11:06:46
 
		I/O Configuration: default
SIM_START	day4_5_scenario1	2025-05-19 15:02:43
TIME	0.000
SIMULATE	day4_5_scenario1

TIME	21.464
SIM_END		day4_5_scenario1	21.464s	118.878m
APPLICATION	CarMaker 14.0.1 - Car_Generic #5 (win64-14.0.1)
COMPILED	jetbrains@05dcd26e64f8 2025-01-28 11:06:46
 
		I/O Configuration: default
SIM_START	day4_5_scenario1	2025-05-19 15:11:10
TIME	0.000
SIMULATE	day4_5_scenario1

TIME	21.464
SIM_END		day4_5_scenario1	21.464s	118.878m
APPLICATION	CarMaker 14.0.1 - Car_Generic #5 (win64-14.0.1)
COMPILED	jetbrains@05dcd26e64f8 2025-01-28 11:06:46
 
		I/O Configuration: default
SIM_START	day4_5_scenario1	2025-05-19 15:11:29
TIME	0.000
SIMULATE	day4_5_scenario1

TIME	21.464
SIM_END		day4_5_scenario1	21.464s	118.878m
APPLICATION	CarMaker 14.0.1 - Car_Generic #5 (win64-14.0.1)
COMPILED	jetbrains@05dcd26e64f8 2025-01-28 11:06:46
 
		I/O Configuration: default
SIM_START	day4_5_scenario1	2025-05-19 15:11:46
TIME	0.000
SIMULATE	day4_5_scenario1

TIME	21.464
SIM_END		day4_5_scenario1	21.464s	118.878m
APPLICATION	CarMaker 14.0.1 - Car_Generic #5 (win64-14.0.1)
COMPILED	jetbrains@05dcd26e64f8 2025-01-28 11:06:46
 
		I/O Configuration: default
SIM_START	day4_5_scenario1	2025-05-19 15:20:17
TIME	0.000
SIMULATE	day4_5_scenario1

TIME	21.464
SIM_END		day4_5_scenario1	21.464s	118.878m
