APPLICATION	CarMaker 14.0.1 - Car_Generic #5 (win64-14.0.1)
COMPILED	jetbrains@05dcd26e64f8 2025-01-28 11:06:46
 
		I/O Configuration: default
SIM_START	day4_5_scenario1	2025-05-17 13:05:28
TIME	0.000
SIMULATE	day4_5_scenario1

TIME	2.412
SIM_END		day4_5_scenario1	2.409s	4.73603e-06m
APPLICATION	CarMaker 14.0.1 - Car_Generic #5 (win64-14.0.1)
COMPILED	jetbrains@05dcd26e64f8 2025-01-28 11:06:46
 
		I/O Configuration: default
SIM_START	day4_5_scenario1	2025-05-17 13:07:11
TIME	0.000
SIMULATE	day4_5_scenario1

TIME	13.129
SIM_END		day4_5_scenario1	13.126s	7.8854e-06m
APPLICATION	CarMaker 14.0.1 - Car_Generic #5 (win64-14.0.1)
COMPILED	jetbrains@05dcd26e64f8 2025-01-28 11:06:46
 
		I/O Configuration: default
SIM_START	day4_5_scenario1	2025-05-17 13:14:10
TIME	0.000
SIMULATE	day4_5_scenario1

TIME	4.173
SIM_END		day4_5_scenario1	4.17s	5.12533e-06m
APPLICATION	CarMaker 14.0.1 - Car_Generic #5 (win64-14.0.1)
COMPILED	jetbrains@05dcd26e64f8 2025-01-28 11:06:46
 
		I/O Configuration: default
SIM_START	day4_5_scenario1	2025-05-17 14:22:19
TIME	0.000
SIMULATE	day4_5_scenario1

TIME	5.334
SIM_END		day4_5_scenario1	5.331s	5.40969e-06m
APPLICATION	CarMaker 14.0.1 - Car_Generic #5 (win64-14.0.1)
COMPILED	jetbrains@05dcd26e64f8 2025-01-28 11:06:46
 
		I/O Configuration: default
SIM_START	day4_5_scenario1	2025-05-17 14:22:51
TIME	0.000
SIMULATE	day4_5_scenario1

TIME	8.619
SIM_END		day4_5_scenario1	8.616s	6.33315e-06m
APPLICATION	CarMaker 14.0.1 - Car_Generic #5 (win64-14.0.1)
COMPILED	jetbrains@05dcd26e64f8 2025-01-28 11:06:46
 
		I/O Configuration: default
SIM_START	day4_5_scenario1	2025-05-17 14:23:22
TIME	0.000
SIMULATE	day4_5_scenario1

TIME	4.805
SIM_END		day4_5_scenario1	4.802s	5.27739e-06m
APPLICATION	CarMaker 14.0.1 - Car_Generic #5 (win64-14.0.1)
COMPILED	jetbrains@05dcd26e64f8 2025-01-28 11:06:46
 
		I/O Configuration: default
SIM_START	day4_5_scenario1	2025-05-17 14:36:59
TIME	0.000
SIMULATE	day4_5_scenario1

TIME	2.814
SIM_END		day4_5_scenario1	2.811s	4.82043e-06m
APPLICATION	CarMaker 14.0.1 - Car_Generic #5 (win64-14.0.1)
COMPILED	jetbrains@05dcd26e64f8 2025-01-28 11:06:46
 
		I/O Configuration: default
SIM_START	day4_5_scenario1	2025-05-17 14:37:51
TIME	0.000
SIMULATE	day4_5_scenario1

TIME	2.693
SIM_END		day4_5_scenario1	2.69s	4.79475e-06m
APPLICATION	CarMaker 14.0.1 - Car_Generic #5 (win64-14.0.1)
COMPILED	jetbrains@05dcd26e64f8 2025-01-28 11:06:46
 
		I/O Configuration: default
SIM_START	day4_5_scenario1	2025-05-17 14:38:32
TIME	0.000
SIMULATE	day4_5_scenario1

SIM_END		day4_5_scenario1	0s	0m
APPLICATION	CarMaker 14.0.1 - Car_Generic #5 (win64-14.0.1)
COMPILED	jetbrains@05dcd26e64f8 2025-01-28 11:06:46
 
		I/O Configuration: default
SIM_START	day4_5_scenario1	2025-05-17 14:42:03
TIME	0.000
SIMULATE	day4_5_scenario1

TIME	3.116
SIM_END		day4_5_scenario1	3.113s	4.88558e-06m
APPLICATION	CarMaker 14.0.1 - Car_Generic #5 (win64-14.0.1)
COMPILED	jetbrains@05dcd26e64f8 2025-01-28 11:06:46
 
		I/O Configuration: default
SIM_START	day4_5_scenario1	2025-05-17 14:47:09
TIME	0.000
SIMULATE	day4_5_scenario1

TIME	5.177
SIM_END		day4_5_scenario1	5.174s	5.36994e-06m
APPLICATION	CarMaker 14.0.1 - Car_Generic #5 (win64-14.0.1)
COMPILED	jetbrains@05dcd26e64f8 2025-01-28 11:06:46
 
		I/O Configuration: default
SIM_START	day4_5_scenario1	2025-05-17 15:00:13
TIME	0.000
SIMULATE	day4_5_scenario1

SIM_END		day4_5_scenario1	0s	0m
APPLICATION	CarMaker 14.0.1 - Car_Generic #5 (win64-14.0.1)
COMPILED	jetbrains@05dcd26e64f8 2025-01-28 11:06:46
 
		I/O Configuration: default
SIM_START	day4_5_scenario1	2025-05-17 15:00:35
TIME	0.000
SIMULATE	day4_5_scenario1

TIME	10.655
SIM_END		day4_5_scenario1	10.652s	6.9933e-06m
APPLICATION	CarMaker 14.0.1 - Car_Generic #5 (win64-14.0.1)
COMPILED	jetbrains@05dcd26e64f8 2025-01-28 11:06:46
 
		I/O Configuration: default
SIM_START	day4_5_scenario1	2025-05-17 15:01:21
TIME	0.000
SIMULATE	day4_5_scenario1

TIME	8.605
SIM_END		day4_5_scenario1	8.602s	6.32884e-06m
APPLICATION	CarMaker 14.0.1 - Car_Generic #5 (win64-14.0.1)
COMPILED	jetbrains@05dcd26e64f8 2025-01-28 11:06:46
 
		I/O Configuration: default
SIM_START	day4_5_scenario1	2025-05-17 15:02:51
TIME	0.000
SIMULATE	day4_5_scenario1

TIME	2.531
SIM_END		day4_5_scenario1	2.528s	4.76074e-06m
APPLICATION	CarMaker 14.0.1 - Car_Generic #5 (win64-14.0.1)
COMPILED	jetbrains@05dcd26e64f8 2025-01-28 11:06:46
 
		I/O Configuration: default
SIM_START	day4_5_scenario1	2025-05-17 15:15:53
TIME	0.000
SIMULATE	day4_5_scenario1

TIME	3.031
SIM_END		day4_5_scenario1	3.028s	4.86709e-06m
APPLICATION	CarMaker 14.0.1 - Car_Generic #5 (win64-14.0.1)
COMPILED	jetbrains@05dcd26e64f8 2025-01-28 11:06:46
 
		I/O Configuration: default
SIM_START	day4_5_scenario1	2025-05-17 15:55:24
TIME	0.000
SIMULATE	day4_5_scenario1

TIME	3.887
SIM_END		day4_5_scenario1	3.884s	5.05865e-06m
APPLICATION	CarMaker 14.0.1 - Car_Generic #5 (win64-14.0.1)
COMPILED	jetbrains@05dcd26e64f8 2025-01-28 11:06:46
 
		I/O Configuration: default
SIM_START	day4_5_scenario1	2025-05-17 15:56:37
TIME	0.000
SIMULATE	day4_5_scenario1

TIME	9.186
SIM_END		day4_5_scenario1	9.183s	6.51026e-06m
APPLICATION	CarMaker 14.0.1 - Car_Generic #5 (win64-14.0.1)
COMPILED	jetbrains@05dcd26e64f8 2025-01-28 11:06:46
 
		I/O Configuration: default
SIM_START	day4_5_scenario1	2025-05-17 15:58:21
TIME	0.000
SIMULATE	day4_5_scenario1

TIME	11.604
SIM_END		day4_5_scenario1	11.601s	7.32386e-06m
APPLICATION	CarMaker 14.0.1 - Car_Generic #5 (win64-14.0.1)
COMPILED	jetbrains@05dcd26e64f8 2025-01-28 11:06:46
 
		I/O Configuration: default
SIM_START	day4_5_scenario1	2025-05-17 16:25:36
TIME	0.000
SIMULATE	day4_5_scenario1

TIME	4.099
SIM_END		day4_5_scenario1	4.096s	5.10794e-06m
APPLICATION	CarMaker 14.0.1 - Car_Generic #5 (win64-14.0.1)
COMPILED	jetbrains@05dcd26e64f8 2025-01-28 11:06:46
 
		I/O Configuration: default
SIM_START	day4_5_scenario1	2025-05-17 16:28:54
TIME	0.000
SIMULATE	day4_5_scenario1

TIME	4.739
SIM_END		day4_5_scenario1	4.736s	5.26121e-06m
APPLICATION	CarMaker 14.0.1 - Car_Generic #5 (win64-14.0.1)
COMPILED	jetbrains@05dcd26e64f8 2025-01-28 11:06:46
 
		I/O Configuration: default
SIM_START	day4_5_scenario1	2025-05-17 16:32:39
TIME	0.000
SIMULATE	day4_5_scenario1

TIME	6.030
SIM_END		day4_5_scenario1	6.027s	5.59069e-06m
APPLICATION	CarMaker 14.0.1 - Car_Generic #5 (win64-14.0.1)
COMPILED	jetbrains@05dcd26e64f8 2025-01-28 11:06:46
 
		I/O Configuration: default
SIM_START	day4_5_scenario1	2025-05-17 16:34:17
TIME	0.000
SIMULATE	day4_5_scenario1

TIME	10.310
SIM_END		day4_5_scenario1	10.307s	6.87672e-06m
APPLICATION	CarMaker 14.0.1 - Car_Generic #5 (win64-14.0.1)
COMPILED	jetbrains@05dcd26e64f8 2025-01-28 11:06:46
 
		I/O Configuration: default
SIM_START	day4_5_scenario1	2025-05-17 16:41:51
TIME	0.000
SIMULATE	day4_5_scenario1

TIME	3.153
SIM_END		day4_5_scenario1	3.15s	4.89366e-06m
APPLICATION	CarMaker 14.0.1 - Car_Generic #5 (win64-14.0.1)
COMPILED	jetbrains@05dcd26e64f8 2025-01-28 11:06:46
 
		I/O Configuration: default
SIM_START	day4_5_scenario1	2025-05-17 16:45:18
TIME	0.000
SIMULATE	day4_5_scenario1

TIME	7.488
SIM_END		day4_5_scenario1	7.485s	5.99541e-06m
APPLICATION	CarMaker 14.0.1 - Car_Generic #5 (win64-14.0.1)
COMPILED	jetbrains@05dcd26e64f8 2025-01-28 11:06:46
 
		I/O Configuration: default
SIM_START	day4_5_scenario1	2025-05-17 16:49:03
TIME	0.000
SIMULATE	day4_5_scenario1

TIME	11.327
SIM_END		day4_5_scenario1	11.324s	7.22588e-06m
