APPLICATION	CarMaker 14.0.1 - Car_Generic #5 (win64-14.0.1)
COMPILED	jetbrains@05dcd26e64f8 2025-01-28 11:06:46
 
		I/O Configuration: default
SIM_START	day7_final	2025-05-22 20:34:48
TIME	0.001
		Current random seed value = 1747913688
TIME	0.000
SIMULATE	day7_final

TIME	3.724
SIM_END		day7_final	3.721s	5.02125e-06m
APPLICATION	CarMaker 14.0.1 - Car_Generic #5 (win64-14.0.1)
COMPILED	jetbrains@05dcd26e64f8 2025-01-28 11:06:46
 
		I/O Configuration: default
SIM_START	day7_final	2025-05-22 20:35:23
TIME	0.001
		Current random seed value = 1747913723
TIME	0.000
SIMULATE	day7_final

TIME	47.034
SIM_END		day7_final	47.031s	117.094m
APPLICATION	CarMaker 14.0.1 - Car_Generic #5 (win64-14.0.1)
COMPILED	jetbrains@05dcd26e64f8 2025-01-28 11:06:46
 
		I/O Configuration: default
SIM_START	day7_final	2025-05-22 20:41:04
TIME	0.001
		Current random seed value = 1747914064
TIME	0.000
SIMULATE	day7_final

TIME	65.607
SIM_END		day7_final	65.604s	141.474m
APPLICATION	CarMaker 14.0.1 - Car_Generic #5 (win64-14.0.1)
COMPILED	jetbrains@05dcd26e64f8 2025-01-28 11:06:46
 
		I/O Configuration: default
SIM_START	day7_final	2025-05-22 20:44:04
TIME	0.001
		Current random seed value = 1747914244
TIME	0.000
SIMULATE	day7_final

TIME	28.579
SIM_END		day7_final	28.576s	137.21m
APPLICATION	CarMaker 14.0.1 - Car_Generic #5 (win64-14.0.1)
COMPILED	jetbrains@05dcd26e64f8 2025-01-28 11:06:46
 
		I/O Configuration: default
SIM_START	day7_final	2025-05-22 20:46:54
TIME	0.001
		Current random seed value = 1747914414
TIME	0.000
SIMULATE	day7_final

TIME	22.978
SIM_END		day7_final	22.975s	112.298m
APPLICATION	CarMaker 14.0.1 - Car_Generic #5 (win64-14.0.1)
COMPILED	jetbrains@05dcd26e64f8 2025-01-28 11:06:46
 
		I/O Configuration: default
SIM_START	day7_final	2025-05-22 20:49:12
TIME	0.001
		Current random seed value = 1747914552
TIME	0.000
SIMULATE	day7_final

TIME	18.220
SIM_END		day7_final	18.217s	91.1355m
APPLICATION	CarMaker 14.0.1 - Car_Generic #5 (win64-14.0.1)
COMPILED	jetbrains@05dcd26e64f8 2025-01-28 11:06:46
 
		I/O Configuration: default
SIM_START	day7_final	2025-05-22 20:51:24
TIME	0.001
		Current random seed value = 1747914684
TIME	0.000
SIMULATE	day7_final

TIME	3.386
SIM_END		day7_final	3.383s	16.0369m
APPLICATION	CarMaker 14.0.1 - Car_Generic #5 (win64-14.0.1)
COMPILED	jetbrains@05dcd26e64f8 2025-01-28 11:06:46
 
		I/O Configuration: default
SIM_START	day7_final	2025-05-22 20:55:24
TIME	0.001
		Current random seed value = 1747914924
TIME	0.000
SIMULATE	day7_final

TIME	142.202
SIM_END		day7_final	142.199s	104.754m
APPLICATION	CarMaker 14.0.1 - Car_Generic #5 (win64-14.0.1)
COMPILED	jetbrains@05dcd26e64f8 2025-01-28 11:06:46
 
		I/O Configuration: default
SIM_START	day7_final	2025-05-22 20:58:02
TIME	0.001
		Current random seed value = 1747915082
TIME	0.000
SIMULATE	day7_final

TIME	47.474
SIM_END		day7_final	47.471s	105.502m
APPLICATION	CarMaker 14.0.1 - Car_Generic #5 (win64-14.0.1)
COMPILED	jetbrains@05dcd26e64f8 2025-01-28 11:06:46
 
		I/O Configuration: default
SIM_START	day7_final	2025-05-22 21:03:47
TIME	0.001
		Current random seed value = 1747915427
TIME	0.000
SIMULATE	day7_final

TIME	21.160
SIM_END		day7_final	21.157s	99.5309m
APPLICATION	CarMaker 14.0.1 - Car_Generic #5 (win64-14.0.1)
COMPILED	jetbrains@05dcd26e64f8 2025-01-28 11:06:46
 
		I/O Configuration: default
SIM_START	day7_final	2025-05-22 21:06:11
TIME	0.001
		Current random seed value = 1747915571
TIME	0.000
SIMULATE	day7_final

TIME	71.993
SIM_END		day7_final	71.99s	103.279m
APPLICATION	CarMaker 14.0.1 - Car_Generic #5 (win64-14.0.1)
COMPILED	jetbrains@05dcd26e64f8 2025-01-28 11:06:46
 
		I/O Configuration: default
SIM_START	day7_final	2025-05-22 21:08:04
TIME	0.001
		Current random seed value = 1747915684
TIME	0.000
SIMULATE	day7_final

TIME	48.023
SIM_END		day7_final	48.02s	104.265m
APPLICATION	CarMaker 14.0.1 - Car_Generic #5 (win64-14.0.1)
COMPILED	jetbrains@05dcd26e64f8 2025-01-28 11:06:46
 
		I/O Configuration: default
SIM_START	day7_final	2025-05-22 21:09:58
TIME	0.001
		Current random seed value = 1747915798
TIME	0.000
SIMULATE	day7_final

TIME	66.098
SIM_END		day7_final	66.095s	102.811m
APPLICATION	CarMaker 14.0.1 - Car_Generic #5 (win64-14.0.1)
COMPILED	jetbrains@05dcd26e64f8 2025-01-28 11:06:46
 
		I/O Configuration: default
SIM_START	day7_final	2025-05-22 21:12:47
TIME	0.001
		Current random seed value = 1747915967
TIME	0.000
SIMULATE	day7_final

TIME	647.770
SIM_END		day7_final	647.767s	104.87m
APPLICATION	CarMaker 14.0.1 - Car_Generic #5 (win64-14.0.1)
COMPILED	jetbrains@05dcd26e64f8 2025-01-28 11:06:46
 
		I/O Configuration: default
SIM_START	day7_final	2025-05-22 21:18:55
TIME	0.001
		Current random seed value = 1747916335
TIME	0.000
SIMULATE	day7_final

TIME	33.581
SIM_END		day7_final	33.578s	104.819m
APPLICATION	CarMaker 14.0.1 - Car_Generic #5 (win64-14.0.1)
COMPILED	jetbrains@05dcd26e64f8 2025-01-28 11:06:46
 
		I/O Configuration: default
SIM_START	day7_final	2025-05-22 21:20:08
TIME	0.001
		Current random seed value = 1747916408
TIME	0.000
SIMULATE	day7_final

TIME	35.103
SIM_END		day7_final	35.1s	104.82m
APPLICATION	CarMaker 14.0.1 - Car_Generic #5 (win64-14.0.1)
COMPILED	jetbrains@05dcd26e64f8 2025-01-28 11:06:46
 
		I/O Configuration: default
SIM_START	day7_final	2025-05-22 21:21:32
TIME	0.001
		Current random seed value = 1747916492
TIME	0.000
SIMULATE	day7_final

TIME	24.948
SIM_END		day7_final	24.945s	104.906m
APPLICATION	CarMaker 14.0.1 - Car_Generic #5 (win64-14.0.1)
COMPILED	jetbrains@05dcd26e64f8 2025-01-28 11:06:46
 
		I/O Configuration: default
SIM_START	day7_final	2025-05-22 21:23:56
TIME	0.001
		Current random seed value = 1747916636
TIME	0.000
SIMULATE	day7_final

TIME	125.907
SIM_END		day7_final	125.904s	112.855m
APPLICATION	CarMaker 14.0.1 - Car_Generic #5 (win64-14.0.1)
COMPILED	jetbrains@05dcd26e64f8 2025-01-28 11:06:46
 
		I/O Configuration: default
SIM_START	day7_final	2025-05-22 21:25:23
TIME	0.001
		Current random seed value = 1747916723
TIME	0.000
SIMULATE	day7_final

TIME	44.441
SIM_END		day7_final	44.438s	113.185m
APPLICATION	CarMaker 14.0.1 - Car_Generic #5 (win64-14.0.1)
COMPILED	jetbrains@05dcd26e64f8 2025-01-28 11:06:46
 
		I/O Configuration: default
SIM_START	day7_final	2025-05-22 21:26:15
TIME	0.001
		Current random seed value = 1747916775
TIME	0.000
SIMULATE	day7_final

TIME	41.885
SIM_END		day7_final	41.882s	113.124m
APPLICATION	CarMaker 14.0.1 - Car_Generic #5 (win64-14.0.1)
COMPILED	jetbrains@05dcd26e64f8 2025-01-28 11:06:46
 
		I/O Configuration: default
SIM_START	day7_final	2025-05-22 21:26:49
TIME	0.001
		Current random seed value = 1747916809
TIME	0.000
SIMULATE	day7_final

TIME	696.134
SIM_END		day7_final	696.131s	113.089m
APPLICATION	CarMaker 14.0.1 - Car_Generic #5 (win64-14.0.1)
COMPILED	jetbrains@05dcd26e64f8 2025-01-28 11:06:46
 
		I/O Configuration: default
SIM_START	day7_final	2025-05-22 21:33:40
TIME	0.001
		Current random seed value = 1747917220
TIME	0.000
SIMULATE	day7_final

TIME	58.850
SIM_END		day7_final	58.847s	113.102m
APPLICATION	CarMaker 14.0.1 - Car_Generic #5 (win64-14.0.1)
COMPILED	jetbrains@05dcd26e64f8 2025-01-28 11:06:46
 
		I/O Configuration: default
SIM_START	day7_final	2025-05-22 21:35:16
TIME	0.001
		Current random seed value = 1747917316
TIME	0.000
SIMULATE	day7_final

TIME	34.696
SIM_END		day7_final	34.693s	113.095m
APPLICATION	CarMaker 14.0.1 - Car_Generic #5 (win64-14.0.1)
COMPILED	jetbrains@05dcd26e64f8 2025-01-28 11:06:46
 
		I/O Configuration: default
SIM_START	day7_final	2025-05-22 21:36:58
TIME	0.001
		Current random seed value = 1747917418
TIME	0.000
SIMULATE	day7_final

TIME	51.757
SIM_END		day7_final	51.754s	113.101m
APPLICATION	CarMaker 14.0.1 - Car_Generic #5 (win64-14.0.1)
COMPILED	jetbrains@05dcd26e64f8 2025-01-28 11:06:46
 
		I/O Configuration: default
SIM_START	day7_final	2025-05-22 21:40:32
TIME	0.001
		Current random seed value = 1747917632
TIME	0.000
SIMULATE	day7_final

TIME	54.703
SIM_END		day7_final	54.7s	113.101m
APPLICATION	CarMaker 14.0.1 - Car_Generic #5 (win64-14.0.1)
COMPILED	jetbrains@05dcd26e64f8 2025-01-28 11:06:46
 
		I/O Configuration: default
SIM_START	day7_final	2025-05-22 21:41:56
TIME	0.001
		Current random seed value = 1747917716
TIME	0.000
SIMULATE	day7_final

TIME	40.413
SIM_END		day7_final	40.41s	112.74m
APPLICATION	CarMaker 14.0.1 - Car_Generic #5 (win64-14.0.1)
COMPILED	jetbrains@05dcd26e64f8 2025-01-28 11:06:46
 
		I/O Configuration: default
SIM_START	day7_final	2025-05-22 21:45:43
TIME	0.001
		Current random seed value = 1747917943
TIME	0.000
SIMULATE	day7_final

TIME	41.640
SIM_END		day7_final	41.637s	112.709m
APPLICATION	CarMaker 14.0.1 - Car_Generic #5 (win64-14.0.1)
COMPILED	jetbrains@05dcd26e64f8 2025-01-28 11:06:46
 
		I/O Configuration: default
SIM_START	day7_final	2025-05-22 21:53:40
TIME	0.001
		Current random seed value = 1747918420
TIME	0.000
SIMULATE	day7_final

TIME	10.850
SIM_END		day7_final	10.847s	57.6531m
APPLICATION	CarMaker 14.0.1 - Car_Generic #5 (win64-14.0.1)
COMPILED	jetbrains@05dcd26e64f8 2025-01-28 11:06:46
 
		I/O Configuration: default
SIM_START	day7_final	2025-05-22 21:57:35
TIME	0.001
		Current random seed value = 1747918655
TIME	0.000
SIMULATE	day7_final

TIME	26.513
SIM_END		day7_final	26.51s	109.993m
APPLICATION	CarMaker 14.0.1 - Car_Generic #5 (win64-14.0.1)
COMPILED	jetbrains@05dcd26e64f8 2025-01-28 11:06:46
 
		I/O Configuration: default
SIM_START	day7_final	2025-05-22 22:00:37
TIME	0.001
		Current random seed value = 1747918837
TIME	0.000
SIMULATE	day7_final

TIME	17.118
SIM_END		day7_final	17.115s	80.7216m
APPLICATION	CarMaker 14.0.1 - Car_Generic #5 (win64-14.0.1)
COMPILED	jetbrains@05dcd26e64f8 2025-01-28 11:06:46
 
		I/O Configuration: default
SIM_START	day7_final	2025-05-22 22:03:31
TIME	0.001
		Current random seed value = 1747919012
TIME	0.000
SIMULATE	day7_final

TIME	21.734
SIM_END		day7_final	21.731s	96.7419m
APPLICATION	CarMaker 14.0.1 - Car_Generic #5 (win64-14.0.1)
COMPILED	jetbrains@05dcd26e64f8 2025-01-28 11:06:46
 
		I/O Configuration: default
SIM_START	day7_final	2025-05-22 22:04:44
TIME	0.001
		Current random seed value = 1747919084
TIME	0.000
SIMULATE	day7_final

TIME	36.822
SIM_END		day7_final	36.819s	149.106m
APPLICATION	CarMaker 14.0.1 - Car_Generic #5 (win64-14.0.1)
COMPILED	jetbrains@05dcd26e64f8 2025-01-28 11:06:46
 
		I/O Configuration: default
SIM_START	day7_final	2025-05-22 22:05:59
TIME	0.001
		Current random seed value = 1747919159
TIME	0.000
SIMULATE	day7_final

TIME	27.679
SIM_END		day7_final	27.676s	117.375m
APPLICATION	CarMaker 14.0.1 - Car_Generic #5 (win64-14.0.1)
COMPILED	jetbrains@05dcd26e64f8 2025-01-28 11:06:46
 
		I/O Configuration: default
SIM_START	day7_final	2025-05-22 22:06:40
TIME	0.001
		Current random seed value = 1747919200
TIME	0.000
SIMULATE	day7_final

TIME	53.211
SIM_END		day7_final	53.208s	205.986m
APPLICATION	CarMaker 14.0.1 - Car_Generic #5 (win64-14.0.1)
COMPILED	jetbrains@05dcd26e64f8 2025-01-28 11:06:46
 
		I/O Configuration: default
SIM_START	day7_final	2025-05-22 22:07:53
TIME	0.001
		Current random seed value = 1747919273
TIME	0.000
SIMULATE	day7_final

TIME	24.614
SIM_END		day7_final	24.611s	106.737m
APPLICATION	CarMaker 14.0.1 - Car_Generic #5 (win64-14.0.1)
COMPILED	jetbrains@05dcd26e64f8 2025-01-28 11:06:46
 
		I/O Configuration: default
SIM_START	day7_final	2025-05-22 22:08:52
TIME	0.001
		Current random seed value = 1747919332
TIME	0.000
SIMULATE	day7_final

TIME	26.201
SIM_END		day7_final	26.198s	112.245m
APPLICATION	CarMaker 14.0.1 - Car_Generic #5 (win64-14.0.1)
COMPILED	jetbrains@05dcd26e64f8 2025-01-28 11:06:46
 
		I/O Configuration: default
SIM_START	day7_final	2025-05-22 22:10:50
TIME	0.001
		Current random seed value = 1747919450
TIME	0.000
SIMULATE	day7_final

TIME	19.906
SIM_END		day7_final	19.903s	90.3976m
APPLICATION	CarMaker 14.0.1 - Car_Generic #5 (win64-14.0.1)
COMPILED	jetbrains@05dcd26e64f8 2025-01-28 11:06:46
 
		I/O Configuration: default
SIM_START	day7_final	2025-05-22 22:13:17
TIME	0.001
		Current random seed value = 1747919597
TIME	0.000
SIMULATE	day7_final

TIME	38.682
SIM_END		day7_final	38.682s	123.01m
APPLICATION	CarMaker 14.0.1 - Car_Generic #5 (win64-14.0.1)
COMPILED	jetbrains@05dcd26e64f8 2025-01-28 11:06:46
 
		I/O Configuration: default
SIM_START	day7_final	2025-05-22 22:18:42
TIME	0.001
		Current random seed value = 1747919922
TIME	0.000
SIMULATE	day7_final

TIME	38.646
ERROR		Vehicle leaves road at about x=39.083, y=-1.39877 TireNo=1
SIM_ABORT	day7_final	38.649s	123.593m
APPLICATION	CarMaker 14.0.1 - Car_Generic #5 (win64-14.0.1)
COMPILED	jetbrains@05dcd26e64f8 2025-01-28 11:06:46
 
		I/O Configuration: default
SIM_START	day7_final	2025-05-22 22:21:14
TIME	0.001
		Current random seed value = 1747920074
TIME	0.000
SIMULATE	day7_final

TIME	37.207
SIM_END		day7_final	37.207s	117.87m
APPLICATION	CarMaker 14.0.1 - Car_Generic #5 (win64-14.0.1)
COMPILED	jetbrains@05dcd26e64f8 2025-01-28 11:06:46
 
		I/O Configuration: default
SIM_START	day7_final	2025-05-22 22:24:44
TIME	0.001
		Current random seed value = 1747920284
TIME	0.000
SIMULATE	day7_final

TIME	11.777
ERROR		Vehicle leaves road at about x=1.55528, y=-40.2394 TireNo=1
SIM_ABORT	day7_final	11.78s	61.726m
APPLICATION	CarMaker 14.0.1 - Car_Generic #5 (win64-14.0.1)
COMPILED	jetbrains@05dcd26e64f8 2025-01-28 11:06:46
 
		I/O Configuration: default
SIM_START	day7_final	2025-05-22 22:25:35
TIME	0.001
		Current random seed value = 1747920335
TIME	0.000
SIMULATE	day7_final

TIME	37.092
SIM_END		day7_final	37.092s	117.742m
APPLICATION	CarMaker 14.0.1 - Car_Generic #5 (win64-14.0.1)
COMPILED	jetbrains@05dcd26e64f8 2025-01-28 11:06:46
 
		I/O Configuration: default
SIM_START	day7_final	2025-05-22 22:26:16
TIME	0.001
		Current random seed value = 1747920376
TIME	0.000
SIMULATE	day7_final

SIM_END		day7_final	1.183s	3.52602m
APPLICATION	CarMaker 14.0.1 - Car_Generic #5 (win64-14.0.1)
COMPILED	jetbrains@05dcd26e64f8 2025-01-28 11:06:46
 
		I/O Configuration: default
SIM_START	day7_final	2025-05-22 22:26:44
TIME	0.001
		Current random seed value = 1747920404
TIME	0.000
SIMULATE	day7_final

TIME	20.889
SIM_END		day7_final	20.886s	89.8085m
