

SYSTEM_START	-	DESKTOP-JF22MNE	DESKTOP-JF22MNE	2025-05-26 21:03:10


SYSTEM_INFO	CarMaker 14.0.1 - Car_Generic #5	jetbrains@05dcd26e64f8 2025-01-28 11:06:46	(14.0.1 jetbrains@05dcd26e64f8 2025-01-28 10:45:59)
SIM	1748260992	DESKTOP-JF22MNE	User	day2_scenario1	0	19.121	375.635


SYSTEM_START	-	DESKTOP-JF22MNE	DESKTOP-JF22MNE	2025-05-26 21:05:40


SYSTEM_INFO	CarMaker 14.0.1 - Car_Generic #5	jetbrains@05dcd26e64f8 2025-01-28 11:06:46	(14.0.1 jetbrains@05dcd26e64f8 2025-01-28 10:45:59)
SIM	1748261141	DESKTOP-JF22MNE	User	day2_scenario2	0	59.108	483.873


SYSTEM_START	-	DESKTOP-JF22MNE	DESKTOP-JF22MNE	2025-05-26 21:07:25


SYSTEM_INFO	CarMaker 14.0.1 - Car_Generic #5	jetbrains@05dcd26e64f8 2025-01-28 11:06:46	(14.0.1 jetbrains@05dcd26e64f8 2025-01-28 10:45:59)
SIM	1748261246	DESKTOP-JF22MNE	User	day2_scenario2	0	11.7	121.323


SYSTEM_START	-	DESKTOP-JF22MNE	DESKTOP-JF22MNE	2025-05-26 21:07:43


SYSTEM_INFO	CarMaker 14.0.1 - Car_Generic #5	jetbrains@05dcd26e64f8 2025-01-28 11:06:46	(14.0.1 jetbrains@05dcd26e64f8 2025-01-28 10:45:59)
SIM	1748261263	DESKTOP-JF22MNE	User	day2_scenario3	0	35.716	353.296


SYSTEM_START	-	DESKTOP-JF22MNE	DESKTOP-JF22MNE	2025-05-26 21:09:47


SYSTEM_INFO	CarMaker 14.0.1 - Car_Generic #5	jetbrains@05dcd26e64f8 2025-01-28 11:06:46	(14.0.1 jetbrains@05dcd26e64f8 2025-01-28 10:45:59)
SIM	1748261388	DESKTOP-JF22MNE	User	day2_scenario4	0	12.181	168.002


SYSTEM_START	-	DESKTOP-JF22MNE	DESKTOP-JF22MNE	2025-05-26 21:10:05


SYSTEM_INFO	CarMaker 14.0.1 - Car_Generic #5	jetbrains@05dcd26e64f8 2025-01-28 11:06:46	(14.0.1 jetbrains@05dcd26e64f8 2025-01-28 10:45:59)
SIM	1748261406	DESKTOP-JF22MNE	User	day2_scenario4	0	8.951	122.994


SYSTEM_START	-	DESKTOP-JF22MNE	DESKTOP-JF22MNE	2025-05-26 21:10:21


SYSTEM_INFO	CarMaker 14.0.1 - Car_Generic #5	jetbrains@05dcd26e64f8 2025-01-28 11:06:46	(14.0.1 jetbrains@05dcd26e64f8 2025-01-28 10:45:59)
SIM	1748261422	DESKTOP-JF22MNE	User	day2_scenario5	1	2.687	36.6875


SYSTEM_START	-	DESKTOP-JF22MNE	DESKTOP-JF22MNE	2025-05-26 21:10:34


SYSTEM_INFO	CarMaker 14.0.1 - Car_Generic #5	jetbrains@05dcd26e64f8 2025-01-28 11:06:46	(14.0.1 jetbrains@05dcd26e64f8 2025-01-28 10:45:59)
SIM	1748261434	DESKTOP-JF22MNE	User	day2_scenario5	1	2.687	36.6875


SYSTEM_START	-	DESKTOP-JF22MNE	DESKTOP-JF22MNE	2025-05-26 21:11:25


SYSTEM_INFO	CarMaker 14.0.1 - Car_Generic #5	jetbrains@05dcd26e64f8 2025-01-28 11:06:46	(14.0.1 jetbrains@05dcd26e64f8 2025-01-28 10:45:59)
SIM	1748261485	DESKTOP-JF22MNE	User	day2_scenario5	0	27.625	382.729


SYSTEM_START	-	DESKTOP-JF22MNE	DESKTOP-JF22MNE	2025-05-26 21:15:06


SYSTEM_INFO	CarMaker 14.0.1 - Car_Generic #5	jetbrains@05dcd26e64f8 2025-01-28 11:06:46	(14.0.1 jetbrains@05dcd26e64f8 2025-01-28 10:45:59)
SIM	1748261706	DESKTOP-JF22MNE	User	day2_scenario5	1	2.647	36.6995


SYSTEM_START	-	DESKTOP-JF22MNE	DESKTOP-JF22MNE	2025-05-26 21:15:45


SYSTEM_INFO	CarMaker 14.0.1 - Car_Generic #5	jetbrains@05dcd26e64f8 2025-01-28 11:06:46	(14.0.1 jetbrains@05dcd26e64f8 2025-01-28 10:45:59)
SIM	1748261746	DESKTOP-JF22MNE	User	day2_scenario3	0	20.961	196.801


SYSTEM_START	-	DESKTOP-JF22MNE	DESKTOP-JF22MNE	2025-05-26 21:16:24


SYSTEM_INFO	CarMaker 14.0.1 - Car_Generic #5	jetbrains@05dcd26e64f8 2025-01-28 11:06:46	(14.0.1 jetbrains@05dcd26e64f8 2025-01-28 10:45:59)
SIM	1748261785	DESKTOP-JF22MNE	User	day2_scenario3	0	22.947	244.321


SYSTEM_START	-	DESKTOP-JF22MNE	DESKTOP-JF22MNE	2025-05-26 21:16:58


SYSTEM_INFO	CarMaker 14.0.1 - Car_Generic #5	jetbrains@05dcd26e64f8 2025-01-28 11:06:46	(14.0.1 jetbrains@05dcd26e64f8 2025-01-28 10:45:59)
SIM	1748261818	DESKTOP-JF22MNE	User	day2_scenario3	0	51.759	495.326


SYSTEM_START	-	DESKTOP-JF22MNE	DESKTOP-JF22MNE	2025-05-26 21:24:18


SYSTEM_INFO	CarMaker 14.0.1 - Car_Generic #5	jetbrains@05dcd26e64f8 2025-01-28 11:06:46	(14.0.1 jetbrains@05dcd26e64f8 2025-01-28 10:45:59)
SIM	1748262258	DESKTOP-JF22MNE	User	day2_scenario3	0	35.6	358.821


SYSTEM_START	-	DESKTOP-JF22MNE	DESKTOP-JF22MNE	2025-05-26 21:25:15


SYSTEM_INFO	CarMaker 14.0.1 - Car_Generic #5	jetbrains@05dcd26e64f8 2025-01-28 11:06:46	(14.0.1 jetbrains@05dcd26e64f8 2025-01-28 10:45:59)
SIM	1748262316	DESKTOP-JF22MNE	User	day2_scenario3	0	48.924	495.325


SYSTEM_START	-	DESKTOP-JF22MNE	DESKTOP-JF22MNE	2025-05-26 21:30:44


SYSTEM_INFO	CarMaker 14.0.1 - Car_Generic #5	jetbrains@05dcd26e64f8 2025-01-28 11:06:46	(14.0.1 jetbrains@05dcd26e64f8 2025-01-28 10:45:59)
SIM	1748262644	DESKTOP-JF22MNE	User	day2_scenario3	0	22.899	239.438


SYSTEM_START	-	DESKTOP-JF22MNE	DESKTOP-JF22MNE	2025-05-26 21:31:18


SYSTEM_INFO	CarMaker 14.0.1 - Car_Generic #5	jetbrains@05dcd26e64f8 2025-01-28 11:06:46	(14.0.1 jetbrains@05dcd26e64f8 2025-01-28 10:45:59)
SIM	1748262678	DESKTOP-JF22MNE	User	day2_scenario3	0	50.822	491.929


SYSTEM_START	-	DESKTOP-JF22MNE	DESKTOP-JF22MNE	2025-05-26 21:32:27


SYSTEM_INFO	CarMaker 14.0.1 - Car_Generic #5	jetbrains@05dcd26e64f8 2025-01-28 11:06:46	(14.0.1 jetbrains@05dcd26e64f8 2025-01-28 10:45:59)
SIM	1748262747	DESKTOP-JF22MNE	User	day2_scenario3	0	24.88	250.926


SYSTEM_START	-	DESKTOP-JF22MNE	DESKTOP-JF22MNE	2025-05-26 21:33:02


SYSTEM_INFO	CarMaker 14.0.1 - Car_Generic #5	jetbrains@05dcd26e64f8 2025-01-28 11:06:46	(14.0.1 jetbrains@05dcd26e64f8 2025-01-28 10:45:59)
SIM	1748262782	DESKTOP-JF22MNE	User	day2_scenario3	0	14.843	150.312


SYSTEM_START	-	DESKTOP-JF22MNE	DESKTOP-JF22MNE	2025-05-26 21:33:26


SYSTEM_INFO	CarMaker 14.0.1 - Car_Generic #5	jetbrains@05dcd26e64f8 2025-01-28 11:06:46	(14.0.1 jetbrains@05dcd26e64f8 2025-01-28 10:45:59)
SIM	1748262806	DESKTOP-JF22MNE	User	day2_scenario3	0	20.998	209.731


SYSTEM_START	-	DESKTOP-JF22MNE	DESKTOP-JF22MNE	2025-05-26 21:34:06


SYSTEM_INFO	CarMaker 14.0.1 - Car_Generic #5	jetbrains@05dcd26e64f8 2025-01-28 11:06:46	(14.0.1 jetbrains@05dcd26e64f8 2025-01-28 10:45:59)
SIM	1748262847	DESKTOP-JF22MNE	User	day2_scenario3	0	50.023	495.325


SYSTEM_START	-	DESKTOP-JF22MNE	DESKTOP-JF22MNE	2025-05-26 21:35:12


SYSTEM_INFO	CarMaker 14.0.1 - Car_Generic #5	jetbrains@05dcd26e64f8 2025-01-28 11:06:46	(14.0.1 jetbrains@05dcd26e64f8 2025-01-28 10:45:59)
SIM	1748262912	DESKTOP-JF22MNE	User	day2_scenario3	0	29.335	296.997


SYSTEM_START	-	DESKTOP-JF22MNE	DESKTOP-JF22MNE	2025-05-26 21:35:50


SYSTEM_INFO	CarMaker 14.0.1 - Car_Generic #5	jetbrains@05dcd26e64f8 2025-01-28 11:06:46	(14.0.1 jetbrains@05dcd26e64f8 2025-01-28 10:45:59)
SIM	1748262950	DESKTOP-JF22MNE	User	day2_scenario3	0	14.969	155.586


SYSTEM_START	-	DESKTOP-JF22MNE	DESKTOP-JF22MNE	2025-05-26 21:36:16


SYSTEM_INFO	CarMaker 14.0.1 - Car_Generic #5	jetbrains@05dcd26e64f8 2025-01-28 11:06:46	(14.0.1 jetbrains@05dcd26e64f8 2025-01-28 10:45:59)
SIM	1748262977	DESKTOP-JF22MNE	User	day2_scenario3	0	31.087	307.887


SYSTEM_START	-	DESKTOP-JF22MNE	DESKTOP-JF22MNE	2025-05-26 21:37:04


SYSTEM_INFO	CarMaker 14.0.1 - Car_Generic #5	jetbrains@05dcd26e64f8 2025-01-28 11:06:46	(14.0.1 jetbrains@05dcd26e64f8 2025-01-28 10:45:59)
SIM	1748263024	DESKTOP-JF22MNE	User	day2_scenario3	0	50.411	481.476


SYSTEM_START	-	DESKTOP-JF22MNE	DESKTOP-JF22MNE	2025-05-26 21:38:06


SYSTEM_INFO	CarMaker 14.0.1 - Car_Generic #5	jetbrains@05dcd26e64f8 2025-01-28 11:06:46	(14.0.1 jetbrains@05dcd26e64f8 2025-01-28 10:45:59)
SIM	1748263086	DESKTOP-JF22MNE	User	day2_scenario3	0	50.042	495.326


SYSTEM_START	-	DESKTOP-JF22MNE	DESKTOP-JF22MNE	2025-05-26 21:39:09


SYSTEM_INFO	CarMaker 14.0.1 - Car_Generic #5	jetbrains@05dcd26e64f8 2025-01-28 11:06:46	(14.0.1 jetbrains@05dcd26e64f8 2025-01-28 10:45:59)
SIM	1748263149	DESKTOP-JF22MNE	User	day2_scenario3	0	29.783	293.815


SYSTEM_START	-	DESKTOP-JF22MNE	DESKTOP-JF22MNE	2025-05-26 21:39:50


SYSTEM_INFO	CarMaker 14.0.1 - Car_Generic #5	jetbrains@05dcd26e64f8 2025-01-28 11:06:46	(14.0.1 jetbrains@05dcd26e64f8 2025-01-28 10:45:59)
SIM	1748263190	DESKTOP-JF22MNE	User	day2_scenario3	0	50.832	495.324


SYSTEM_START	-	DESKTOP-JF22MNE	DESKTOP-JF22MNE	2025-05-26 21:40:58


SYSTEM_INFO	CarMaker 14.0.1 - Car_Generic #5	jetbrains@05dcd26e64f8 2025-01-28 11:06:46	(14.0.1 jetbrains@05dcd26e64f8 2025-01-28 10:45:59)
SIM	1748263258	DESKTOP-JF22MNE	User	day2_scenario3	0	43.337	427.504


SYSTEM_START	-	DESKTOP-JF22MNE	DESKTOP-JF22MNE	2025-05-26 21:43:31


SYSTEM_INFO	CarMaker 14.0.1 - Car_Generic #5	jetbrains@05dcd26e64f8 2025-01-28 11:06:46	(14.0.1 jetbrains@05dcd26e64f8 2025-01-28 10:45:59)
SIM	1748263411	DESKTOP-JF22MNE	User	day2_scenario3	0	18.497	495.357


SYSTEM_START	-	DESKTOP-JF22MNE	DESKTOP-JF22MNE	2025-05-26 21:44:30


SYSTEM_INFO	CarMaker 14.0.1 - Car_Generic #5	jetbrains@05dcd26e64f8 2025-01-28 11:06:46	(14.0.1 jetbrains@05dcd26e64f8 2025-01-28 10:45:59)
SIM	1748263470	DESKTOP-JF22MNE	User	day2_scenario3	0	12.045	265.241


SYSTEM_START	-	DESKTOP-JF22MNE	DESKTOP-JF22MNE	2025-05-26 21:44:48


SYSTEM_INFO	CarMaker 14.0.1 - Car_Generic #5	jetbrains@05dcd26e64f8 2025-01-28 11:06:46	(14.0.1 jetbrains@05dcd26e64f8 2025-01-28 10:45:59)
SIM	1748263488	DESKTOP-JF22MNE	User	day2_scenario3	0	14.355	349.179


SYSTEM_START	-	DESKTOP-JF22MNE	DESKTOP-JF22MNE	2025-05-26 21:45:12


SYSTEM_INFO	CarMaker 14.0.1 - Car_Generic #5	jetbrains@05dcd26e64f8 2025-01-28 11:06:46	(14.0.1 jetbrains@05dcd26e64f8 2025-01-28 10:45:59)
SIM	1748263513	DESKTOP-JF22MNE	User	day2_scenario3	0	19.084	192.795


SYSTEM_START	-	DESKTOP-JF22MNE	DESKTOP-JF22MNE	2025-05-26 21:45:41


SYSTEM_INFO	CarMaker 14.0.1 - Car_Generic #5	jetbrains@05dcd26e64f8 2025-01-28 11:06:46	(14.0.1 jetbrains@05dcd26e64f8 2025-01-28 10:45:59)
SIM	1748263542	DESKTOP-JF22MNE	User	day2_scenario3	0	14.028	144.217


SYSTEM_START	-	DESKTOP-JF22MNE	DESKTOP-JF22MNE	2025-05-26 21:46:04


SYSTEM_INFO	CarMaker 14.0.1 - Car_Generic #5	jetbrains@05dcd26e64f8 2025-01-28 11:06:46	(14.0.1 jetbrains@05dcd26e64f8 2025-01-28 10:45:59)
SIM	1748263564	DESKTOP-JF22MNE	User	day2_scenario3	0	17.315	182.382


SYSTEM_START	-	DESKTOP-JF22MNE	DESKTOP-JF22MNE	2025-05-26 21:46:32


SYSTEM_INFO	CarMaker 14.0.1 - Car_Generic #5	jetbrains@05dcd26e64f8 2025-01-28 11:06:46	(14.0.1 jetbrains@05dcd26e64f8 2025-01-28 10:45:59)
SIM	1748263592	DESKTOP-JF22MNE	User	day2_scenario3	0	22.835	245.512


SYSTEM_START	-	DESKTOP-JF22MNE	DESKTOP-JF22MNE	2025-05-26 21:47:14


SYSTEM_INFO	CarMaker 14.0.1 - Car_Generic #5	jetbrains@05dcd26e64f8 2025-01-28 11:06:46	(14.0.1 jetbrains@05dcd26e64f8 2025-01-28 10:45:59)
SIM	1748263634	DESKTOP-JF22MNE	User	day2_scenario3	0	46.979	448.12


SYSTEM_START	-	DESKTOP-JF22MNE	DESKTOP-JF22MNE	2025-05-26 21:48:10


SYSTEM_INFO	CarMaker 14.0.1 - Car_Generic #5	jetbrains@05dcd26e64f8 2025-01-28 11:06:46	(14.0.1 jetbrains@05dcd26e64f8 2025-01-28 10:45:59)
SIM	1748263690	DESKTOP-JF22MNE	User	day2_scenario3	0	18.502	192.387


SYSTEM_START	-	DESKTOP-JF22MNE	DESKTOP-JF22MNE	2025-05-26 21:48:38


SYSTEM_INFO	CarMaker 14.0.1 - Car_Generic #5	jetbrains@05dcd26e64f8 2025-01-28 11:06:46	(14.0.1 jetbrains@05dcd26e64f8 2025-01-28 10:45:59)
SIM	1748263718	DESKTOP-JF22MNE	User	day2_scenario3	0	43.535	419.487


SYSTEM_START	-	DESKTOP-JF22MNE	DESKTOP-JF22MNE	2025-05-26 21:49:39


SYSTEM_INFO	CarMaker 14.0.1 - Car_Generic #5	jetbrains@05dcd26e64f8 2025-01-28 11:06:46	(14.0.1 jetbrains@05dcd26e64f8 2025-01-28 10:45:59)
SIM	1748263779	DESKTOP-JF22MNE	User	day2_scenario3	0	19.193	190.299


SYSTEM_START	-	DESKTOP-JF22MNE	DESKTOP-JF22MNE	2025-05-26 21:50:09


SYSTEM_INFO	CarMaker 14.0.1 - Car_Generic #5	jetbrains@05dcd26e64f8 2025-01-28 11:06:46	(14.0.1 jetbrains@05dcd26e64f8 2025-01-28 10:45:59)
SIM	1748263809	DESKTOP-JF22MNE	User	day2_scenario3	0	16.486	175.353


SYSTEM_START	-	DESKTOP-JF22MNE	DESKTOP-JF22MNE	2025-05-26 21:50:35


SYSTEM_INFO	CarMaker 14.0.1 - Car_Generic #5	jetbrains@05dcd26e64f8 2025-01-28 11:06:46	(14.0.1 jetbrains@05dcd26e64f8 2025-01-28 10:45:59)
SIM	1748263835	DESKTOP-JF22MNE	User	day2_scenario3	0	12.492	132.395


SYSTEM_START	-	DESKTOP-JF22MNE	DESKTOP-JF22MNE	2025-05-27 09:44:22


SYSTEM_INFO	CarMaker 14.0.1 - Car_Generic #5	jetbrains@05dcd26e64f8 2025-01-28 11:06:46	(14.0.1 jetbrains@05dcd26e64f8 2025-01-28 10:45:59)
SIM	1748306662	DESKTOP-JF22MNE	User	day7_final	0	104.879	947.047


SYSTEM_START	-	DESKTOP-JF22MNE	DESKTOP-JF22MNE	2025-05-27 12:11:30


SYSTEM_INFO	CarMaker 14.0.1 - Car_Generic #5	jetbrains@05dcd26e64f8 2025-01-28 11:06:46	(14.0.1 jetbrains@05dcd26e64f8 2025-01-28 10:45:59)
SIM	1748315491	DESKTOP-JF22MNE	User	evaluation	0	101.233	944.293


SYSTEM_START	-	DESKTOP-JF22MNE	DESKTOP-JF22MNE	2025-05-27 12:13:29


SYSTEM_INFO	CarMaker 14.0.1 - Car_Generic #5	jetbrains@05dcd26e64f8 2025-01-28 11:06:46	(14.0.1 jetbrains@05dcd26e64f8 2025-01-28 10:45:59)
SIM	1748315610	DESKTOP-JF22MNE	User	evaluation	0	70.205	898.039


SYSTEM_START	-	DESKTOP-JF22MNE	DESKTOP-JF22MNE	2025-05-27 13:59:04


SYSTEM_INFO	CarMaker 14.0.1 - Car_Generic #5	jetbrains@05dcd26e64f8 2025-01-28 11:06:46	(14.0.1 jetbrains@05dcd26e64f8 2025-01-28 10:45:59)
SIM	1748321944	DESKTOP-JF22MNE	User	evaluation	0	11.25	107.44


SYSTEM_START	-	DESKTOP-JF22MNE	DESKTOP-JF22MNE	2025-05-27 14:18:31


SYSTEM_INFO	CarMaker 14.0.1 - Car_Generic #5	jetbrains@05dcd26e64f8 2025-01-28 11:06:46	(14.0.1 jetbrains@05dcd26e64f8 2025-01-28 10:45:59)
SIM	1748323111	DESKTOP-JF22MNE	User	evaluation	0	70.603	898.017


SYSTEM_START	-	DESKTOP-JF22MNE	DESKTOP-JF22MNE	2025-05-27 15:03:30


SYSTEM_INFO	CarMaker 14.0.1 - Car_Generic #5	jetbrains@05dcd26e64f8 2025-01-28 11:06:46	(14.0.1 jetbrains@05dcd26e64f8 2025-01-28 10:45:59)
SIM	1748325810	DESKTOP-JF22MNE	User	evaluation	0	68.9	902.723


SYSTEM_START	-	DESKTOP-JF22MNE	DESKTOP-JF22MNE	2025-05-27 15:05:31


SYSTEM_INFO	CarMaker 14.0.1 - Car_Generic #5	jetbrains@05dcd26e64f8 2025-01-28 11:06:46	(14.0.1 jetbrains@05dcd26e64f8 2025-01-28 10:45:59)
SIM	1748325931	DESKTOP-JF22MNE	User	evaluation	0	274.536	944.426


SYSTEM_START	-	DESKTOP-JF22MNE	DESKTOP-JF22MNE	2025-05-28 09:31:30


SYSTEM_INFO	CarMaker 14.0.1 - Car_Generic #5	jetbrains@05dcd26e64f8 2025-01-28 11:06:46	(14.0.1 jetbrains@05dcd26e64f8 2025-01-28 10:45:59)
SIM	1748392291	DESKTOP-JF22MNE	User	evaluation	0	70.655	898.074


SYSTEM_START	-	DESKTOP-JF22MNE	DESKTOP-JF22MNE	2025-05-28 09:32:59


SYSTEM_INFO	CarMaker 14.0.1 - Car_Generic #5	jetbrains@05dcd26e64f8 2025-01-28 11:06:46	(14.0.1 jetbrains@05dcd26e64f8 2025-01-28 10:45:59)
SIM	1748392379	DESKTOP-JF22MNE	User	evaluation	0	52.547	735.184


SYSTEM_START	-	DESKTOP-JF22MNE	DESKTOP-JF22MNE	2025-05-28 09:34:00


SYSTEM_INFO	CarMaker 14.0.1 - Car_Generic #5	jetbrains@05dcd26e64f8 2025-01-28 11:06:46	(14.0.1 jetbrains@05dcd26e64f8 2025-01-28 10:45:59)
SIM	1748392440	DESKTOP-JF22MNE	User	evaluation	0	64.28	790.952


SYSTEM_START	-	DESKTOP-JF22MNE	DESKTOP-JF22MNE	2025-05-28 09:35:45


SYSTEM_INFO	CarMaker 14.0.1 - Car_Generic #5	jetbrains@05dcd26e64f8 2025-01-28 11:06:46	(14.0.1 jetbrains@05dcd26e64f8 2025-01-28 10:45:59)
SIM	1748392545	DESKTOP-JF22MNE	User	evaluation	0	111.896	944.622


SYSTEM_START	-	DESKTOP-JF22MNE	DESKTOP-JF22MNE	2025-05-28 10:07:31


SYSTEM_INFO	CarMaker 14.0.1 - Car_Generic #5	jetbrains@05dcd26e64f8 2025-01-28 11:06:46	(14.0.1 jetbrains@05dcd26e64f8 2025-01-28 10:45:59)
SIM	1748394451	DESKTOP-JF22MNE	User	evaluation	0	122.377	944.581


SYSTEM_START	-	DESKTOP-JF22MNE	DESKTOP-JF22MNE	2025-05-28 10:12:58


SYSTEM_INFO	CarMaker 14.0.1 - Car_Generic #5	jetbrains@05dcd26e64f8 2025-01-28 11:06:46	(14.0.1 jetbrains@05dcd26e64f8 2025-01-28 10:45:59)
SIM	1748394778	DESKTOP-JF22MNE	User	evaluation	0	647.884	944.4


SYSTEM_START	-	DESKTOP-JF22MNE	DESKTOP-JF22MNE	2025-05-28 10:25:33


SYSTEM_INFO	CarMaker 14.0.1 - Car_Generic #5	jetbrains@05dcd26e64f8 2025-01-28 11:06:46	(14.0.1 jetbrains@05dcd26e64f8 2025-01-28 10:45:59)
SIM	1748395533	DESKTOP-JF22MNE	User	evaluation	0	4452.61	944.178


SYSTEM_START	-	DESKTOP-JF22MNE	DESKTOP-JF22MNE	2025-05-28 14:03:37


SYSTEM_INFO	CarMaker 14.0.1 - Car_Generic #5	jetbrains@05dcd26e64f8 2025-01-28 11:06:46	(14.0.1 jetbrains@05dcd26e64f8 2025-01-28 10:45:59)
SIM	1748408617	DESKTOP-JF22MNE	User	evaluation	0	11.95	130.272


SYSTEM_START	-	DESKTOP-JF22MNE	DESKTOP-JF22MNE	2025-05-28 14:04:33


SYSTEM_INFO	CarMaker 14.0.1 - Car_Generic #5	jetbrains@05dcd26e64f8 2025-01-28 11:06:46	(14.0.1 jetbrains@05dcd26e64f8 2025-01-28 10:45:59)
SIM	1748408673	DESKTOP-JF22MNE	User	evaluation	0	9.55	87.9254


SYSTEM_START	-	DESKTOP-JF22MNE	DESKTOP-JF22MNE	2025-05-28 14:05:05


SYSTEM_INFO	CarMaker 14.0.1 - Car_Generic #5	jetbrains@05dcd26e64f8 2025-01-28 11:06:46	(14.0.1 jetbrains@05dcd26e64f8 2025-01-28 10:45:59)
SIM	1748408705	DESKTOP-JF22MNE	User	evaluation	0	40.986	583.572


SYSTEM_START	-	DESKTOP-JF22MNE	DESKTOP-JF22MNE	2025-05-28 14:05:53


SYSTEM_INFO	CarMaker 14.0.1 - Car_Generic #5	jetbrains@05dcd26e64f8 2025-01-28 11:06:46	(14.0.1 jetbrains@05dcd26e64f8 2025-01-28 10:45:59)
SIM	1748408753	DESKTOP-JF22MNE	User	evaluation	0	10.25	101.617


SYSTEM_START	-	DESKTOP-JF22MNE	DESKTOP-JF22MNE	2025-05-28 14:06:10


SYSTEM_INFO	CarMaker 14.0.1 - Car_Generic #5	jetbrains@05dcd26e64f8 2025-01-28 11:06:46	(14.0.1 jetbrains@05dcd26e64f8 2025-01-28 10:45:59)
SIM	1748408770	DESKTOP-JF22MNE	User	evaluation	0	13.5	159.11


SYSTEM_START	-	DESKTOP-JF22MNE	DESKTOP-JF22MNE	2025-05-28 14:06:31


SYSTEM_INFO	CarMaker 14.0.1 - Car_Generic #5	jetbrains@05dcd26e64f8 2025-01-28 11:06:46	(14.0.1 jetbrains@05dcd26e64f8 2025-01-28 10:45:59)
SIM	1748408791	DESKTOP-JF22MNE	User	evaluation	0	7.45	53.313


SYSTEM_START	-	DESKTOP-JF22MNE	DESKTOP-JF22MNE	2025-05-28 14:06:46


SYSTEM_INFO	CarMaker 14.0.1 - Car_Generic #5	jetbrains@05dcd26e64f8 2025-01-28 11:06:46	(14.0.1 jetbrains@05dcd26e64f8 2025-01-28 10:45:59)
SIM	1748408806	DESKTOP-JF22MNE	User	evaluation	0	10.949	114.13


SYSTEM_START	-	DESKTOP-JF22MNE	DESKTOP-JF22MNE	2025-05-28 10:47:33


SYSTEM_INFO	CarMaker 14.0.1 - Car_Generic #5	jetbrains@05dcd26e64f8 2025-01-28 11:06:46	(14.0.1 jetbrains@05dcd26e64f8 2025-01-28 10:45:59)
SIM	1748396855	DESKTOP-JF22MNE	User	evaluation	0	850.543	944.3


SYSTEM_START	-	DESKTOP-JF22MNE	DESKTOP-JF22MNE	2025-05-28 11:02:44


SYSTEM_INFO	CarMaker 14.0.1 - Car_Generic #5	jetbrains@05dcd26e64f8 2025-01-28 11:06:46	(14.0.1 jetbrains@05dcd26e64f8 2025-01-28 10:45:59)
SIM	1748397764	DESKTOP-JF22MNE	User	evaluation	0	17.7	221.887


SYSTEM_START	-	DESKTOP-JF22MNE	DESKTOP-JF22MNE	2025-05-28 11:03:26


SYSTEM_INFO	CarMaker 14.0.1 - Car_Generic #5	jetbrains@05dcd26e64f8 2025-01-28 11:06:46	(14.0.1 jetbrains@05dcd26e64f8 2025-01-28 10:45:59)
SIM	1748397807	DESKTOP-JF22MNE	User	evaluation	0	17.25	217.414


SYSTEM_START	-	DESKTOP-JF22MNE	DESKTOP-JF22MNE	2025-05-28 11:04:45


SYSTEM_INFO	CarMaker 14.0.1 - Car_Generic #5	jetbrains@05dcd26e64f8 2025-01-28 11:06:46	(14.0.1 jetbrains@05dcd26e64f8 2025-01-28 10:45:59)
SIM	1748397885	DESKTOP-JF22MNE	User	evaluation	0	12.6	134.487


SYSTEM_START	-	DESKTOP-JF22MNE	DESKTOP-JF22MNE	2025-05-28 11:08:53


SYSTEM_INFO	CarMaker 14.0.1 - Car_Generic #5	jetbrains@05dcd26e64f8 2025-01-28 11:06:46	(14.0.1 jetbrains@05dcd26e64f8 2025-01-28 10:45:59)
SIM	1748398133	DESKTOP-JF22MNE	User	evaluation	0	14.45	167.279


SYSTEM_START	-	DESKTOP-JF22MNE	DESKTOP-JF22MNE	2025-05-28 11:13:11


SYSTEM_INFO	CarMaker 14.0.1 - Car_Generic #5	jetbrains@05dcd26e64f8 2025-01-28 11:06:46	(14.0.1 jetbrains@05dcd26e64f8 2025-01-28 10:45:59)
SIM	1748398392	DESKTOP-JF22MNE	User	evaluation	0	7.55	54.3716


SYSTEM_START	-	DESKTOP-JF22MNE	DESKTOP-JF22MNE	2025-05-28 11:13:37


SYSTEM_INFO	CarMaker 14.0.1 - Car_Generic #5	jetbrains@05dcd26e64f8 2025-01-28 11:06:46	(14.0.1 jetbrains@05dcd26e64f8 2025-01-28 10:45:59)
SIM	1748398417	DESKTOP-JF22MNE	User	evaluation	0	12.15	134.782


SYSTEM_START	-	DESKTOP-JF22MNE	DESKTOP-JF22MNE	2025-05-28 11:14:29


SYSTEM_INFO	CarMaker 14.0.1 - Car_Generic #5	jetbrains@05dcd26e64f8 2025-01-28 11:06:46	(14.0.1 jetbrains@05dcd26e64f8 2025-01-28 10:45:59)
SIM	1748398469	DESKTOP-JF22MNE	User	evaluation	0	7.25	50.0308


SYSTEM_START	-	DESKTOP-JF22MNE	DESKTOP-JF22MNE	2025-05-28 11:53:00


SYSTEM_INFO	CarMaker 14.0.1 - Car_Generic #5	jetbrains@05dcd26e64f8 2025-01-28 11:06:46	(14.0.1 jetbrains@05dcd26e64f8 2025-01-28 10:45:59)
SIM	1748400780	DESKTOP-JF22MNE	User	evaluation	0	22.75	258.937


SYSTEM_START	-	DESKTOP-JF22MNE	DESKTOP-JF22MNE	2025-05-28 12:01:42


SYSTEM_INFO	CarMaker 14.0.1 - Car_Generic #5	jetbrains@05dcd26e64f8 2025-01-28 11:06:46	(14.0.1 jetbrains@05dcd26e64f8 2025-01-28 10:45:59)
SIM	1748401302	DESKTOP-JF22MNE	User	evaluation	0	72.605	849.504


SYSTEM_START	-	DESKTOP-JF22MNE	DESKTOP-JF22MNE	2025-05-28 12:06:02


SYSTEM_INFO	CarMaker 14.0.1 - Car_Generic #5	jetbrains@05dcd26e64f8 2025-01-28 11:06:46	(14.0.1 jetbrains@05dcd26e64f8 2025-01-28 10:45:59)
SIM	1748401562	DESKTOP-JF22MNE	User	evaluation	0	74.104	865.729


SYSTEM_START	-	DESKTOP-JF22MNE	DESKTOP-JF22MNE	2025-05-28 12:08:26


SYSTEM_INFO	CarMaker 14.0.1 - Car_Generic #5	jetbrains@05dcd26e64f8 2025-01-28 11:06:46	(14.0.1 jetbrains@05dcd26e64f8 2025-01-28 10:45:59)
SIM	1748401706	DESKTOP-JF22MNE	User	evaluation	0	57.366	758.162


SYSTEM_START	-	DESKTOP-JF22MNE	DESKTOP-JF22MNE	2025-05-29 15:14:32


SYSTEM_INFO	CarMaker 14.0.1 - Car_Generic #5	jetbrains@05dcd26e64f8 2025-01-28 11:06:46	(14.0.1 jetbrains@05dcd26e64f8 2025-01-28 10:45:59)
SIM	1748499273	DESKTOP-JF22MNE	User	evaluation	0	8.8	71.5281


SYSTEM_START	-	DESKTOP-JF22MNE	DESKTOP-JF22MNE	2025-05-29 15:14:49


SYSTEM_INFO	CarMaker 14.0.1 - Car_Generic #5	jetbrains@05dcd26e64f8 2025-01-28 11:06:46	(14.0.1 jetbrains@05dcd26e64f8 2025-01-28 10:45:59)
SIM	1748499289	DESKTOP-JF22MNE	User	evaluation	0	11.231	115.831


SYSTEM_START	-	DESKTOP-JF22MNE	DESKTOP-JF22MNE	2025-05-29 16:11:21


SYSTEM_INFO	CarMaker 14.0.1 - Car_Generic #5	jetbrains@05dcd26e64f8 2025-01-28 11:06:46	(14.0.1 jetbrains@05dcd26e64f8 2025-01-28 10:45:59)
SIM	1748502681	DESKTOP-JF22MNE	User	evaluation	0	8.15	148.886


SYSTEM_START	-	DESKTOP-JF22MNE	DESKTOP-JF22MNE	2025-05-29 16:35:31


SYSTEM_INFO	CarMaker 14.0.1 - Car_Generic #5	jetbrains@05dcd26e64f8 2025-01-28 11:06:46	(14.0.1 jetbrains@05dcd26e64f8 2025-01-28 10:45:59)
SIM	1748504131	DESKTOP-JF22MNE	User	evaluation	0	43.918	721.781


SYSTEM_START	-	DESKTOP-JF22MNE	DESKTOP-JF22MNE	2025-05-29 16:36:52


SYSTEM_INFO	CarMaker 14.0.1 - Car_Generic #5	jetbrains@05dcd26e64f8 2025-01-28 11:06:46	(14.0.1 jetbrains@05dcd26e64f8 2025-01-28 10:45:59)
SIM	1748504213	DESKTOP-JF22MNE	User	evaluation	0	7.785	119.017


SYSTEM_START	-	DESKTOP-JF22MNE	DESKTOP-JF22MNE	2025-05-29 16:37:32


SYSTEM_INFO	CarMaker 14.0.1 - Car_Generic #5	jetbrains@05dcd26e64f8 2025-01-28 11:06:46	(14.0.1 jetbrains@05dcd26e64f8 2025-01-28 10:45:59)
SIM	1748504252	DESKTOP-JF22MNE	User	evaluation	0	21.653	312.915


SYSTEM_START	-	DESKTOP-JF22MNE	DESKTOP-JF22MNE	2025-05-29 16:38:00


SYSTEM_INFO	CarMaker 14.0.1 - Car_Generic #5	jetbrains@05dcd26e64f8 2025-01-28 11:06:46	(14.0.1 jetbrains@05dcd26e64f8 2025-01-28 10:45:59)
SIM	1748504280	DESKTOP-JF22MNE	User	evaluation	0	10.668	160.811


SYSTEM_START	-	DESKTOP-JF22MNE	DESKTOP-JF22MNE	2025-05-29 16:38:17


SYSTEM_INFO	CarMaker 14.0.1 - Car_Generic #5	jetbrains@05dcd26e64f8 2025-01-28 11:06:46	(14.0.1 jetbrains@05dcd26e64f8 2025-01-28 10:45:59)
SIM	1748504297	DESKTOP-JF22MNE	User	evaluation	0	14.96	226.565


SYSTEM_START	-	DESKTOP-JF22MNE	DESKTOP-JF22MNE	2025-05-29 16:38:39


SYSTEM_INFO	CarMaker 14.0.1 - Car_Generic #5	jetbrains@05dcd26e64f8 2025-01-28 11:06:46	(14.0.1 jetbrains@05dcd26e64f8 2025-01-28 10:45:59)
SIM	1748504319	DESKTOP-JF22MNE	User	evaluation	0	12.481	190.014


SYSTEM_START	-	DESKTOP-JF22MNE	DESKTOP-JF22MNE	2025-05-29 16:38:58


SYSTEM_INFO	CarMaker 14.0.1 - Car_Generic #5	jetbrains@05dcd26e64f8 2025-01-28 11:06:46	(14.0.1 jetbrains@05dcd26e64f8 2025-01-28 10:45:59)
SIM	1748504338	DESKTOP-JF22MNE	User	evaluation	0	9.86	150.647


SYSTEM_START	-	DESKTOP-JF22MNE	DESKTOP-JF22MNE	2025-05-30 16:20:17


SYSTEM_INFO	CarMaker 14.0.1 - Car_Generic #5	jetbrains@05dcd26e64f8 2025-01-28 11:06:46	(14.0.1 jetbrains@05dcd26e64f8 2025-01-28 10:45:59)
SIM	1748589618	DESKTOP-JF22MNE	User	evaluation	0	68.503	895.269


SYSTEM_START	-	DESKTOP-JF22MNE	DESKTOP-JF22MNE	2025-05-30 16:22:17


SYSTEM_INFO	CarMaker 14.0.1 - Car_Generic #5	jetbrains@05dcd26e64f8 2025-01-28 11:06:46	(14.0.1 jetbrains@05dcd26e64f8 2025-01-28 10:45:59)
SIM	1748589737	DESKTOP-JF22MNE	User	evaluation	0	28.806	294.789


SYSTEM_START	-	DESKTOP-JF22MNE	DESKTOP-JF22MNE	2025-05-30 16:23:50


SYSTEM_INFO	CarMaker 14.0.1 - Car_Generic #5	jetbrains@05dcd26e64f8 2025-01-28 11:06:46	(14.0.1 jetbrains@05dcd26e64f8 2025-01-28 10:45:59)
SIM	1748589830	DESKTOP-JF22MNE	User	evaluation	0	196.318	929.984


SYSTEM_START	-	DESKTOP-JF22MNE	DESKTOP-JF22MNE	2025-05-30 16:27:26


SYSTEM_INFO	CarMaker 14.0.1 - Car_Generic #5	jetbrains@05dcd26e64f8 2025-01-28 11:06:46	(14.0.1 jetbrains@05dcd26e64f8 2025-01-28 10:45:59)
SIM	1748590046	DESKTOP-JF22MNE	User	evaluation	0	25.941	269.45


SYSTEM_START	-	DESKTOP-JF22MNE	DESKTOP-JF22MNE	2025-05-30 16:28:53


SYSTEM_INFO	CarMaker 14.0.1 - Car_Generic #5	jetbrains@05dcd26e64f8 2025-01-28 11:06:46	(14.0.1 jetbrains@05dcd26e64f8 2025-01-28 10:45:59)
SIM	1748590133	DESKTOP-JF22MNE	User	evaluation	0	14.286	174.767


SYSTEM_START	-	DESKTOP-JF22MNE	DESKTOP-JF22MNE	2025-05-30 16:29:23


SYSTEM_INFO	CarMaker 14.0.1 - Car_Generic #5	jetbrains@05dcd26e64f8 2025-01-28 11:06:46	(14.0.1 jetbrains@05dcd26e64f8 2025-01-28 10:45:59)
SIM	1748590163	DESKTOP-JF22MNE	User	evaluation	0	8.693	106.007


SYSTEM_START	-	DESKTOP-JF22MNE	DESKTOP-JF22MNE	2025-05-30 16:29:42


SYSTEM_INFO	CarMaker 14.0.1 - Car_Generic #5	jetbrains@05dcd26e64f8 2025-01-28 11:06:46	(14.0.1 jetbrains@05dcd26e64f8 2025-01-28 10:45:59)
SIM	1748590182	DESKTOP-JF22MNE	User	evaluation	0	13.355	164.45


SYSTEM_START	-	DESKTOP-JF22MNE	DESKTOP-JF22MNE	2025-05-30 16:30:05


SYSTEM_INFO	CarMaker 14.0.1 - Car_Generic #5	jetbrains@05dcd26e64f8 2025-01-28 11:06:46	(14.0.1 jetbrains@05dcd26e64f8 2025-01-28 10:45:59)
SIM	1748590205	DESKTOP-JF22MNE	User	evaluation	0	23.8	260.413


SYSTEM_START	-	DESKTOP-JF22MNE	DESKTOP-JF22MNE	2025-05-30 16:30:39


SYSTEM_INFO	CarMaker 14.0.1 - Car_Generic #5	jetbrains@05dcd26e64f8 2025-01-28 11:06:46	(14.0.1 jetbrains@05dcd26e64f8 2025-01-28 10:45:59)
SIM	1748590239	DESKTOP-JF22MNE	User	evaluation	0	9.978	114.579


SYSTEM_START	-	DESKTOP-JF22MNE	DESKTOP-JF22MNE	2025-05-30 16:31:20


SYSTEM_INFO	CarMaker 14.0.1 - Car_Generic #5	jetbrains@05dcd26e64f8 2025-01-28 11:06:46	(14.0.1 jetbrains@05dcd26e64f8 2025-01-28 10:45:59)
SIM	1748590281	DESKTOP-JF22MNE	User	evaluation	3	0	0


SYSTEM_START	-	DESKTOP-JF22MNE	DESKTOP-JF22MNE	2025-05-30 16:31:31


SYSTEM_INFO	CarMaker 14.0.1 - Car_Generic #5	jetbrains@05dcd26e64f8 2025-01-28 11:06:46	(14.0.1 jetbrains@05dcd26e64f8 2025-01-28 10:45:59)
SIM	1748590292	DESKTOP-JF22MNE	User	evaluation	3	0	0


SYSTEM_START	-	DESKTOP-JF22MNE	DESKTOP-JF22MNE	2025-05-30 16:31:47


SYSTEM_INFO	CarMaker 14.0.1 - Car_Generic #5	jetbrains@05dcd26e64f8 2025-01-28 11:06:46	(14.0.1 jetbrains@05dcd26e64f8 2025-01-28 10:45:59)
SIM	1748590307	DESKTOP-JF22MNE	User	evaluation	3	0	0


SYSTEM_START	-	DESKTOP-JF22MNE	DESKTOP-JF22MNE	2025-05-30 16:32:01


SYSTEM_INFO	CarMaker 14.0.1 - Car_Generic #5	jetbrains@05dcd26e64f8 2025-01-28 11:06:46	(14.0.1 jetbrains@05dcd26e64f8 2025-01-28 10:45:59)
SIM	1748590321	DESKTOP-JF22MNE	User	evaluation	3	0	0


SYSTEM_START	-	DESKTOP-JF22MNE	DESKTOP-JF22MNE	2025-05-30 16:32:37


SYSTEM_INFO	CarMaker 14.0.1 - Car_Generic #5	jetbrains@05dcd26e64f8 2025-01-28 11:06:46	(14.0.1 jetbrains@05dcd26e64f8 2025-01-28 10:45:59)
SIM	1748590358	DESKTOP-JF22MNE	User	evaluation	0	52.8	755.035


SYSTEM_START	-	DESKTOP-JF22MNE	DESKTOP-JF22MNE	2025-05-30 17:21:17


SYSTEM_INFO	CarMaker 14.0.1 - Car_Generic #5	jetbrains@05dcd26e64f8 2025-01-28 11:06:46	(14.0.1 jetbrains@05dcd26e64f8 2025-01-28 10:45:59)
SIM	1748593277	DESKTOP-JF22MNE	User	evaluation	0	657.383	944.279


SYSTEM_START	-	DESKTOP-JF22MNE	DESKTOP-JF22MNE	2025-05-30 18:03:07


SYSTEM_INFO	CarMaker 14.0.1 - Car_Generic #5	jetbrains@05dcd26e64f8 2025-01-28 11:06:46	(14.0.1 jetbrains@05dcd26e64f8 2025-01-28 10:45:59)
SIM	1748595788	DESKTOP-JF22MNE	User	day2_scenario1	0	24.51	495.324


SYSTEM_START	-	DESKTOP-JF22MNE	DESKTOP-JF22MNE	2025-05-30 18:09:00


SYSTEM_INFO	CarMaker 14.0.1 - Car_Generic #5	jetbrains@05dcd26e64f8 2025-01-28 11:06:46	(14.0.1 jetbrains@05dcd26e64f8 2025-01-28 10:45:59)
SIM	1748596140	DESKTOP-JF22MNE	User	day2_scenario1	0	16.349	314.035


SYSTEM_START	-	DESKTOP-JF22MNE	DESKTOP-JF22MNE	2025-05-30 18:09:28


SYSTEM_INFO	CarMaker 14.0.1 - Car_Generic #5	jetbrains@05dcd26e64f8 2025-01-28 11:06:46	(14.0.1 jetbrains@05dcd26e64f8 2025-01-28 10:45:59)
SIM	1748596168	DESKTOP-JF22MNE	User	day2_scenario1	0	12.479	228.035


SYSTEM_START	-	DESKTOP-JF22MNE	DESKTOP-JF22MNE	2025-05-30 18:11:45


SYSTEM_INFO	CarMaker 14.0.1 - Car_Generic #5	jetbrains@05dcd26e64f8 2025-01-28 11:06:46	(14.0.1 jetbrains@05dcd26e64f8 2025-01-28 10:45:59)
SIM	1748596305	DESKTOP-JF22MNE	User	day2_scenario1	0	24.51	495.324


SYSTEM_START	-	DESKTOP-JF22MNE	DESKTOP-JF22MNE	2025-05-30 18:15:24


SYSTEM_INFO	CarMaker 14.0.1 - Car_Generic #5	jetbrains@05dcd26e64f8 2025-01-28 11:06:46	(14.0.1 jetbrains@05dcd26e64f8 2025-01-28 10:45:59)
SIM	1748596524	DESKTOP-JF22MNE	User	day2_scenario1	0	16.462	316.547


SYSTEM_START	-	DESKTOP-JF22MNE	DESKTOP-JF22MNE	2025-05-30 18:15:44


SYSTEM_INFO	CarMaker 14.0.1 - Car_Generic #5	jetbrains@05dcd26e64f8 2025-01-28 11:06:46	(14.0.1 jetbrains@05dcd26e64f8 2025-01-28 10:45:59)
SIM	1748596544	DESKTOP-JF22MNE	User	day2_scenario1	0	24.51	495.324


SYSTEM_START	-	DESKTOP-JF22MNE	DESKTOP-JF22MNE	2025-05-30 18:17:40


SYSTEM_INFO	CarMaker 14.0.1 - Car_Generic #5	jetbrains@05dcd26e64f8 2025-01-28 11:06:46	(14.0.1 jetbrains@05dcd26e64f8 2025-01-28 10:45:59)
SIM	1748596660	DESKTOP-JF22MNE	User	day2_scenario2	0	21.309	186.856


SYSTEM_START	-	DESKTOP-JF22MNE	DESKTOP-JF22MNE	2025-05-30 18:18:22


SYSTEM_INFO	CarMaker 14.0.1 - Car_Generic #5	jetbrains@05dcd26e64f8 2025-01-28 11:06:46	(14.0.1 jetbrains@05dcd26e64f8 2025-01-28 10:45:59)
SIM	1748596702	DESKTOP-JF22MNE	User	day2_scenario2	0	40.442	347.18


SYSTEM_START	-	DESKTOP-JF22MNE	DESKTOP-JF22MNE	2025-05-30 18:19:06


SYSTEM_INFO	CarMaker 14.0.1 - Car_Generic #5	jetbrains@05dcd26e64f8 2025-01-28 11:06:46	(14.0.1 jetbrains@05dcd26e64f8 2025-01-28 10:45:59)
SIM	1748596746	DESKTOP-JF22MNE	User	day2_scenario2	0	23.043	199.624


SYSTEM_START	-	DESKTOP-JF22MNE	DESKTOP-JF22MNE	2025-05-30 18:22:03


SYSTEM_INFO	CarMaker 14.0.1 - Car_Generic #5	jetbrains@05dcd26e64f8 2025-01-28 11:06:46	(14.0.1 jetbrains@05dcd26e64f8 2025-01-28 10:45:59)
SIM	1748596924	DESKTOP-JF22MNE	User	day2_scenario2	0	70.497	483.775


SYSTEM_START	-	DESKTOP-JF22MNE	DESKTOP-JF22MNE	2025-05-30 18:23:29


SYSTEM_INFO	CarMaker 14.0.1 - Car_Generic #5	jetbrains@05dcd26e64f8 2025-01-28 11:06:46	(14.0.1 jetbrains@05dcd26e64f8 2025-01-28 10:45:59)
SIM	1748597010	DESKTOP-JF22MNE	User	day2_scenario2	0	2.144	11.9823


SYSTEM_START	-	DESKTOP-JF22MNE	DESKTOP-JF22MNE	2025-05-30 18:23:54


SYSTEM_INFO	CarMaker 14.0.1 - Car_Generic #5	jetbrains@05dcd26e64f8 2025-01-28 11:06:46	(14.0.1 jetbrains@05dcd26e64f8 2025-01-28 10:45:59)
SIM	1748597034	DESKTOP-JF22MNE	User	day2_scenario2	0	59.16	483.845


SYSTEM_START	-	DESKTOP-JF22MNE	DESKTOP-JF22MNE	2025-05-30 18:49:25


SYSTEM_INFO	CarMaker 14.0.1 - Car_Generic #5	jetbrains@05dcd26e64f8 2025-01-28 11:06:46	(14.0.1 jetbrains@05dcd26e64f8 2025-01-28 10:45:59)
SIM	1748598565	DESKTOP-JF22MNE	User	day2_scenario2	0	15.229	137.702


SYSTEM_START	-	DESKTOP-JF22MNE	DESKTOP-JF22MNE	2025-05-30 18:49:45


SYSTEM_INFO	CarMaker 14.0.1 - Car_Generic #5	jetbrains@05dcd26e64f8 2025-01-28 11:06:46	(14.0.1 jetbrains@05dcd26e64f8 2025-01-28 10:45:59)
SIM	1748598585	DESKTOP-JF22MNE	User	day2_scenario2	0	52.705	450.727


SYSTEM_START	-	DESKTOP-JF22MNE	DESKTOP-JF22MNE	2025-05-30 18:50:51


SYSTEM_INFO	CarMaker 14.0.1 - Car_Generic #5	jetbrains@05dcd26e64f8 2025-01-28 11:06:46	(14.0.1 jetbrains@05dcd26e64f8 2025-01-28 10:45:59)
SIM	1748598651	DESKTOP-JF22MNE	User	day2_scenario2	0	39.249	336.078


SYSTEM_START	-	DESKTOP-JF22MNE	DESKTOP-JF22MNE	2025-05-30 18:51:49


SYSTEM_INFO	CarMaker 14.0.1 - Car_Generic #5	jetbrains@05dcd26e64f8 2025-01-28 11:06:46	(14.0.1 jetbrains@05dcd26e64f8 2025-01-28 10:45:59)
SIM	1748598709	DESKTOP-JF22MNE	User	day2_scenario2	0	43.218	372.724


SYSTEM_START	-	DESKTOP-JF22MNE	DESKTOP-JF22MNE	2025-05-30 18:52:44


SYSTEM_INFO	CarMaker 14.0.1 - Car_Generic #5	jetbrains@05dcd26e64f8 2025-01-28 11:06:46	(14.0.1 jetbrains@05dcd26e64f8 2025-01-28 10:45:59)
SIM	1748598764	DESKTOP-JF22MNE	User	day2_scenario2	0	16.426	149.436


SYSTEM_START	-	DESKTOP-JF22MNE	DESKTOP-JF22MNE	2025-05-30 18:53:09


SYSTEM_INFO	CarMaker 14.0.1 - Car_Generic #5	jetbrains@05dcd26e64f8 2025-01-28 11:06:46	(14.0.1 jetbrains@05dcd26e64f8 2025-01-28 10:45:59)
SIM	1748598789	DESKTOP-JF22MNE	User	day2_scenario2	0	32.757	285.046


SYSTEM_START	-	DESKTOP-JF22MNE	DESKTOP-JF22MNE	2025-05-30 18:53:51


SYSTEM_INFO	CarMaker 14.0.1 - Car_Generic #5	jetbrains@05dcd26e64f8 2025-01-28 11:06:46	(14.0.1 jetbrains@05dcd26e64f8 2025-01-28 10:45:59)
SIM	1748598831	DESKTOP-JF22MNE	User	day2_scenario2	0	62.612	483.761


SYSTEM_START	-	DESKTOP-JF22MNE	DESKTOP-JF22MNE	2025-05-30 19:00:01


SYSTEM_INFO	CarMaker 14.0.1 - Car_Generic #5	jetbrains@05dcd26e64f8 2025-01-28 11:06:46	(14.0.1 jetbrains@05dcd26e64f8 2025-01-28 10:45:59)
SIM	1748599201	DESKTOP-JF22MNE	User	day2_scenario3	0	8.335	88.4258


SYSTEM_START	-	DESKTOP-JF22MNE	DESKTOP-JF22MNE	2025-05-30 19:00:15


SYSTEM_INFO	CarMaker 14.0.1 - Car_Generic #5	jetbrains@05dcd26e64f8 2025-01-28 11:06:46	(14.0.1 jetbrains@05dcd26e64f8 2025-01-28 10:45:59)
SIM	1748599216	DESKTOP-JF22MNE	User	day2_scenario3	0	51.808	495.327


SYSTEM_START	-	DESKTOP-JF22MNE	DESKTOP-JF22MNE	2025-05-30 19:01:14


SYSTEM_INFO	CarMaker 14.0.1 - Car_Generic #5	jetbrains@05dcd26e64f8 2025-01-28 11:06:46	(14.0.1 jetbrains@05dcd26e64f8 2025-01-28 10:45:59)
SIM	1748599274	DESKTOP-JF22MNE	User	day2_scenario3	0	50.931	495.327


SYSTEM_START	-	DESKTOP-JF22MNE	DESKTOP-JF22MNE	2025-05-30 19:05:57


SYSTEM_INFO	CarMaker 14.0.1 - Car_Generic #5	jetbrains@05dcd26e64f8 2025-01-28 11:06:46	(14.0.1 jetbrains@05dcd26e64f8 2025-01-28 10:45:59)
SIM	1748599557	DESKTOP-JF22MNE	User	day2_scenario4	1	1.921	20.4485


SYSTEM_START	-	DESKTOP-JF22MNE	DESKTOP-JF22MNE	2025-05-30 19:06:10


SYSTEM_INFO	CarMaker 14.0.1 - Car_Generic #5	jetbrains@05dcd26e64f8 2025-01-28 11:06:46	(14.0.1 jetbrains@05dcd26e64f8 2025-01-28 10:45:59)
SIM	1748599570	DESKTOP-JF22MNE	User	day2_scenario4	1	1.921	20.4485


SYSTEM_START	-	DESKTOP-JF22MNE	DESKTOP-JF22MNE	2025-05-30 19:06:25


SYSTEM_INFO	CarMaker 14.0.1 - Car_Generic #5	jetbrains@05dcd26e64f8 2025-01-28 11:06:46	(14.0.1 jetbrains@05dcd26e64f8 2025-01-28 10:45:59)
SIM	1748599585	DESKTOP-JF22MNE	User	day2_scenario5	0	45.095	625.518
